
<!DOCTYPE html>
<html>


<head>
	<meta charset='utf-8' /> 
	<meta name='description' content='' />
	<meta name='robots' content='noodp, noydir' />
	<meta name='viewport' content='width=device-width, initial-scale=1' />
	<meta id="timeStampFormat" name="timeStampFormat" content='MMM d, yyyy hh:mm:ss a'/>
	
	<link href='https://fonts.googleapis.com/css?family=Source+Sans+Pro:400,600' rel='stylesheet' type='text/css' />
	<link href="https://fonts.googleapis.com/icon?family=Material+Icons" rel="stylesheet" />

		<link href='https://cdn.rawgit.com/anshooarora/extentreports-java/b4a58fcfd1e137bd9287244035a7c80d3d73b3af/dist/css/extent.css' type='text/css' rel='stylesheet' />
	
	<title>Automation Testing Report</title>

	<style type='text/css'>
	</style>
</head>

	<body class='extent dark default hide-overflow '>
		<div id='theme-selector' alt='Click to toggle theme. To enable by default, use theme configuration.' title='Click to toggle theme. To enable by default, use theme configuration.'>
			<span><i class='material-icons'>desktop_windows</i></span>
		</div>

<nav>
	<div class="nav-wrapper">
		<a href="#!" class="brand-logo blue darken-3">Extent</a>

		<!-- slideout menu -->
		<ul id='slide-out' class='side-nav fixed hide-on-med-and-down'>
			<li class='waves-effect active'><a href='#!' view='test-view' onclick="configureView(0);chartsView('test');"><i class='material-icons'>dashboard</i></a></li>
						<li class='waves-effect'><a href='#!' view='exception-view' onclick="configureView(2)"><i class='material-icons'>bug_report</i></a></li>
			<li class='waves-effect'><a href='#!' onclick="configureView(-1);chartsView('dashboard');" view='dashboard-view'><i class='material-icons'>track_changes</i></i></a></li>
		</ul>

		<!-- report name -->
		<span class='report-name'>CRM Report</span>
		
		<!-- report headline -->
		<span class='report-headline'></span>

		<!-- nav-right -->
		<ul id='nav-mobile' class='right hide-on-med-and-down nav-right'>
			<li>
                <a href='#!'>
                    <span class='label suite-start-time blue darken-3'>Apr 23, 2022 09:17:58 AM</span>
				</a>
			</li>
			<li>
                <a href='#!'>
                    <span class='label blue darken-3'>3.1.5</span>
				</a>
			</li>
		</ul>
	</div>
</nav>

		<!-- container -->
		<div class='container'>

<div id='test-view' class='view'>
				
	<section id='controls'>
		<div class='controls grey lighten-4'>
			<!-- test toggle -->
			<div class='chip transparent'>
				<a class='dropdown-button tests-toggle' data-activates='tests-toggle' data-constrainwidth='true' data-beloworigin='true' data-hover='true' href='#'>
					<i class='material-icons'>warning</i> Status
				</a>
				<ul id='tests-toggle' class='dropdown-content'>
											<li status='pass'><a href='#!'>Pass <i class='material-icons green-text'>check_circle</i></a></li>
						<li status='fail'><a href='#!'>Fail <i class='material-icons red-text'>cancel</i></a></li>
					<li class='divider'></li>
					<li status='clear' clear='true'><a href='#!'>Clear Filters <i class='material-icons'>clear</i></a></li>
				</ul>
			</div>
			<!-- test toggle -->

			<!-- category toggle -->
			<!-- category toggle -->

			<!-- clear filters -->
			<div class='chip transparent hide'>
				<a class='' id='clear-filters' alt='Clear Filters' title='Clear Filters'>
					<i class='material-icons'>close</i> Clear
				</a>
			</div>
			<!-- clear filters -->

			<!-- enable dashboard -->
			<div id='toggle-test-view-charts' class='chip transparent'>
				<a class='pink-text' id='enable-dashboard' alt='Enable Dashboard' title='Enable Dashboard'>
					<i class='material-icons'>track_changes</i> Dashboard
				</a>
			</div>
			<!-- enable dashboard -->

			<!-- search -->
			<div class='chip transparent' alt='Search Tests' title='Search Tests'>
				<a href="#" class='search-div'>
					<i class='material-icons'>search</i> Search
				</a>

				<div class='input-field left hide'>
					<input id='search-tests' type='text' class='validate browser-default' placeholder='Search Tests...'>
				</div>
				
			</div>
			<!-- search -->
		</div>
	</section>


<div id='test-view-charts' class='subview-full'>
	<div id='charts-row' class='row nm-v nm-h'>
		<div class='col s12 m6 l6 np-h'>
			<div class='card-panel nm-v'>
				<div class='left panel-name'>Tests</div>
				<div class='chart-box'>
					<canvas id='parent-analysis' width='100' height='80'></canvas>
				</div>
				<div class='block text-small'>
					<span class='tooltipped' data-position='top' data-tooltip='93.939%'><span class='strong'>31</span> test(s) passed</span>
				</div>
				<div class='block text-small'>
					<span class='strong tooltipped' data-position='top' data-tooltip='6.061%'>2</span> test(s) failed, <span class='strong tooltipped' data-position='top' data-tooltip='0%'>0</span> others
				</div>
			</div>
		</div>
		
		<div class='col s12 m6 l6 np-h'>
			<div class='card-panel nm-v'>
				<div class='left panel-name'>Steps</div>
				<div class='chart-box'>
					<canvas id='child-analysis' width='100' height='80'></canvas>
				</div>
				<div class='block text-small'>
					<span class='tooltipped' data-position='top' data-tooltip='95.745%'><span class='strong'>90</span> step(s) passed</span>
				</div>
				<div class='block text-small'>
					<span class='strong tooltipped' data-position='top' data-tooltip='4.255%'>4</span> step(s) failed, <span class='strong tooltipped' data-position='top' data-tooltip='0%'>0</span> others
				</div>
			</div>
		</div>
		
	</div>
</div>

	<div class='subview-left left'>
		
		<div class='view-summary'>
			<h5>Tests</h5>
			<ul id='test-collection' class='test-collection'>
				
				
				<li class='test displayed active  pass' status='pass' bdd='false' test-id='1'>
					<div class='test-heading'>
						<span class='test-name'>LoginIdaho</span>
						<span class='test-time'>Apr 23, 2022 09:18:10 AM</span>
						<span class='test-status right pass'>pass</span>
					</div>
					<div class='test-content hide'>
<div class='test-time-info'>
	<span class='label start-time'>Apr 23, 2022 09:18:10 AM</span>
	<span class='label end-time'>Apr 23, 2022 09:18:10 AM</span>
	<span class='label time-taken grey lighten-1 white-text'>0h 0m 0s+0ms</span>
</div>
					</div>
				</li>
				
				
				<li class='test displayed active  pass' status='pass' bdd='false' test-id='2'>
					<div class='test-heading'>
						<span class='test-name'>LoginIdaho</span>
						<span class='test-time'>Apr 23, 2022 09:18:11 AM</span>
						<span class='test-status right pass'>pass</span>
					</div>
					<div class='test-content hide'>
<div class='test-time-info'>
	<span class='label start-time'>Apr 23, 2022 09:18:11 AM</span>
	<span class='label end-time'>Apr 23, 2022 09:18:17 AM</span>
	<span class='label time-taken grey lighten-1 white-text'>0h 0m 6s+13ms</span>
</div>
	<div class='test-steps'>
		<table class='bordered table-results'>
			<thead>
				<tr>
					<th>Status</th>
					<th>Timestamp</th>
					<th>Details</th>
				</tr>
			</thead>
			<tbody>
				<tr class='log' status='pass'>
					<td class='status pass' title='pass' alt='pass'><i class='material-icons'>check_circle</i></td>
					<td class='timestamp'>9:18:17 AM</td>
					<td class='step-details'></td>
				</tr>
				<tr class='log' status='pass'>
					<td class='status pass' title='pass' alt='pass'><i class='material-icons'>check_circle</i></td>
					<td class='timestamp'>9:18:17 AM</td>
					<td class='step-details'><span class='label white-text green'>LoginIdaho Test Case is Passed</span></td>
				</tr>
				<tr class='log' status='pass'>
					<td class='status pass' title='pass' alt='pass'><i class='material-icons'>check_circle</i></td>
					<td class='timestamp'>9:18:17 AM</td>
					<td class='step-details'>Please see attached screenshot</td>
				</tr>
			</tbody>
		</table>
	</div>
							<ul class='screenshots'>
								<li><img data-featherlight='C:/Users/Bakhtawar.Nazir/eclipse/CRM_ORDERS/Screenshot/LoginIdaho.jpg' width='10%' src='C:/Users/Bakhtawar.Nazir/eclipse/CRM_ORDERS/Screenshot/LoginIdaho.jpg' data-src='C:/Users/Bakhtawar.Nazir/eclipse/CRM_ORDERS/Screenshot/LoginIdaho.jpg'></li>
							</ul>
					</div>
				</li>
				
				
				<li class='test displayed active  pass' status='pass' bdd='false' test-id='3'>
					<div class='test-heading'>
						<span class='test-name'>VerifyOrdersDomain</span>
						<span class='test-time'>Apr 23, 2022 09:18:25 AM</span>
						<span class='test-status right pass'>pass</span>
					</div>
					<div class='test-content hide'>
<div class='test-time-info'>
	<span class='label start-time'>Apr 23, 2022 09:18:25 AM</span>
	<span class='label end-time'>Apr 23, 2022 09:18:45 AM</span>
	<span class='label time-taken grey lighten-1 white-text'>0h 0m 20s+149ms</span>
</div>
	<div class='test-steps'>
		<table class='bordered table-results'>
			<thead>
				<tr>
					<th>Status</th>
					<th>Timestamp</th>
					<th>Details</th>
				</tr>
			</thead>
			<tbody>
				<tr class='log' status='pass'>
					<td class='status pass' title='pass' alt='pass'><i class='material-icons'>check_circle</i></td>
					<td class='timestamp'>9:18:45 AM</td>
					<td class='step-details'></td>
				</tr>
				<tr class='log' status='pass'>
					<td class='status pass' title='pass' alt='pass'><i class='material-icons'>check_circle</i></td>
					<td class='timestamp'>9:18:45 AM</td>
					<td class='step-details'><span class='label white-text green'>VerifyOrdersDomain Test Case is Passed</span></td>
				</tr>
				<tr class='log' status='pass'>
					<td class='status pass' title='pass' alt='pass'><i class='material-icons'>check_circle</i></td>
					<td class='timestamp'>9:18:45 AM</td>
					<td class='step-details'>Please see attached screenshot</td>
				</tr>
			</tbody>
		</table>
	</div>
							<ul class='screenshots'>
								<li><img data-featherlight='C:/Users/Bakhtawar.Nazir/eclipse/CRM_ORDERS/Screenshot/VerifyOrdersDomain.jpg' width='10%' src='C:/Users/Bakhtawar.Nazir/eclipse/CRM_ORDERS/Screenshot/VerifyOrdersDomain.jpg' data-src='C:/Users/Bakhtawar.Nazir/eclipse/CRM_ORDERS/Screenshot/VerifyOrdersDomain.jpg'></li>
							</ul>
					</div>
				</li>
				
				
				<li class='test displayed active  pass' status='pass' bdd='false' test-id='4'>
					<div class='test-heading'>
						<span class='test-name'>CreateDefaultTask</span>
						<span class='test-time'>Apr 23, 2022 09:18:49 AM</span>
						<span class='test-status right pass'>pass</span>
					</div>
					<div class='test-content hide'>
<div class='test-time-info'>
	<span class='label start-time'>Apr 23, 2022 09:18:49 AM</span>
	<span class='label end-time'>Apr 23, 2022 09:19:22 AM</span>
	<span class='label time-taken grey lighten-1 white-text'>0h 0m 32s+970ms</span>
</div>
	<div class='test-steps'>
		<table class='bordered table-results'>
			<thead>
				<tr>
					<th>Status</th>
					<th>Timestamp</th>
					<th>Details</th>
				</tr>
			</thead>
			<tbody>
				<tr class='log' status='pass'>
					<td class='status pass' title='pass' alt='pass'><i class='material-icons'>check_circle</i></td>
					<td class='timestamp'>9:19:22 AM</td>
					<td class='step-details'></td>
				</tr>
				<tr class='log' status='pass'>
					<td class='status pass' title='pass' alt='pass'><i class='material-icons'>check_circle</i></td>
					<td class='timestamp'>9:19:22 AM</td>
					<td class='step-details'><span class='label white-text green'>CreateDefaultTask Test Case is Passed</span></td>
				</tr>
				<tr class='log' status='pass'>
					<td class='status pass' title='pass' alt='pass'><i class='material-icons'>check_circle</i></td>
					<td class='timestamp'>9:19:22 AM</td>
					<td class='step-details'>Please see attached screenshot</td>
				</tr>
				<tr class='log' status='pass'>
					<td class='status pass' title='pass' alt='pass'><i class='material-icons'>check_circle</i></td>
					<td class='timestamp'>9:19:22 AM</td>
					<td class='step-details'></td>
				</tr>
				<tr class='log' status='pass'>
					<td class='status pass' title='pass' alt='pass'><i class='material-icons'>check_circle</i></td>
					<td class='timestamp'>9:19:22 AM</td>
					<td class='step-details'><span class='label white-text green'>AddNotesFromTaskDetailPage Test Case is Passed</span></td>
				</tr>
				<tr class='log' status='pass'>
					<td class='status pass' title='pass' alt='pass'><i class='material-icons'>check_circle</i></td>
					<td class='timestamp'>9:19:22 AM</td>
					<td class='step-details'>Please see attached screenshot</td>
				</tr>
			</tbody>
		</table>
	</div>
							<ul class='screenshots'>
								<li><img data-featherlight='C:/Users/Bakhtawar.Nazir/eclipse/CRM_ORDERS/Screenshot/CreateDefaultTask.jpg' width='10%' src='C:/Users/Bakhtawar.Nazir/eclipse/CRM_ORDERS/Screenshot/CreateDefaultTask.jpg' data-src='C:/Users/Bakhtawar.Nazir/eclipse/CRM_ORDERS/Screenshot/CreateDefaultTask.jpg'></li>
								<li><img data-featherlight='C:/Users/Bakhtawar.Nazir/eclipse/CRM_ORDERS/Screenshot/AddNotesFromTaskDetailPage.jpg' width='10%' src='C:/Users/Bakhtawar.Nazir/eclipse/CRM_ORDERS/Screenshot/AddNotesFromTaskDetailPage.jpg' data-src='C:/Users/Bakhtawar.Nazir/eclipse/CRM_ORDERS/Screenshot/AddNotesFromTaskDetailPage.jpg'></li>
							</ul>
					</div>
				</li>
				
				
				<li class='test displayed active  pass' status='pass' bdd='false' test-id='5'>
					<div class='test-heading'>
						<span class='test-name'>CreateCustomerCompany</span>
						<span class='test-time'>Apr 23, 2022 09:19:39 AM</span>
						<span class='test-status right pass'>pass</span>
					</div>
					<div class='test-content hide'>
<div class='test-time-info'>
	<span class='label start-time'>Apr 23, 2022 09:19:39 AM</span>
	<span class='label end-time'>Apr 23, 2022 09:20:47 AM</span>
	<span class='label time-taken grey lighten-1 white-text'>0h 1m 8s+604ms</span>
</div>
	<div class='test-steps'>
		<table class='bordered table-results'>
			<thead>
				<tr>
					<th>Status</th>
					<th>Timestamp</th>
					<th>Details</th>
				</tr>
			</thead>
			<tbody>
				<tr class='log' status='pass'>
					<td class='status pass' title='pass' alt='pass'><i class='material-icons'>check_circle</i></td>
					<td class='timestamp'>9:20:47 AM</td>
					<td class='step-details'></td>
				</tr>
				<tr class='log' status='pass'>
					<td class='status pass' title='pass' alt='pass'><i class='material-icons'>check_circle</i></td>
					<td class='timestamp'>9:20:47 AM</td>
					<td class='step-details'><span class='label white-text green'>CreateCustomerCompany Test Case is Passed</span></td>
				</tr>
				<tr class='log' status='pass'>
					<td class='status pass' title='pass' alt='pass'><i class='material-icons'>check_circle</i></td>
					<td class='timestamp'>9:20:47 AM</td>
					<td class='step-details'>Please see attached screenshot</td>
				</tr>
			</tbody>
		</table>
	</div>
							<ul class='screenshots'>
								<li><img data-featherlight='C:/Users/Bakhtawar.Nazir/eclipse/CRM_ORDERS/Screenshot/CreateCustomerCompany.jpg' width='10%' src='C:/Users/Bakhtawar.Nazir/eclipse/CRM_ORDERS/Screenshot/CreateCustomerCompany.jpg' data-src='C:/Users/Bakhtawar.Nazir/eclipse/CRM_ORDERS/Screenshot/CreateCustomerCompany.jpg'></li>
							</ul>
					</div>
				</li>
				
				
				<li class='test displayed active  pass' status='pass' bdd='false' test-id='6'>
					<div class='test-heading'>
						<span class='test-name'>DataCreate_PrimaryContactSelection_CreateContactUnderCompany</span>
						<span class='test-time'>Apr 23, 2022 09:20:52 AM</span>
						<span class='test-status right pass'>pass</span>
					</div>
					<div class='test-content hide'>
<div class='test-time-info'>
	<span class='label start-time'>Apr 23, 2022 09:20:52 AM</span>
	<span class='label end-time'>Apr 23, 2022 09:21:23 AM</span>
	<span class='label time-taken grey lighten-1 white-text'>0h 0m 30s+582ms</span>
</div>
	<div class='test-steps'>
		<table class='bordered table-results'>
			<thead>
				<tr>
					<th>Status</th>
					<th>Timestamp</th>
					<th>Details</th>
				</tr>
			</thead>
			<tbody>
				<tr class='log' status='pass'>
					<td class='status pass' title='pass' alt='pass'><i class='material-icons'>check_circle</i></td>
					<td class='timestamp'>9:21:23 AM</td>
					<td class='step-details'></td>
				</tr>
				<tr class='log' status='pass'>
					<td class='status pass' title='pass' alt='pass'><i class='material-icons'>check_circle</i></td>
					<td class='timestamp'>9:21:23 AM</td>
					<td class='step-details'><span class='label white-text green'>DataCreate_PrimaryContactSelection_CreateContactUnderCompany Test Case is Passed</span></td>
				</tr>
				<tr class='log' status='pass'>
					<td class='status pass' title='pass' alt='pass'><i class='material-icons'>check_circle</i></td>
					<td class='timestamp'>9:21:23 AM</td>
					<td class='step-details'>Please see attached screenshot</td>
				</tr>
			</tbody>
		</table>
	</div>
							<ul class='screenshots'>
								<li><img data-featherlight='C:/Users/Bakhtawar.Nazir/eclipse/CRM_ORDERS/Screenshot/DataCreate_PrimaryContactSelection_CreateContactUnderCompany.jpg' width='10%' src='C:/Users/Bakhtawar.Nazir/eclipse/CRM_ORDERS/Screenshot/DataCreate_PrimaryContactSelection_CreateContactUnderCompany.jpg' data-src='C:/Users/Bakhtawar.Nazir/eclipse/CRM_ORDERS/Screenshot/DataCreate_PrimaryContactSelection_CreateContactUnderCompany.jpg'></li>
							</ul>
					</div>
				</li>
				
				
				<li class='test displayed active  pass' status='pass' bdd='false' test-id='7'>
					<div class='test-heading'>
						<span class='test-name'>DataCreate_PrimaryContactSelection_CreateContactBFromMain</span>
						<span class='test-time'>Apr 23, 2022 09:21:23 AM</span>
						<span class='test-status right pass'>pass</span>
					</div>
					<div class='test-content hide'>
<div class='test-time-info'>
	<span class='label start-time'>Apr 23, 2022 09:21:23 AM</span>
	<span class='label end-time'>Apr 23, 2022 09:21:43 AM</span>
	<span class='label time-taken grey lighten-1 white-text'>0h 0m 19s+311ms</span>
</div>
	<div class='test-steps'>
		<table class='bordered table-results'>
			<thead>
				<tr>
					<th>Status</th>
					<th>Timestamp</th>
					<th>Details</th>
				</tr>
			</thead>
			<tbody>
				<tr class='log' status='pass'>
					<td class='status pass' title='pass' alt='pass'><i class='material-icons'>check_circle</i></td>
					<td class='timestamp'>9:21:43 AM</td>
					<td class='step-details'></td>
				</tr>
				<tr class='log' status='pass'>
					<td class='status pass' title='pass' alt='pass'><i class='material-icons'>check_circle</i></td>
					<td class='timestamp'>9:21:43 AM</td>
					<td class='step-details'><span class='label white-text green'>DataCreate_PrimaryContactSelection_CreateContactBFromMain Test Case is Passed</span></td>
				</tr>
				<tr class='log' status='pass'>
					<td class='status pass' title='pass' alt='pass'><i class='material-icons'>check_circle</i></td>
					<td class='timestamp'>9:21:43 AM</td>
					<td class='step-details'>Please see attached screenshot</td>
				</tr>
			</tbody>
		</table>
	</div>
							<ul class='screenshots'>
								<li><img data-featherlight='C:/Users/Bakhtawar.Nazir/eclipse/CRM_ORDERS/Screenshot/DataCreate_PrimaryContactSelection_CreateContactBFromMain.jpg' width='10%' src='C:/Users/Bakhtawar.Nazir/eclipse/CRM_ORDERS/Screenshot/DataCreate_PrimaryContactSelection_CreateContactBFromMain.jpg' data-src='C:/Users/Bakhtawar.Nazir/eclipse/CRM_ORDERS/Screenshot/DataCreate_PrimaryContactSelection_CreateContactBFromMain.jpg'></li>
							</ul>
					</div>
				</li>
				
				
				<li class='test displayed active  pass' status='pass' bdd='false' test-id='8'>
					<div class='test-heading'>
						<span class='test-name'>_PrimaryContactSelection_ContactALinkedwithCompanyPrimaryAddress_MergewithContactB</span>
						<span class='test-time'>Apr 23, 2022 09:21:44 AM</span>
						<span class='test-status right pass'>pass</span>
					</div>
					<div class='test-content hide'>
<div class='test-time-info'>
	<span class='label start-time'>Apr 23, 2022 09:21:44 AM</span>
	<span class='label end-time'>Apr 23, 2022 09:22:18 AM</span>
	<span class='label time-taken grey lighten-1 white-text'>0h 0m 34s+265ms</span>
</div>
	<div class='test-steps'>
		<table class='bordered table-results'>
			<thead>
				<tr>
					<th>Status</th>
					<th>Timestamp</th>
					<th>Details</th>
				</tr>
			</thead>
			<tbody>
				<tr class='log' status='pass'>
					<td class='status pass' title='pass' alt='pass'><i class='material-icons'>check_circle</i></td>
					<td class='timestamp'>9:22:18 AM</td>
					<td class='step-details'></td>
				</tr>
				<tr class='log' status='pass'>
					<td class='status pass' title='pass' alt='pass'><i class='material-icons'>check_circle</i></td>
					<td class='timestamp'>9:22:18 AM</td>
					<td class='step-details'><span class='label white-text green'>_PrimaryContactSelection_ContactALinkedwithCompanyPrimaryAddress_MergewithContactB Test Case is Passed</span></td>
				</tr>
				<tr class='log' status='pass'>
					<td class='status pass' title='pass' alt='pass'><i class='material-icons'>check_circle</i></td>
					<td class='timestamp'>9:22:18 AM</td>
					<td class='step-details'>Please see attached screenshot</td>
				</tr>
			</tbody>
		</table>
	</div>
							<ul class='screenshots'>
								<li><img data-featherlight='C:/Users/Bakhtawar.Nazir/eclipse/CRM_ORDERS/Screenshot/_PrimaryContactSelection_ContactALinkedwithCompanyPrimaryAddress_MergewithContactB.jpg' width='10%' src='C:/Users/Bakhtawar.Nazir/eclipse/CRM_ORDERS/Screenshot/_PrimaryContactSelection_ContactALinkedwithCompanyPrimaryAddress_MergewithContactB.jpg' data-src='C:/Users/Bakhtawar.Nazir/eclipse/CRM_ORDERS/Screenshot/_PrimaryContactSelection_ContactALinkedwithCompanyPrimaryAddress_MergewithContactB.jpg'></li>
							</ul>
					</div>
				</li>
				
				
				<li class='test displayed active  pass' status='pass' bdd='false' test-id='9'>
					<div class='test-heading'>
						<span class='test-name'>_PrimaryContactSelection_VerifyCompanyPrimaryContacts_After_MergeContactB</span>
						<span class='test-time'>Apr 23, 2022 09:22:19 AM</span>
						<span class='test-status right pass'>pass</span>
					</div>
					<div class='test-content hide'>
<div class='test-time-info'>
	<span class='label start-time'>Apr 23, 2022 09:22:19 AM</span>
	<span class='label end-time'>Apr 23, 2022 09:22:24 AM</span>
	<span class='label time-taken grey lighten-1 white-text'>0h 0m 5s+285ms</span>
</div>
	<div class='test-steps'>
		<table class='bordered table-results'>
			<thead>
				<tr>
					<th>Status</th>
					<th>Timestamp</th>
					<th>Details</th>
				</tr>
			</thead>
			<tbody>
				<tr class='log' status='pass'>
					<td class='status pass' title='pass' alt='pass'><i class='material-icons'>check_circle</i></td>
					<td class='timestamp'>9:22:24 AM</td>
					<td class='step-details'></td>
				</tr>
				<tr class='log' status='pass'>
					<td class='status pass' title='pass' alt='pass'><i class='material-icons'>check_circle</i></td>
					<td class='timestamp'>9:22:24 AM</td>
					<td class='step-details'><span class='label white-text green'>_PrimaryContactSelection_VerifyCompanyPrimaryContacts_After_MergeContactB Test Case is Passed</span></td>
				</tr>
				<tr class='log' status='pass'>
					<td class='status pass' title='pass' alt='pass'><i class='material-icons'>check_circle</i></td>
					<td class='timestamp'>9:22:24 AM</td>
					<td class='step-details'>Please see attached screenshot</td>
				</tr>
			</tbody>
		</table>
	</div>
							<ul class='screenshots'>
								<li><img data-featherlight='C:/Users/Bakhtawar.Nazir/eclipse/CRM_ORDERS/Screenshot/_PrimaryContactSelection_VerifyCompanyPrimaryContacts_After_MergeContactB.jpg' width='10%' src='C:/Users/Bakhtawar.Nazir/eclipse/CRM_ORDERS/Screenshot/_PrimaryContactSelection_VerifyCompanyPrimaryContacts_After_MergeContactB.jpg' data-src='C:/Users/Bakhtawar.Nazir/eclipse/CRM_ORDERS/Screenshot/_PrimaryContactSelection_VerifyCompanyPrimaryContacts_After_MergeContactB.jpg'></li>
							</ul>
					</div>
				</li>
				
				
				<li class='test displayed active  pass' status='pass' bdd='false' test-id='10'>
					<div class='test-heading'>
						<span class='test-name'>VerifyCompanyPrimaryContacts_CreateOrder_FromMergeContactB</span>
						<span class='test-time'>Apr 23, 2022 09:22:25 AM</span>
						<span class='test-status right pass'>pass</span>
					</div>
					<div class='test-content hide'>
<div class='test-time-info'>
	<span class='label start-time'>Apr 23, 2022 09:22:25 AM</span>
	<span class='label end-time'>Apr 23, 2022 09:22:50 AM</span>
	<span class='label time-taken grey lighten-1 white-text'>0h 0m 25s+378ms</span>
</div>
	<div class='test-steps'>
		<table class='bordered table-results'>
			<thead>
				<tr>
					<th>Status</th>
					<th>Timestamp</th>
					<th>Details</th>
				</tr>
			</thead>
			<tbody>
				<tr class='log' status='pass'>
					<td class='status pass' title='pass' alt='pass'><i class='material-icons'>check_circle</i></td>
					<td class='timestamp'>9:22:50 AM</td>
					<td class='step-details'></td>
				</tr>
				<tr class='log' status='pass'>
					<td class='status pass' title='pass' alt='pass'><i class='material-icons'>check_circle</i></td>
					<td class='timestamp'>9:22:50 AM</td>
					<td class='step-details'><span class='label white-text green'>VerifyCompanyPrimaryContacts_CreateOrder_FromMergeContactB Test Case is Passed</span></td>
				</tr>
				<tr class='log' status='pass'>
					<td class='status pass' title='pass' alt='pass'><i class='material-icons'>check_circle</i></td>
					<td class='timestamp'>9:22:50 AM</td>
					<td class='step-details'>Please see attached screenshot</td>
				</tr>
			</tbody>
		</table>
	</div>
							<ul class='screenshots'>
								<li><img data-featherlight='C:/Users/Bakhtawar.Nazir/eclipse/CRM_ORDERS/Screenshot/VerifyCompanyPrimaryContacts_CreateOrder_FromMergeContactB.jpg' width='10%' src='C:/Users/Bakhtawar.Nazir/eclipse/CRM_ORDERS/Screenshot/VerifyCompanyPrimaryContacts_CreateOrder_FromMergeContactB.jpg' data-src='C:/Users/Bakhtawar.Nazir/eclipse/CRM_ORDERS/Screenshot/VerifyCompanyPrimaryContacts_CreateOrder_FromMergeContactB.jpg'></li>
							</ul>
					</div>
				</li>
				
				
				<li class='test displayed active  pass' status='pass' bdd='false' test-id='11'>
					<div class='test-heading'>
						<span class='test-name'>DataCreate_PrimaryContactSelection_CreateContactA_PrimaryData</span>
						<span class='test-time'>Apr 23, 2022 09:22:52 AM</span>
						<span class='test-status right pass'>pass</span>
					</div>
					<div class='test-content hide'>
<div class='test-time-info'>
	<span class='label start-time'>Apr 23, 2022 09:22:52 AM</span>
	<span class='label end-time'>Apr 23, 2022 09:23:52 AM</span>
	<span class='label time-taken grey lighten-1 white-text'>0h 0m 59s+865ms</span>
</div>
	<div class='test-steps'>
		<table class='bordered table-results'>
			<thead>
				<tr>
					<th>Status</th>
					<th>Timestamp</th>
					<th>Details</th>
				</tr>
			</thead>
			<tbody>
				<tr class='log' status='pass'>
					<td class='status pass' title='pass' alt='pass'><i class='material-icons'>check_circle</i></td>
					<td class='timestamp'>9:23:52 AM</td>
					<td class='step-details'></td>
				</tr>
				<tr class='log' status='pass'>
					<td class='status pass' title='pass' alt='pass'><i class='material-icons'>check_circle</i></td>
					<td class='timestamp'>9:23:52 AM</td>
					<td class='step-details'><span class='label white-text green'>DataCreate_PrimaryContactSelection_CreateContactA_PrimaryData Test Case is Passed</span></td>
				</tr>
				<tr class='log' status='pass'>
					<td class='status pass' title='pass' alt='pass'><i class='material-icons'>check_circle</i></td>
					<td class='timestamp'>9:23:52 AM</td>
					<td class='step-details'>Please see attached screenshot</td>
				</tr>
			</tbody>
		</table>
	</div>
							<ul class='screenshots'>
								<li><img data-featherlight='C:/Users/Bakhtawar.Nazir/eclipse/CRM_ORDERS/Screenshot/DataCreate_PrimaryContactSelection_CreateContactA_PrimaryData.jpg' width='10%' src='C:/Users/Bakhtawar.Nazir/eclipse/CRM_ORDERS/Screenshot/DataCreate_PrimaryContactSelection_CreateContactA_PrimaryData.jpg' data-src='C:/Users/Bakhtawar.Nazir/eclipse/CRM_ORDERS/Screenshot/DataCreate_PrimaryContactSelection_CreateContactA_PrimaryData.jpg'></li>
							</ul>
					</div>
				</li>
				
				
				<li class='test displayed active  pass' status='pass' bdd='false' test-id='12'>
					<div class='test-heading'>
						<span class='test-name'>DataCreate_PrimaryContactSelection_CreateContactB_NoPrimaryData</span>
						<span class='test-time'>Apr 23, 2022 09:23:52 AM</span>
						<span class='test-status right pass'>pass</span>
					</div>
					<div class='test-content hide'>
<div class='test-time-info'>
	<span class='label start-time'>Apr 23, 2022 09:23:52 AM</span>
	<span class='label end-time'>Apr 23, 2022 09:24:10 AM</span>
	<span class='label time-taken grey lighten-1 white-text'>0h 0m 17s+955ms</span>
</div>
	<div class='test-steps'>
		<table class='bordered table-results'>
			<thead>
				<tr>
					<th>Status</th>
					<th>Timestamp</th>
					<th>Details</th>
				</tr>
			</thead>
			<tbody>
				<tr class='log' status='pass'>
					<td class='status pass' title='pass' alt='pass'><i class='material-icons'>check_circle</i></td>
					<td class='timestamp'>9:24:10 AM</td>
					<td class='step-details'></td>
				</tr>
				<tr class='log' status='pass'>
					<td class='status pass' title='pass' alt='pass'><i class='material-icons'>check_circle</i></td>
					<td class='timestamp'>9:24:10 AM</td>
					<td class='step-details'><span class='label white-text green'>DataCreate_PrimaryContactSelection_CreateContactB_NoPrimaryData Test Case is Passed</span></td>
				</tr>
				<tr class='log' status='pass'>
					<td class='status pass' title='pass' alt='pass'><i class='material-icons'>check_circle</i></td>
					<td class='timestamp'>9:24:10 AM</td>
					<td class='step-details'>Please see attached screenshot</td>
				</tr>
			</tbody>
		</table>
	</div>
							<ul class='screenshots'>
								<li><img data-featherlight='C:/Users/Bakhtawar.Nazir/eclipse/CRM_ORDERS/Screenshot/DataCreate_PrimaryContactSelection_CreateContactB_NoPrimaryData.jpg' width='10%' src='C:/Users/Bakhtawar.Nazir/eclipse/CRM_ORDERS/Screenshot/DataCreate_PrimaryContactSelection_CreateContactB_NoPrimaryData.jpg' data-src='C:/Users/Bakhtawar.Nazir/eclipse/CRM_ORDERS/Screenshot/DataCreate_PrimaryContactSelection_CreateContactB_NoPrimaryData.jpg'></li>
							</ul>
					</div>
				</li>
				
				
				<li class='test displayed active  pass' status='pass' bdd='false' test-id='13'>
					<div class='test-heading'>
						<span class='test-name'>DataCreate_PrimaryContactSelection_MergeContactAWithPrimaryData_IntoContactB</span>
						<span class='test-time'>Apr 23, 2022 09:24:11 AM</span>
						<span class='test-status right pass'>pass</span>
					</div>
					<div class='test-content hide'>
<div class='test-time-info'>
	<span class='label start-time'>Apr 23, 2022 09:24:11 AM</span>
	<span class='label end-time'>Apr 23, 2022 09:24:37 AM</span>
	<span class='label time-taken grey lighten-1 white-text'>0h 0m 26s+31ms</span>
</div>
	<div class='test-steps'>
		<table class='bordered table-results'>
			<thead>
				<tr>
					<th>Status</th>
					<th>Timestamp</th>
					<th>Details</th>
				</tr>
			</thead>
			<tbody>
				<tr class='log' status='pass'>
					<td class='status pass' title='pass' alt='pass'><i class='material-icons'>check_circle</i></td>
					<td class='timestamp'>9:24:37 AM</td>
					<td class='step-details'></td>
				</tr>
				<tr class='log' status='pass'>
					<td class='status pass' title='pass' alt='pass'><i class='material-icons'>check_circle</i></td>
					<td class='timestamp'>9:24:37 AM</td>
					<td class='step-details'><span class='label white-text green'>DataCreate_PrimaryContactSelection_MergeContactAWithPrimaryData_IntoContactB Test Case is Passed</span></td>
				</tr>
				<tr class='log' status='pass'>
					<td class='status pass' title='pass' alt='pass'><i class='material-icons'>check_circle</i></td>
					<td class='timestamp'>9:24:37 AM</td>
					<td class='step-details'>Please see attached screenshot</td>
				</tr>
			</tbody>
		</table>
	</div>
							<ul class='screenshots'>
								<li><img data-featherlight='C:/Users/Bakhtawar.Nazir/eclipse/CRM_ORDERS/Screenshot/DataCreate_PrimaryContactSelection_MergeContactAWithPrimaryData_IntoContactB.jpg' width='10%' src='C:/Users/Bakhtawar.Nazir/eclipse/CRM_ORDERS/Screenshot/DataCreate_PrimaryContactSelection_MergeContactAWithPrimaryData_IntoContactB.jpg' data-src='C:/Users/Bakhtawar.Nazir/eclipse/CRM_ORDERS/Screenshot/DataCreate_PrimaryContactSelection_MergeContactAWithPrimaryData_IntoContactB.jpg'></li>
							</ul>
					</div>
				</li>
				
				
				<li class='test displayed active  pass' status='pass' bdd='false' test-id='14'>
					<div class='test-heading'>
						<span class='test-name'>VerifyContactPrimaryContent_MergeContactAIntoB</span>
						<span class='test-time'>Apr 23, 2022 09:24:37 AM</span>
						<span class='test-status right pass'>pass</span>
					</div>
					<div class='test-content hide'>
<div class='test-time-info'>
	<span class='label start-time'>Apr 23, 2022 09:24:37 AM</span>
	<span class='label end-time'>Apr 23, 2022 09:24:42 AM</span>
	<span class='label time-taken grey lighten-1 white-text'>0h 0m 4s+769ms</span>
</div>
	<div class='test-steps'>
		<table class='bordered table-results'>
			<thead>
				<tr>
					<th>Status</th>
					<th>Timestamp</th>
					<th>Details</th>
				</tr>
			</thead>
			<tbody>
				<tr class='log' status='pass'>
					<td class='status pass' title='pass' alt='pass'><i class='material-icons'>check_circle</i></td>
					<td class='timestamp'>9:24:42 AM</td>
					<td class='step-details'></td>
				</tr>
				<tr class='log' status='pass'>
					<td class='status pass' title='pass' alt='pass'><i class='material-icons'>check_circle</i></td>
					<td class='timestamp'>9:24:42 AM</td>
					<td class='step-details'><span class='label white-text green'>VerifyContactPrimaryContent_MergeContactAIntoB Test Case is Passed</span></td>
				</tr>
				<tr class='log' status='pass'>
					<td class='status pass' title='pass' alt='pass'><i class='material-icons'>check_circle</i></td>
					<td class='timestamp'>9:24:42 AM</td>
					<td class='step-details'>Please see attached screenshot</td>
				</tr>
			</tbody>
		</table>
	</div>
							<ul class='screenshots'>
								<li><img data-featherlight='C:/Users/Bakhtawar.Nazir/eclipse/CRM_ORDERS/Screenshot/VerifyContactPrimaryContent_MergeContactAIntoB.jpg' width='10%' src='C:/Users/Bakhtawar.Nazir/eclipse/CRM_ORDERS/Screenshot/VerifyContactPrimaryContent_MergeContactAIntoB.jpg' data-src='C:/Users/Bakhtawar.Nazir/eclipse/CRM_ORDERS/Screenshot/VerifyContactPrimaryContent_MergeContactAIntoB.jpg'></li>
							</ul>
					</div>
				</li>
				
				
				<li class='test displayed active  pass' status='pass' bdd='false' test-id='15'>
					<div class='test-heading'>
						<span class='test-name'>DataCreate_PrimaryContactSelectionCreateContactA_PrimaryData</span>
						<span class='test-time'>Apr 23, 2022 09:24:43 AM</span>
						<span class='test-status right pass'>pass</span>
					</div>
					<div class='test-content hide'>
<div class='test-time-info'>
	<span class='label start-time'>Apr 23, 2022 09:24:43 AM</span>
	<span class='label end-time'>Apr 23, 2022 09:25:27 AM</span>
	<span class='label time-taken grey lighten-1 white-text'>0h 0m 44s+199ms</span>
</div>
	<div class='test-steps'>
		<table class='bordered table-results'>
			<thead>
				<tr>
					<th>Status</th>
					<th>Timestamp</th>
					<th>Details</th>
				</tr>
			</thead>
			<tbody>
				<tr class='log' status='pass'>
					<td class='status pass' title='pass' alt='pass'><i class='material-icons'>check_circle</i></td>
					<td class='timestamp'>9:25:27 AM</td>
					<td class='step-details'></td>
				</tr>
				<tr class='log' status='pass'>
					<td class='status pass' title='pass' alt='pass'><i class='material-icons'>check_circle</i></td>
					<td class='timestamp'>9:25:27 AM</td>
					<td class='step-details'><span class='label white-text green'>DataCreate_PrimaryContactSelectionCreateContactA_PrimaryData Test Case is Passed</span></td>
				</tr>
				<tr class='log' status='pass'>
					<td class='status pass' title='pass' alt='pass'><i class='material-icons'>check_circle</i></td>
					<td class='timestamp'>9:25:27 AM</td>
					<td class='step-details'>Please see attached screenshot</td>
				</tr>
			</tbody>
		</table>
	</div>
							<ul class='screenshots'>
								<li><img data-featherlight='C:/Users/Bakhtawar.Nazir/eclipse/CRM_ORDERS/Screenshot/DataCreate_PrimaryContactSelectionCreateContactA_PrimaryData.jpg' width='10%' src='C:/Users/Bakhtawar.Nazir/eclipse/CRM_ORDERS/Screenshot/DataCreate_PrimaryContactSelectionCreateContactA_PrimaryData.jpg' data-src='C:/Users/Bakhtawar.Nazir/eclipse/CRM_ORDERS/Screenshot/DataCreate_PrimaryContactSelectionCreateContactA_PrimaryData.jpg'></li>
							</ul>
					</div>
				</li>
				
				
				<li class='test displayed active  pass' status='pass' bdd='false' test-id='16'>
					<div class='test-heading'>
						<span class='test-name'>DataCreate_PrimaryContactSelection_CreateContactB_PrimaryData</span>
						<span class='test-time'>Apr 23, 2022 09:25:27 AM</span>
						<span class='test-status right pass'>pass</span>
					</div>
					<div class='test-content hide'>
<div class='test-time-info'>
	<span class='label start-time'>Apr 23, 2022 09:25:27 AM</span>
	<span class='label end-time'>Apr 23, 2022 09:26:20 AM</span>
	<span class='label time-taken grey lighten-1 white-text'>0h 0m 52s+95ms</span>
</div>
	<div class='test-steps'>
		<table class='bordered table-results'>
			<thead>
				<tr>
					<th>Status</th>
					<th>Timestamp</th>
					<th>Details</th>
				</tr>
			</thead>
			<tbody>
				<tr class='log' status='pass'>
					<td class='status pass' title='pass' alt='pass'><i class='material-icons'>check_circle</i></td>
					<td class='timestamp'>9:26:20 AM</td>
					<td class='step-details'></td>
				</tr>
				<tr class='log' status='pass'>
					<td class='status pass' title='pass' alt='pass'><i class='material-icons'>check_circle</i></td>
					<td class='timestamp'>9:26:20 AM</td>
					<td class='step-details'><span class='label white-text green'>DataCreate_PrimaryContactSelection_CreateContactB_PrimaryData Test Case is Passed</span></td>
				</tr>
				<tr class='log' status='pass'>
					<td class='status pass' title='pass' alt='pass'><i class='material-icons'>check_circle</i></td>
					<td class='timestamp'>9:26:20 AM</td>
					<td class='step-details'>Please see attached screenshot</td>
				</tr>
			</tbody>
		</table>
	</div>
							<ul class='screenshots'>
								<li><img data-featherlight='C:/Users/Bakhtawar.Nazir/eclipse/CRM_ORDERS/Screenshot/DataCreate_PrimaryContactSelection_CreateContactB_PrimaryData.jpg' width='10%' src='C:/Users/Bakhtawar.Nazir/eclipse/CRM_ORDERS/Screenshot/DataCreate_PrimaryContactSelection_CreateContactB_PrimaryData.jpg' data-src='C:/Users/Bakhtawar.Nazir/eclipse/CRM_ORDERS/Screenshot/DataCreate_PrimaryContactSelection_CreateContactB_PrimaryData.jpg'></li>
							</ul>
					</div>
				</li>
				
				
				<li class='test displayed active  pass' status='pass' bdd='false' test-id='17'>
					<div class='test-heading'>
						<span class='test-name'>MergeContactAWithPrimaryData_IntoContactBWithPrimaryData</span>
						<span class='test-time'>Apr 23, 2022 09:26:20 AM</span>
						<span class='test-status right pass'>pass</span>
					</div>
					<div class='test-content hide'>
<div class='test-time-info'>
	<span class='label start-time'>Apr 23, 2022 09:26:20 AM</span>
	<span class='label end-time'>Apr 23, 2022 09:26:43 AM</span>
	<span class='label time-taken grey lighten-1 white-text'>0h 0m 22s+527ms</span>
</div>
	<div class='test-steps'>
		<table class='bordered table-results'>
			<thead>
				<tr>
					<th>Status</th>
					<th>Timestamp</th>
					<th>Details</th>
				</tr>
			</thead>
			<tbody>
				<tr class='log' status='pass'>
					<td class='status pass' title='pass' alt='pass'><i class='material-icons'>check_circle</i></td>
					<td class='timestamp'>9:26:43 AM</td>
					<td class='step-details'></td>
				</tr>
				<tr class='log' status='pass'>
					<td class='status pass' title='pass' alt='pass'><i class='material-icons'>check_circle</i></td>
					<td class='timestamp'>9:26:43 AM</td>
					<td class='step-details'><span class='label white-text green'>MergeContactAWithPrimaryData_IntoContactBWithPrimaryData Test Case is Passed</span></td>
				</tr>
				<tr class='log' status='pass'>
					<td class='status pass' title='pass' alt='pass'><i class='material-icons'>check_circle</i></td>
					<td class='timestamp'>9:26:43 AM</td>
					<td class='step-details'>Please see attached screenshot</td>
				</tr>
			</tbody>
		</table>
	</div>
							<ul class='screenshots'>
								<li><img data-featherlight='C:/Users/Bakhtawar.Nazir/eclipse/CRM_ORDERS/Screenshot/MergeContactAWithPrimaryData_IntoContactBWithPrimaryData.jpg' width='10%' src='C:/Users/Bakhtawar.Nazir/eclipse/CRM_ORDERS/Screenshot/MergeContactAWithPrimaryData_IntoContactBWithPrimaryData.jpg' data-src='C:/Users/Bakhtawar.Nazir/eclipse/CRM_ORDERS/Screenshot/MergeContactAWithPrimaryData_IntoContactBWithPrimaryData.jpg'></li>
							</ul>
					</div>
				</li>
				
				
				<li class='test displayed active  pass' status='pass' bdd='false' test-id='18'>
					<div class='test-heading'>
						<span class='test-name'>VerifyContactPrimaryContent_MergeContactAIntoB_BothHavePrimaryContact</span>
						<span class='test-time'>Apr 23, 2022 09:26:43 AM</span>
						<span class='test-status right pass'>pass</span>
					</div>
					<div class='test-content hide'>
<div class='test-time-info'>
	<span class='label start-time'>Apr 23, 2022 09:26:43 AM</span>
	<span class='label end-time'>Apr 23, 2022 09:26:48 AM</span>
	<span class='label time-taken grey lighten-1 white-text'>0h 0m 4s+703ms</span>
</div>
	<div class='test-steps'>
		<table class='bordered table-results'>
			<thead>
				<tr>
					<th>Status</th>
					<th>Timestamp</th>
					<th>Details</th>
				</tr>
			</thead>
			<tbody>
				<tr class='log' status='pass'>
					<td class='status pass' title='pass' alt='pass'><i class='material-icons'>check_circle</i></td>
					<td class='timestamp'>9:26:48 AM</td>
					<td class='step-details'></td>
				</tr>
				<tr class='log' status='pass'>
					<td class='status pass' title='pass' alt='pass'><i class='material-icons'>check_circle</i></td>
					<td class='timestamp'>9:26:48 AM</td>
					<td class='step-details'><span class='label white-text green'>VerifyContactPrimaryContent_MergeContactAIntoB_BothHavePrimaryContact Test Case is Passed</span></td>
				</tr>
				<tr class='log' status='pass'>
					<td class='status pass' title='pass' alt='pass'><i class='material-icons'>check_circle</i></td>
					<td class='timestamp'>9:26:48 AM</td>
					<td class='step-details'>Please see attached screenshot</td>
				</tr>
			</tbody>
		</table>
	</div>
							<ul class='screenshots'>
								<li><img data-featherlight='C:/Users/Bakhtawar.Nazir/eclipse/CRM_ORDERS/Screenshot/VerifyContactPrimaryContent_MergeContactAIntoB_BothHavePrimaryContact.jpg' width='10%' src='C:/Users/Bakhtawar.Nazir/eclipse/CRM_ORDERS/Screenshot/VerifyContactPrimaryContent_MergeContactAIntoB_BothHavePrimaryContact.jpg' data-src='C:/Users/Bakhtawar.Nazir/eclipse/CRM_ORDERS/Screenshot/VerifyContactPrimaryContent_MergeContactAIntoB_BothHavePrimaryContact.jpg'></li>
							</ul>
					</div>
				</li>
				
				
				<li class='test displayed active  pass' status='pass' bdd='false' test-id='19'>
					<div class='test-heading'>
						<span class='test-name'>VerifyState_Company</span>
						<span class='test-time'>Apr 23, 2022 09:27:04 AM</span>
						<span class='test-status right pass'>pass</span>
					</div>
					<div class='test-content hide'>
<div class='test-time-info'>
	<span class='label start-time'>Apr 23, 2022 09:27:04 AM</span>
	<span class='label end-time'>Apr 23, 2022 09:28:07 AM</span>
	<span class='label time-taken grey lighten-1 white-text'>0h 1m 3s+233ms</span>
</div>
	<div class='test-steps'>
		<table class='bordered table-results'>
			<thead>
				<tr>
					<th>Status</th>
					<th>Timestamp</th>
					<th>Details</th>
				</tr>
			</thead>
			<tbody>
				<tr class='log' status='pass'>
					<td class='status pass' title='pass' alt='pass'><i class='material-icons'>check_circle</i></td>
					<td class='timestamp'>9:28:07 AM</td>
					<td class='step-details'></td>
				</tr>
				<tr class='log' status='pass'>
					<td class='status pass' title='pass' alt='pass'><i class='material-icons'>check_circle</i></td>
					<td class='timestamp'>9:28:07 AM</td>
					<td class='step-details'><span class='label white-text green'>VerifyState_Company Test Case is Passed</span></td>
				</tr>
				<tr class='log' status='pass'>
					<td class='status pass' title='pass' alt='pass'><i class='material-icons'>check_circle</i></td>
					<td class='timestamp'>9:28:07 AM</td>
					<td class='step-details'>Please see attached screenshot</td>
				</tr>
			</tbody>
		</table>
	</div>
							<ul class='screenshots'>
								<li><img data-featherlight='C:/Users/Bakhtawar.Nazir/eclipse/CRM_ORDERS/Screenshot/VerifyState_Company.jpg' width='10%' src='C:/Users/Bakhtawar.Nazir/eclipse/CRM_ORDERS/Screenshot/VerifyState_Company.jpg' data-src='C:/Users/Bakhtawar.Nazir/eclipse/CRM_ORDERS/Screenshot/VerifyState_Company.jpg'></li>
							</ul>
					</div>
				</li>
				
				
				<li class='test displayed active  pass' status='pass' bdd='false' test-id='20'>
					<div class='test-heading'>
						<span class='test-name'>ValidateState_AddressBook_AddCompanyAddress</span>
						<span class='test-time'>Apr 23, 2022 09:28:07 AM</span>
						<span class='test-status right pass'>pass</span>
					</div>
					<div class='test-content hide'>
<div class='test-time-info'>
	<span class='label start-time'>Apr 23, 2022 09:28:07 AM</span>
	<span class='label end-time'>Apr 23, 2022 09:28:26 AM</span>
	<span class='label time-taken grey lighten-1 white-text'>0h 0m 18s+444ms</span>
</div>
	<div class='test-steps'>
		<table class='bordered table-results'>
			<thead>
				<tr>
					<th>Status</th>
					<th>Timestamp</th>
					<th>Details</th>
				</tr>
			</thead>
			<tbody>
				<tr class='log' status='pass'>
					<td class='status pass' title='pass' alt='pass'><i class='material-icons'>check_circle</i></td>
					<td class='timestamp'>9:28:26 AM</td>
					<td class='step-details'></td>
				</tr>
				<tr class='log' status='pass'>
					<td class='status pass' title='pass' alt='pass'><i class='material-icons'>check_circle</i></td>
					<td class='timestamp'>9:28:26 AM</td>
					<td class='step-details'><span class='label white-text green'>ValidateState_AddressBook_AddCompanyAddress Test Case is Passed</span></td>
				</tr>
				<tr class='log' status='pass'>
					<td class='status pass' title='pass' alt='pass'><i class='material-icons'>check_circle</i></td>
					<td class='timestamp'>9:28:26 AM</td>
					<td class='step-details'>Please see attached screenshot</td>
				</tr>
			</tbody>
		</table>
	</div>
							<ul class='screenshots'>
								<li><img data-featherlight='C:/Users/Bakhtawar.Nazir/eclipse/CRM_ORDERS/Screenshot/ValidateState_AddressBook_AddCompanyAddress.jpg' width='10%' src='C:/Users/Bakhtawar.Nazir/eclipse/CRM_ORDERS/Screenshot/ValidateState_AddressBook_AddCompanyAddress.jpg' data-src='C:/Users/Bakhtawar.Nazir/eclipse/CRM_ORDERS/Screenshot/ValidateState_AddressBook_AddCompanyAddress.jpg'></li>
							</ul>
					</div>
				</li>
				
				
				<li class='test displayed active  pass' status='pass' bdd='false' test-id='21'>
					<div class='test-heading'>
						<span class='test-name'>ValidateState_CreateCompanyWhileCreatingOrder</span>
						<span class='test-time'>Apr 23, 2022 09:28:26 AM</span>
						<span class='test-status right pass'>pass</span>
					</div>
					<div class='test-content hide'>
<div class='test-time-info'>
	<span class='label start-time'>Apr 23, 2022 09:28:26 AM</span>
	<span class='label end-time'>Apr 23, 2022 09:29:41 AM</span>
	<span class='label time-taken grey lighten-1 white-text'>0h 1m 14s+701ms</span>
</div>
	<div class='test-steps'>
		<table class='bordered table-results'>
			<thead>
				<tr>
					<th>Status</th>
					<th>Timestamp</th>
					<th>Details</th>
				</tr>
			</thead>
			<tbody>
				<tr class='log' status='pass'>
					<td class='status pass' title='pass' alt='pass'><i class='material-icons'>check_circle</i></td>
					<td class='timestamp'>9:29:41 AM</td>
					<td class='step-details'></td>
				</tr>
				<tr class='log' status='pass'>
					<td class='status pass' title='pass' alt='pass'><i class='material-icons'>check_circle</i></td>
					<td class='timestamp'>9:29:41 AM</td>
					<td class='step-details'><span class='label white-text green'>ValidateState_CreateCompanyWhileCreatingOrder Test Case is Passed</span></td>
				</tr>
				<tr class='log' status='pass'>
					<td class='status pass' title='pass' alt='pass'><i class='material-icons'>check_circle</i></td>
					<td class='timestamp'>9:29:41 AM</td>
					<td class='step-details'>Please see attached screenshot</td>
				</tr>
			</tbody>
		</table>
	</div>
							<ul class='screenshots'>
								<li><img data-featherlight='C:/Users/Bakhtawar.Nazir/eclipse/CRM_ORDERS/Screenshot/ValidateState_CreateCompanyWhileCreatingOrder.jpg' width='10%' src='C:/Users/Bakhtawar.Nazir/eclipse/CRM_ORDERS/Screenshot/ValidateState_CreateCompanyWhileCreatingOrder.jpg' data-src='C:/Users/Bakhtawar.Nazir/eclipse/CRM_ORDERS/Screenshot/ValidateState_CreateCompanyWhileCreatingOrder.jpg'></li>
							</ul>
					</div>
				</li>
				
				
				<li class='test displayed active  pass' status='pass' bdd='false' test-id='22'>
					<div class='test-heading'>
						<span class='test-name'>VerifyState_Contact</span>
						<span class='test-time'>Apr 23, 2022 09:29:41 AM</span>
						<span class='test-status right pass'>pass</span>
					</div>
					<div class='test-content hide'>
<div class='test-time-info'>
	<span class='label start-time'>Apr 23, 2022 09:29:41 AM</span>
	<span class='label end-time'>Apr 23, 2022 09:30:16 AM</span>
	<span class='label time-taken grey lighten-1 white-text'>0h 0m 34s+579ms</span>
</div>
	<div class='test-steps'>
		<table class='bordered table-results'>
			<thead>
				<tr>
					<th>Status</th>
					<th>Timestamp</th>
					<th>Details</th>
				</tr>
			</thead>
			<tbody>
				<tr class='log' status='pass'>
					<td class='status pass' title='pass' alt='pass'><i class='material-icons'>check_circle</i></td>
					<td class='timestamp'>9:30:16 AM</td>
					<td class='step-details'></td>
				</tr>
				<tr class='log' status='pass'>
					<td class='status pass' title='pass' alt='pass'><i class='material-icons'>check_circle</i></td>
					<td class='timestamp'>9:30:16 AM</td>
					<td class='step-details'><span class='label white-text green'>VerifyState_Contact Test Case is Passed</span></td>
				</tr>
				<tr class='log' status='pass'>
					<td class='status pass' title='pass' alt='pass'><i class='material-icons'>check_circle</i></td>
					<td class='timestamp'>9:30:16 AM</td>
					<td class='step-details'>Please see attached screenshot</td>
				</tr>
			</tbody>
		</table>
	</div>
							<ul class='screenshots'>
								<li><img data-featherlight='C:/Users/Bakhtawar.Nazir/eclipse/CRM_ORDERS/Screenshot/VerifyState_Contact.jpg' width='10%' src='C:/Users/Bakhtawar.Nazir/eclipse/CRM_ORDERS/Screenshot/VerifyState_Contact.jpg' data-src='C:/Users/Bakhtawar.Nazir/eclipse/CRM_ORDERS/Screenshot/VerifyState_Contact.jpg'></li>
							</ul>
					</div>
				</li>
				
				
				<li class='test displayed active  pass' status='pass' bdd='false' test-id='23'>
					<div class='test-heading'>
						<span class='test-name'>ValidateState_AddressBook_AddContactAddress</span>
						<span class='test-time'>Apr 23, 2022 09:30:16 AM</span>
						<span class='test-status right pass'>pass</span>
					</div>
					<div class='test-content hide'>
<div class='test-time-info'>
	<span class='label start-time'>Apr 23, 2022 09:30:16 AM</span>
	<span class='label end-time'>Apr 23, 2022 09:30:28 AM</span>
	<span class='label time-taken grey lighten-1 white-text'>0h 0m 11s+780ms</span>
</div>
	<div class='test-steps'>
		<table class='bordered table-results'>
			<thead>
				<tr>
					<th>Status</th>
					<th>Timestamp</th>
					<th>Details</th>
				</tr>
			</thead>
			<tbody>
				<tr class='log' status='pass'>
					<td class='status pass' title='pass' alt='pass'><i class='material-icons'>check_circle</i></td>
					<td class='timestamp'>9:30:28 AM</td>
					<td class='step-details'></td>
				</tr>
				<tr class='log' status='pass'>
					<td class='status pass' title='pass' alt='pass'><i class='material-icons'>check_circle</i></td>
					<td class='timestamp'>9:30:28 AM</td>
					<td class='step-details'><span class='label white-text green'>ValidateState_AddressBook_AddContactAddress Test Case is Passed</span></td>
				</tr>
				<tr class='log' status='pass'>
					<td class='status pass' title='pass' alt='pass'><i class='material-icons'>check_circle</i></td>
					<td class='timestamp'>9:30:28 AM</td>
					<td class='step-details'>Please see attached screenshot</td>
				</tr>
			</tbody>
		</table>
	</div>
							<ul class='screenshots'>
								<li><img data-featherlight='C:/Users/Bakhtawar.Nazir/eclipse/CRM_ORDERS/Screenshot/ValidateState_AddressBook_AddContactAddress.jpg' width='10%' src='C:/Users/Bakhtawar.Nazir/eclipse/CRM_ORDERS/Screenshot/ValidateState_AddressBook_AddContactAddress.jpg' data-src='C:/Users/Bakhtawar.Nazir/eclipse/CRM_ORDERS/Screenshot/ValidateState_AddressBook_AddContactAddress.jpg'></li>
							</ul>
					</div>
				</li>
				
				
				<li class='test displayed active  pass' status='pass' bdd='false' test-id='24'>
					<div class='test-heading'>
						<span class='test-name'>ValidateState_CreateContactWhileCreatingOrder</span>
						<span class='test-time'>Apr 23, 2022 09:30:28 AM</span>
						<span class='test-status right pass'>pass</span>
					</div>
					<div class='test-content hide'>
<div class='test-time-info'>
	<span class='label start-time'>Apr 23, 2022 09:30:28 AM</span>
	<span class='label end-time'>Apr 23, 2022 09:31:28 AM</span>
	<span class='label time-taken grey lighten-1 white-text'>0h 1m 0s+263ms</span>
</div>
	<div class='test-steps'>
		<table class='bordered table-results'>
			<thead>
				<tr>
					<th>Status</th>
					<th>Timestamp</th>
					<th>Details</th>
				</tr>
			</thead>
			<tbody>
				<tr class='log' status='pass'>
					<td class='status pass' title='pass' alt='pass'><i class='material-icons'>check_circle</i></td>
					<td class='timestamp'>9:31:28 AM</td>
					<td class='step-details'></td>
				</tr>
				<tr class='log' status='pass'>
					<td class='status pass' title='pass' alt='pass'><i class='material-icons'>check_circle</i></td>
					<td class='timestamp'>9:31:28 AM</td>
					<td class='step-details'><span class='label white-text green'>ValidateState_CreateContactWhileCreatingOrder Test Case is Passed</span></td>
				</tr>
				<tr class='log' status='pass'>
					<td class='status pass' title='pass' alt='pass'><i class='material-icons'>check_circle</i></td>
					<td class='timestamp'>9:31:28 AM</td>
					<td class='step-details'>Please see attached screenshot</td>
				</tr>
			</tbody>
		</table>
	</div>
							<ul class='screenshots'>
								<li><img data-featherlight='C:/Users/Bakhtawar.Nazir/eclipse/CRM_ORDERS/Screenshot/ValidateState_CreateContactWhileCreatingOrder.jpg' width='10%' src='C:/Users/Bakhtawar.Nazir/eclipse/CRM_ORDERS/Screenshot/ValidateState_CreateContactWhileCreatingOrder.jpg' data-src='C:/Users/Bakhtawar.Nazir/eclipse/CRM_ORDERS/Screenshot/ValidateState_CreateContactWhileCreatingOrder.jpg'></li>
							</ul>
					</div>
				</li>
				
				
				<li class='test displayed active  pass' status='pass' bdd='false' test-id='25'>
					<div class='test-heading'>
						<span class='test-name'>CreateVirtualSample_Admin</span>
						<span class='test-time'>Apr 23, 2022 09:31:29 AM</span>
						<span class='test-status right pass'>pass</span>
					</div>
					<div class='test-content hide'>
<div class='test-time-info'>
	<span class='label start-time'>Apr 23, 2022 09:31:29 AM</span>
	<span class='label end-time'>Apr 23, 2022 09:35:31 AM</span>
	<span class='label time-taken grey lighten-1 white-text'>0h 4m 2s+476ms</span>
</div>
	<div class='test-steps'>
		<table class='bordered table-results'>
			<thead>
				<tr>
					<th>Status</th>
					<th>Timestamp</th>
					<th>Details</th>
				</tr>
			</thead>
			<tbody>
				<tr class='log' status='pass'>
					<td class='status pass' title='pass' alt='pass'><i class='material-icons'>check_circle</i></td>
					<td class='timestamp'>9:35:31 AM</td>
					<td class='step-details'></td>
				</tr>
				<tr class='log' status='pass'>
					<td class='status pass' title='pass' alt='pass'><i class='material-icons'>check_circle</i></td>
					<td class='timestamp'>9:35:31 AM</td>
					<td class='step-details'><span class='label white-text green'>CreateVirtualSample_Admin Test Case is Passed</span></td>
				</tr>
				<tr class='log' status='pass'>
					<td class='status pass' title='pass' alt='pass'><i class='material-icons'>check_circle</i></td>
					<td class='timestamp'>9:35:31 AM</td>
					<td class='step-details'>Please see attached screenshot</td>
				</tr>
			</tbody>
		</table>
	</div>
							<ul class='screenshots'>
								<li><img data-featherlight='C:/Users/Bakhtawar.Nazir/eclipse/CRM_ORDERS/Screenshot/CreateVirtualSample_Admin.jpg' width='10%' src='C:/Users/Bakhtawar.Nazir/eclipse/CRM_ORDERS/Screenshot/CreateVirtualSample_Admin.jpg' data-src='C:/Users/Bakhtawar.Nazir/eclipse/CRM_ORDERS/Screenshot/CreateVirtualSample_Admin.jpg'></li>
							</ul>
					</div>
				</li>
				
				
				<li class='test displayed active  pass' status='pass' bdd='false' test-id='26'>
					<div class='test-heading'>
						<span class='test-name'>VerifyVirualSampleName_Clickable</span>
						<span class='test-time'>Apr 23, 2022 09:35:31 AM</span>
						<span class='test-status right pass'>pass</span>
					</div>
					<div class='test-content hide'>
<div class='test-time-info'>
	<span class='label start-time'>Apr 23, 2022 09:35:31 AM</span>
	<span class='label end-time'>Apr 23, 2022 09:36:02 AM</span>
	<span class='label time-taken grey lighten-1 white-text'>0h 0m 30s+219ms</span>
</div>
	<div class='test-steps'>
		<table class='bordered table-results'>
			<thead>
				<tr>
					<th>Status</th>
					<th>Timestamp</th>
					<th>Details</th>
				</tr>
			</thead>
			<tbody>
				<tr class='log' status='pass'>
					<td class='status pass' title='pass' alt='pass'><i class='material-icons'>check_circle</i></td>
					<td class='timestamp'>9:36:02 AM</td>
					<td class='step-details'></td>
				</tr>
				<tr class='log' status='pass'>
					<td class='status pass' title='pass' alt='pass'><i class='material-icons'>check_circle</i></td>
					<td class='timestamp'>9:36:02 AM</td>
					<td class='step-details'><span class='label white-text green'>VerifyVirualSampleName_Clickable Test Case is Passed</span></td>
				</tr>
				<tr class='log' status='pass'>
					<td class='status pass' title='pass' alt='pass'><i class='material-icons'>check_circle</i></td>
					<td class='timestamp'>9:36:02 AM</td>
					<td class='step-details'>Please see attached screenshot</td>
				</tr>
			</tbody>
		</table>
	</div>
							<ul class='screenshots'>
								<li><img data-featherlight='C:/Users/Bakhtawar.Nazir/eclipse/CRM_ORDERS/Screenshot/VerifyVirualSampleName_Clickable.jpg' width='10%' src='C:/Users/Bakhtawar.Nazir/eclipse/CRM_ORDERS/Screenshot/VerifyVirualSampleName_Clickable.jpg' data-src='C:/Users/Bakhtawar.Nazir/eclipse/CRM_ORDERS/Screenshot/VerifyVirualSampleName_Clickable.jpg'></li>
							</ul>
					</div>
				</li>
				
				
				<li class='test displayed active  pass' status='pass' bdd='false' test-id='27'>
					<div class='test-heading'>
						<span class='test-name'>Verify_RecordOwner</span>
						<span class='test-time'>Apr 23, 2022 09:36:02 AM</span>
						<span class='test-status right pass'>pass</span>
					</div>
					<div class='test-content hide'>
<div class='test-time-info'>
	<span class='label start-time'>Apr 23, 2022 09:36:02 AM</span>
	<span class='label end-time'>Apr 23, 2022 09:36:16 AM</span>
	<span class='label time-taken grey lighten-1 white-text'>0h 0m 14s+184ms</span>
</div>
	<div class='test-steps'>
		<table class='bordered table-results'>
			<thead>
				<tr>
					<th>Status</th>
					<th>Timestamp</th>
					<th>Details</th>
				</tr>
			</thead>
			<tbody>
				<tr class='log' status='pass'>
					<td class='status pass' title='pass' alt='pass'><i class='material-icons'>check_circle</i></td>
					<td class='timestamp'>9:36:16 AM</td>
					<td class='step-details'></td>
				</tr>
				<tr class='log' status='pass'>
					<td class='status pass' title='pass' alt='pass'><i class='material-icons'>check_circle</i></td>
					<td class='timestamp'>9:36:16 AM</td>
					<td class='step-details'><span class='label white-text green'>Verify_RecordOwner Test Case is Passed</span></td>
				</tr>
				<tr class='log' status='pass'>
					<td class='status pass' title='pass' alt='pass'><i class='material-icons'>check_circle</i></td>
					<td class='timestamp'>9:36:16 AM</td>
					<td class='step-details'>Please see attached screenshot</td>
				</tr>
			</tbody>
		</table>
	</div>
							<ul class='screenshots'>
								<li><img data-featherlight='C:/Users/Bakhtawar.Nazir/eclipse/CRM_ORDERS/Screenshot/Verify_RecordOwner.jpg' width='10%' src='C:/Users/Bakhtawar.Nazir/eclipse/CRM_ORDERS/Screenshot/Verify_RecordOwner.jpg' data-src='C:/Users/Bakhtawar.Nazir/eclipse/CRM_ORDERS/Screenshot/Verify_RecordOwner.jpg'></li>
							</ul>
					</div>
				</li>
				
				
				<li class='test displayed active  pass' status='pass' bdd='false' test-id='28'>
					<div class='test-heading'>
						<span class='test-name'>Verify_VirtualSampleUnderCompany</span>
						<span class='test-time'>Apr 23, 2022 09:36:16 AM</span>
						<span class='test-status right pass'>pass</span>
					</div>
					<div class='test-content hide'>
<div class='test-time-info'>
	<span class='label start-time'>Apr 23, 2022 09:36:16 AM</span>
	<span class='label end-time'>Apr 23, 2022 09:36:35 AM</span>
	<span class='label time-taken grey lighten-1 white-text'>0h 0m 19s+77ms</span>
</div>
	<div class='test-steps'>
		<table class='bordered table-results'>
			<thead>
				<tr>
					<th>Status</th>
					<th>Timestamp</th>
					<th>Details</th>
				</tr>
			</thead>
			<tbody>
				<tr class='log' status='pass'>
					<td class='status pass' title='pass' alt='pass'><i class='material-icons'>check_circle</i></td>
					<td class='timestamp'>9:36:35 AM</td>
					<td class='step-details'></td>
				</tr>
				<tr class='log' status='pass'>
					<td class='status pass' title='pass' alt='pass'><i class='material-icons'>check_circle</i></td>
					<td class='timestamp'>9:36:35 AM</td>
					<td class='step-details'><span class='label white-text green'>Verify_VirtualSampleUnderCompany Test Case is Passed</span></td>
				</tr>
				<tr class='log' status='pass'>
					<td class='status pass' title='pass' alt='pass'><i class='material-icons'>check_circle</i></td>
					<td class='timestamp'>9:36:35 AM</td>
					<td class='step-details'>Please see attached screenshot</td>
				</tr>
			</tbody>
		</table>
	</div>
							<ul class='screenshots'>
								<li><img data-featherlight='C:/Users/Bakhtawar.Nazir/eclipse/CRM_ORDERS/Screenshot/Verify_VirtualSampleUnderCompany.jpg' width='10%' src='C:/Users/Bakhtawar.Nazir/eclipse/CRM_ORDERS/Screenshot/Verify_VirtualSampleUnderCompany.jpg' data-src='C:/Users/Bakhtawar.Nazir/eclipse/CRM_ORDERS/Screenshot/Verify_VirtualSampleUnderCompany.jpg'></li>
							</ul>
					</div>
				</li>
				
				
				<li class='test displayed active  pass' status='pass' bdd='false' test-id='29'>
					<div class='test-heading'>
						<span class='test-name'>EditVirtualSample_Admin</span>
						<span class='test-time'>Apr 23, 2022 09:36:36 AM</span>
						<span class='test-status right pass'>pass</span>
					</div>
					<div class='test-content hide'>
<div class='test-time-info'>
	<span class='label start-time'>Apr 23, 2022 09:36:36 AM</span>
	<span class='label end-time'>Apr 23, 2022 09:38:31 AM</span>
	<span class='label time-taken grey lighten-1 white-text'>0h 1m 55s+238ms</span>
</div>
	<div class='test-steps'>
		<table class='bordered table-results'>
			<thead>
				<tr>
					<th>Status</th>
					<th>Timestamp</th>
					<th>Details</th>
				</tr>
			</thead>
			<tbody>
				<tr class='log' status='pass'>
					<td class='status pass' title='pass' alt='pass'><i class='material-icons'>check_circle</i></td>
					<td class='timestamp'>9:38:31 AM</td>
					<td class='step-details'></td>
				</tr>
				<tr class='log' status='pass'>
					<td class='status pass' title='pass' alt='pass'><i class='material-icons'>check_circle</i></td>
					<td class='timestamp'>9:38:31 AM</td>
					<td class='step-details'><span class='label white-text green'>EditVirtualSample_Admin Test Case is Passed</span></td>
				</tr>
				<tr class='log' status='pass'>
					<td class='status pass' title='pass' alt='pass'><i class='material-icons'>check_circle</i></td>
					<td class='timestamp'>9:38:31 AM</td>
					<td class='step-details'>Please see attached screenshot</td>
				</tr>
			</tbody>
		</table>
	</div>
							<ul class='screenshots'>
								<li><img data-featherlight='C:/Users/Bakhtawar.Nazir/eclipse/CRM_ORDERS/Screenshot/EditVirtualSample_Admin.jpg' width='10%' src='C:/Users/Bakhtawar.Nazir/eclipse/CRM_ORDERS/Screenshot/EditVirtualSample_Admin.jpg' data-src='C:/Users/Bakhtawar.Nazir/eclipse/CRM_ORDERS/Screenshot/EditVirtualSample_Admin.jpg'></li>
							</ul>
					</div>
				</li>
				
				
				<li class='test displayed active  pass' status='pass' bdd='false' test-id='30'>
					<div class='test-heading'>
						<span class='test-name'>EditVirualSampleByAdmin_VisibilityRecordOwner_ValidateAtNonadmin</span>
						<span class='test-time'>Apr 23, 2022 09:38:31 AM</span>
						<span class='test-status right pass'>pass</span>
					</div>
					<div class='test-content hide'>
<div class='test-time-info'>
	<span class='label start-time'>Apr 23, 2022 09:38:31 AM</span>
	<span class='label end-time'>Apr 23, 2022 09:39:02 AM</span>
	<span class='label time-taken grey lighten-1 white-text'>0h 0m 31s+59ms</span>
</div>
	<div class='test-steps'>
		<table class='bordered table-results'>
			<thead>
				<tr>
					<th>Status</th>
					<th>Timestamp</th>
					<th>Details</th>
				</tr>
			</thead>
			<tbody>
				<tr class='log' status='pass'>
					<td class='status pass' title='pass' alt='pass'><i class='material-icons'>check_circle</i></td>
					<td class='timestamp'>9:39:02 AM</td>
					<td class='step-details'></td>
				</tr>
				<tr class='log' status='pass'>
					<td class='status pass' title='pass' alt='pass'><i class='material-icons'>check_circle</i></td>
					<td class='timestamp'>9:39:02 AM</td>
					<td class='step-details'><span class='label white-text green'>EditVirualSampleByAdmin_VisibilityRecordOwner_ValidateAtNonadmin Test Case is Passed</span></td>
				</tr>
				<tr class='log' status='pass'>
					<td class='status pass' title='pass' alt='pass'><i class='material-icons'>check_circle</i></td>
					<td class='timestamp'>9:39:02 AM</td>
					<td class='step-details'>Please see attached screenshot</td>
				</tr>
			</tbody>
		</table>
	</div>
							<ul class='screenshots'>
								<li><img data-featherlight='C:/Users/Bakhtawar.Nazir/eclipse/CRM_ORDERS/Screenshot/EditVirualSampleByAdmin_VisibilityRecordOwner_ValidateAtNonadmin.jpg' width='10%' src='C:/Users/Bakhtawar.Nazir/eclipse/CRM_ORDERS/Screenshot/EditVirualSampleByAdmin_VisibilityRecordOwner_ValidateAtNonadmin.jpg' data-src='C:/Users/Bakhtawar.Nazir/eclipse/CRM_ORDERS/Screenshot/EditVirualSampleByAdmin_VisibilityRecordOwner_ValidateAtNonadmin.jpg'></li>
							</ul>
					</div>
				</li>
				
				
				<li class='test displayed active  pass' status='pass' bdd='false' test-id='31'>
					<div class='test-heading'>
						<span class='test-name'>CreateVirualSampleByNonAdmin_VisibilityofVirtualSample_With_Everyone_ValidateAtadmin</span>
						<span class='test-time'>Apr 23, 2022 09:39:02 AM</span>
						<span class='test-status right pass'>pass</span>
					</div>
					<div class='test-content hide'>
<div class='test-time-info'>
	<span class='label start-time'>Apr 23, 2022 09:39:02 AM</span>
	<span class='label end-time'>Apr 23, 2022 09:39:02 AM</span>
	<span class='label time-taken grey lighten-1 white-text'>0h 0m 0s+0ms</span>
</div>
					</div>
				</li>
				
				
				<li class='test displayed active  fail' status='fail' bdd='false' test-id='32'>
					<div class='test-heading'>
						<span class='test-name'>CreateVirualSampleByNonAdmin_VisibilityofVirtualSample_With_Everyone_ValidateAtadmin</span>
						<span class='test-time'>Apr 23, 2022 09:39:02 AM</span>
						<span class='test-status right fail'>fail</span>
					</div>
					<div class='test-content hide'>
<div class='test-time-info'>
	<span class='label start-time'>Apr 23, 2022 09:39:02 AM</span>
	<span class='label end-time'>Apr 23, 2022 09:41:16 AM</span>
	<span class='label time-taken grey lighten-1 white-text'>0h 2m 14s+154ms</span>
</div>
	<div class='test-steps'>
		<table class='bordered table-results'>
			<thead>
				<tr>
					<th>Status</th>
					<th>Timestamp</th>
					<th>Details</th>
				</tr>
			</thead>
			<tbody>
				<tr class='log' status='fail'>
					<td class='status fail' title='fail' alt='fail'><i class='material-icons'>cancel</i></td>
					<td class='timestamp'>9:41:16 AM</td>
					<td class='step-details'><span class='label white-text red'>CreateVirualSampleByNonAdmin_VisibilityofVirtualSample_With_Everyone_ValidateAtadminTest Case is Failed due to Below Issue</span></td>
				</tr>
				<tr class='log' status='fail'>
					<td class='status fail' title='fail' alt='fail'><i class='material-icons'>cancel</i></td>
					<td class='timestamp'>9:41:16 AM</td>
					<td class='step-details'><textarea>org.openqa.selenium.ElementClickInterceptedException: element click intercepted: Element <div class="start-button" ng-click="vm.activateTab(tab)">...</div> is not clickable at point (82, 59). Other element would receive the click: <div class="flex-container-column flex-container-stretch design-studio-wrapper">...</div>
  (Session info: chrome=100.0.4896.127)
Build info: version: '3.141.59', revision: 'e82be7d358', time: '2018-11-14T08:17:03'
System info: host: 'MACPK-WKS-0135', ip: '192.168.8.100', os.name: 'Windows 10', os.arch: 'amd64', os.version: '10.0', java.version: '15.0.1'
Driver info: org.openqa.selenium.chrome.ChromeDriver
Capabilities {acceptInsecureCerts: false, browserName: chrome, browserVersion: 100.0.4896.127, chrome: {chromedriverVersion: 100.0.4896.60 (6a5d10861ce8..., userDataDir: C:\Users\BAKHTA~1.NAZ\AppDa...}, goog:chromeOptions: {debuggerAddress: localhost:57232}, javascriptEnabled: true, networkConnectionEnabled: false, pageLoadStrategy: normal, platform: WINDOWS, platformName: WINDOWS, proxy: Proxy(), setWindowRect: true, strictFileInteractability: false, timeouts: {implicit: 0, pageLoad: 300000, script: 30000}, unhandledPromptBehavior: dismiss and notify, webauthn:extension:credBlob: true, webauthn:extension:largeBlob: true, webauthn:virtualAuthenticators: true}
Session ID: 69fc1425f66d366a10093341574199a5
	at java.base/jdk.internal.reflect.NativeConstructorAccessorImpl.newInstance0(Native Method)
	at java.base/jdk.internal.reflect.NativeConstructorAccessorImpl.newInstance(NativeConstructorAccessorImpl.java:64)
	at java.base/jdk.internal.reflect.DelegatingConstructorAccessorImpl.newInstance(DelegatingConstructorAccessorImpl.java:45)
	at java.base/java.lang.reflect.Constructor.newInstanceWithCaller(Constructor.java:500)
	at java.base/java.lang.reflect.Constructor.newInstance(Constructor.java:481)
	at org.openqa.selenium.remote.http.W3CHttpResponseCodec.createException(W3CHttpResponseCodec.java:187)
	at org.openqa.selenium.remote.http.W3CHttpResponseCodec.decode(W3CHttpResponseCodec.java:122)
	at org.openqa.selenium.remote.http.W3CHttpResponseCodec.decode(W3CHttpResponseCodec.java:49)
	at org.openqa.selenium.remote.HttpCommandExecutor.execute(HttpCommandExecutor.java:158)
	at org.openqa.selenium.remote.service.DriverCommandExecutor.execute(DriverCommandExecutor.java:83)
	at org.openqa.selenium.remote.RemoteWebDriver.execute(RemoteWebDriver.java:552)
	at org.openqa.selenium.remote.RemoteWebElement.execute(RemoteWebElement.java:285)
	at org.openqa.selenium.remote.RemoteWebElement.click(RemoteWebElement.java:84)
	at CrmTestCases.VirtualSample.CreateVirtualSample_Admin(VirtualSample.java:64)
	at CrmTestCases.VirtualSample.CreateVirualSampleByNonAdmin_VisibilityofVirtualSample_With_Everyone_ValidateAtadmin(VirtualSample.java:282)
	at Master.CRMSanityCheckList2.CreateVirualSampleByNonAdmin_VisibilityofVirtualSample_With_Everyone_ValidateAtadmin(CRMSanityCheckList2.java:227)
	at java.base/jdk.internal.reflect.NativeMethodAccessorImpl.invoke0(Native Method)
	at java.base/jdk.internal.reflect.NativeMethodAccessorImpl.invoke(NativeMethodAccessorImpl.java:64)
	at java.base/jdk.internal.reflect.DelegatingMethodAccessorImpl.invoke(DelegatingMethodAccessorImpl.java:43)
	at java.base/java.lang.reflect.Method.invoke(Method.java:564)
	at org.testng.internal.MethodInvocationHelper.invokeMethod(MethodInvocationHelper.java:132)
	at org.testng.internal.TestInvoker.invokeMethod(TestInvoker.java:599)
	at org.testng.internal.TestInvoker.invokeTestMethod(TestInvoker.java:174)
	at org.testng.internal.MethodRunner.runInSequence(MethodRunner.java:46)
	at org.testng.internal.TestInvoker$MethodInvocationAgent.invoke(TestInvoker.java:822)
	at org.testng.internal.TestInvoker.invokeTestMethods(TestInvoker.java:147)
	at org.testng.internal.TestMethodWorker.invokeTestMethods(TestMethodWorker.java:146)
	at org.testng.internal.TestMethodWorker.run(TestMethodWorker.java:128)
	at java.base/java.util.ArrayList.forEach(ArrayList.java:1511)
	at org.testng.TestRunner.privateRun(TestRunner.java:764)
	at org.testng.TestRunner.run(TestRunner.java:585)
	at org.testng.SuiteRunner.runTest(SuiteRunner.java:384)
	at org.testng.SuiteRunner.runSequentially(SuiteRunner.java:378)
	at org.testng.SuiteRunner.privateRun(SuiteRunner.java:337)
	at org.testng.SuiteRunner.run(SuiteRunner.java:286)
	at org.testng.SuiteRunnerWorker.runSuite(SuiteRunnerWorker.java:53)
	at org.testng.SuiteRunnerWorker.run(SuiteRunnerWorker.java:96)
	at org.testng.TestNG.runSuitesSequentially(TestNG.java:1218)
	at org.testng.TestNG.runSuitesLocally(TestNG.java:1140)
	at org.testng.TestNG.runSuites(TestNG.java:1069)
	at org.testng.TestNG.run(TestNG.java:1037)
	at org.testng.remote.AbstractRemoteTestNG.run(AbstractRemoteTestNG.java:115)
	at org.testng.remote.RemoteTestNG.initAndRun(RemoteTestNG.java:251)
	at org.testng.remote.RemoteTestNG.main(RemoteTestNG.java:77)
</textarea></td>
				</tr>
			</tbody>
		</table>
	</div>
					</div>
				</li>
				
				
				<li class='test displayed active  fail' status='fail' bdd='false' test-id='33'>
					<div class='test-heading'>
						<span class='test-name'>CreateVirualSampleByNonAdmin_VerifyUnderCompany_ByfiltersMyDesign_ValidateAtadmin</span>
						<span class='test-time'>Apr 23, 2022 09:41:17 AM</span>
						<span class='test-status right fail'>fail</span>
					</div>
					<div class='test-content hide'>
<div class='test-time-info'>
	<span class='label start-time'>Apr 23, 2022 09:41:17 AM</span>
	<span class='label end-time'>Apr 23, 2022 09:41:34 AM</span>
	<span class='label time-taken grey lighten-1 white-text'>0h 0m 17s+588ms</span>
</div>
	<div class='test-steps'>
		<table class='bordered table-results'>
			<thead>
				<tr>
					<th>Status</th>
					<th>Timestamp</th>
					<th>Details</th>
				</tr>
			</thead>
			<tbody>
				<tr class='log' status='fail'>
					<td class='status fail' title='fail' alt='fail'><i class='material-icons'>cancel</i></td>
					<td class='timestamp'>9:41:34 AM</td>
					<td class='step-details'><span class='label white-text red'>CreateVirualSampleByNonAdmin_VerifyUnderCompany_ByfiltersMyDesign_ValidateAtadminTest Case is Failed due to Below Issue</span></td>
				</tr>
				<tr class='log' status='fail'>
					<td class='status fail' title='fail' alt='fail'><i class='material-icons'>cancel</i></td>
					<td class='timestamp'>9:41:34 AM</td>
					<td class='step-details'><pre>org.openqa.selenium.UnhandledAlertException: unexpected alert open: {Alert text : }
  (Session info: chrome=100.0.4896.127): {Alert text : 
Build info: version: '3.141.59', revision: 'e82be7d358', time: '2018-11-14T08:17:03'
System info: host: 'MACPK-WKS-0135', ip: '192.168.8.100', os.name: 'Windows 10', os.arch: 'amd64', os.version: '10.0', java.version: '15.0.1'
Driver info: org.openqa.selenium.chrome.ChromeDriver
Capabilities {acceptInsecureCerts: false, browserName: chrome, browserVersion: 100.0.4896.127, chrome: {chromedriverVersion: 100.0.4896.60 (6a5d10861ce8..., userDataDir: C:\Users\BAKHTA~1.NAZ\AppDa...}, goog:chromeOptions: {debuggerAddress: localhost:57232}, javascriptEnabled: true, networkConnectionEnabled: false, pageLoadStrategy: normal, platform: WINDOWS, platformName: WINDOWS, proxy: Proxy(), setWindowRect: true, strictFileInteractability: false, timeouts: {implicit: 0, pageLoad: 300000, script: 30000}, unhandledPromptBehavior: dismiss and notify, webauthn:extension:credBlob: true, webauthn:extension:largeBlob: true, webauthn:virtualAuthenticators: true}
Session ID: 69fc1425f66d366a10093341574199a5
*** Element info: {Using=id, value=txtAsiNum}
	at org.openqa.selenium.remote.http.W3CHttpResponseCodec.decode(W3CHttpResponseCodec.java:120)
	at org.openqa.selenium.remote.http.W3CHttpResponseCodec.decode(W3CHttpResponseCodec.java:49)
	at org.openqa.selenium.remote.HttpCommandExecutor.execute(HttpCommandExecutor.java:158)
	at org.openqa.selenium.remote.service.DriverCommandExecutor.execute(DriverCommandExecutor.java:83)
	at org.openqa.selenium.remote.RemoteWebDriver.execute(RemoteWebDriver.java:552)
	at org.openqa.selenium.remote.RemoteWebDriver.findElement(RemoteWebDriver.java:323)
	at org.openqa.selenium.remote.RemoteWebDriver.findElementById(RemoteWebDriver.java:372)
	at org.openqa.selenium.By$ById.findElement(By.java:188)
	at org.openqa.selenium.remote.RemoteWebDriver.findElement(RemoteWebDriver.java:315)
	at org.openqa.selenium.support.pagefactory.DefaultElementLocator.findElement(DefaultElementLocator.java:70)
	at org.openqa.selenium.support.pagefactory.internal.LocatingElementHandler.invoke(LocatingElementHandler.java:39)
	at com.sun.proxy.$Proxy12.clear(Unknown Source)
	at PageFactoryandTestdata.HelpingFunction.Input(HelpingFunction.java:42)
	at CrmTestCases.VirtualSample.CreateVirualSampleByNonAdmin_VerifyUnderCompany_ByfiltersMyDesign_ValidateAtadmin(VirtualSample.java:240)
	at Master.CRMSanityCheckList2.CreateVirualSampleByNonAdmin_VerifyUnderCompany_ByfiltersMyDesign_ValidateAtadmin(CRMSanityCheckList2.java:235)
	at java.base/jdk.internal.reflect.NativeMethodAccessorImpl.invoke0(Native Method)
	at java.base/jdk.internal.reflect.NativeMethodAccessorImpl.invoke(NativeMethodAccessorImpl.java:64)
	at java.base/jdk.internal.reflect.DelegatingMethodAccessorImpl.invoke(DelegatingMethodAccessorImpl.java:43)
	at java.base/java.lang.reflect.Method.invoke(Method.java:564)
	at org.testng.internal.MethodInvocationHelper.invokeMethod(MethodInvocationHelper.java:132)
	at org.testng.internal.TestInvoker.invokeMethod(TestInvoker.java:599)
	at org.testng.internal.TestInvoker.invokeTestMethod(TestInvoker.java:174)
	at org.testng.internal.MethodRunner.runInSequence(MethodRunner.java:46)
	at org.testng.internal.TestInvoker$MethodInvocationAgent.invoke(TestInvoker.java:822)
	at org.testng.internal.TestInvoker.invokeTestMethods(TestInvoker.java:147)
	at org.testng.internal.TestMethodWorker.invokeTestMethods(TestMethodWorker.java:146)
	at org.testng.internal.TestMethodWorker.run(TestMethodWorker.java:128)
	at java.base/java.util.ArrayList.forEach(ArrayList.java:1511)
	at org.testng.TestRunner.privateRun(TestRunner.java:764)
	at org.testng.TestRunner.run(TestRunner.java:585)
	at org.testng.SuiteRunner.runTest(SuiteRunner.java:384)
	at org.testng.SuiteRunner.runSequentially(SuiteRunner.java:378)
	at org.testng.SuiteRunner.privateRun(SuiteRunner.java:337)
	at org.testng.SuiteRunner.run(SuiteRunner.java:286)
	at org.testng.SuiteRunnerWorker.runSuite(SuiteRunnerWorker.java:53)
	at org.testng.SuiteRunnerWorker.run(SuiteRunnerWorker.java:96)
	at org.testng.TestNG.runSuitesSequentially(TestNG.java:1218)
	at org.testng.TestNG.runSuitesLocally(TestNG.java:1140)
	at org.testng.TestNG.runSuites(TestNG.java:1069)
	at org.testng.TestNG.run(TestNG.java:1037)
	at org.testng.remote.AbstractRemoteTestNG.run(AbstractRemoteTestNG.java:115)
	at org.testng.remote.RemoteTestNG.initAndRun(RemoteTestNG.java:251)
	at org.testng.remote.RemoteTestNG.main(RemoteTestNG.java:77)
</pre></td>
				</tr>
			</tbody>
		</table>
	</div>
					</div>
				</li>
			</ul>
		</div>
	</div>
	<!-- subview left -->

	<div class='subview-right left'>
		<div class='view-summary'>
			<h5 class='test-name'></h5>

			<div id='step-filters' class="right">
				<span class="blue-text" status="info" alt="info" title="info"><i class="material-icons">info_outline</i></span>
				<span class="green-text" status="pass" alt="pass" title="pass"><i class="material-icons">check_circle</i></span>
				<span class="red-text" status="fail" alt="fail" title="fail"><i class="material-icons">cancel</i></span>
				<span class="red-text text-darken-4" status="fatal" alt="fatal" title="fatal"><i class="material-icons">cancel</i></span>
				<span class="pink-text text-lighten-1" status="error" alt="error" title="error"><i class="material-icons">error</i></span>
				<span class="orange-text" alt="warning" status="warning" title="warning"><i class="material-icons">warning</i></span>
				<span class="teal-text" status="skip" alt="skip" title="skip"><i class="material-icons">redo</i></span>
				<span status="clear" alt="Clear filters" title="Clear filters"><i class="material-icons">clear</i></span>
			</div>
		</div>
	</div>
	<!-- subview right -->

</div>
<!-- test view -->
<!-- category view -->
<div id='exception-view' class='view hide'>

    <section id='controls'>
        <div class='controls grey lighten-4'>
            <!-- search -->
            <div class='chip transparent' alt='Search Tests' title='Search Tests'>
                <a href="#" class='search-div'>
                    <i class='material-icons'>search</i> Search
                </a>

                <div class='input-field left hide'>
                    <input id='search-tests' type='text' class='validate browser-default' placeholder='Search Tests...'>
                </div>

            </div>
            <!-- search -->
        </div>
    </section>

    <div class='subview-left left'>

        <div class='view-summary'>
            <h5>Exceptions</h3>
                <ul id='exception-collection' class='exception-collection'>

                        <li class='exception displayed active'>
                            <div class='exception-heading'>
                                <span class='exception-name'>org.openqa.selenium.ElementClickInterceptedException</span>
                                <span class='exception-count right'><span class='label red lighten-1 white-text'>1</span></span>
                            </div>
                            <div class='exception-content hide'>
                                <div class='exception-tests'>
                                    <table class='bordered table-results'>
                                        <thead>
                                        <tr>
                                            <th>Timestamp</th>
                                            <th>TestName</th>
                                            <th>Status</th>
                                        </tr>
                                        </thead>
                                        <tbody>
                                                    <tr>
                                                        <td>Apr 23, 2022 09:39:02 AM</td>
                                                        <td class='linked' test-id='32'>CreateVirualSampleByNonAdmin_VisibilityofVirtualSample_With_Everyone_ValidateAtadmin</td>
                                                        <td><pre><textarea>org.openqa.selenium.ElementClickInterceptedException: element click intercepted: Element <div class="start-button" ng-click="vm.activateTab(tab)">...</div> is not clickable at point (82, 59). Other element would receive the click: <div class="flex-container-column flex-container-stretch design-studio-wrapper">...</div>
  (Session info: chrome=100.0.4896.127)
Build info: version: '3.141.59', revision: 'e82be7d358', time: '2018-11-14T08:17:03'
System info: host: 'MACPK-WKS-0135', ip: '192.168.8.100', os.name: 'Windows 10', os.arch: 'amd64', os.version: '10.0', java.version: '15.0.1'
Driver info: org.openqa.selenium.chrome.ChromeDriver
Capabilities {acceptInsecureCerts: false, browserName: chrome, browserVersion: 100.0.4896.127, chrome: {chromedriverVersion: 100.0.4896.60 (6a5d10861ce8..., userDataDir: C:\Users\BAKHTA~1.NAZ\AppDa...}, goog:chromeOptions: {debuggerAddress: localhost:57232}, javascriptEnabled: true, networkConnectionEnabled: false, pageLoadStrategy: normal, platform: WINDOWS, platformName: WINDOWS, proxy: Proxy(), setWindowRect: true, strictFileInteractability: false, timeouts: {implicit: 0, pageLoad: 300000, script: 30000}, unhandledPromptBehavior: dismiss and notify, webauthn:extension:credBlob: true, webauthn:extension:largeBlob: true, webauthn:virtualAuthenticators: true}
Session ID: 69fc1425f66d366a10093341574199a5
	at java.base/jdk.internal.reflect.NativeConstructorAccessorImpl.newInstance0(Native Method)
	at java.base/jdk.internal.reflect.NativeConstructorAccessorImpl.newInstance(NativeConstructorAccessorImpl.java:64)
	at java.base/jdk.internal.reflect.DelegatingConstructorAccessorImpl.newInstance(DelegatingConstructorAccessorImpl.java:45)
	at java.base/java.lang.reflect.Constructor.newInstanceWithCaller(Constructor.java:500)
	at java.base/java.lang.reflect.Constructor.newInstance(Constructor.java:481)
	at org.openqa.selenium.remote.http.W3CHttpResponseCodec.createException(W3CHttpResponseCodec.java:187)
	at org.openqa.selenium.remote.http.W3CHttpResponseCodec.decode(W3CHttpResponseCodec.java:122)
	at org.openqa.selenium.remote.http.W3CHttpResponseCodec.decode(W3CHttpResponseCodec.java:49)
	at org.openqa.selenium.remote.HttpCommandExecutor.execute(HttpCommandExecutor.java:158)
	at org.openqa.selenium.remote.service.DriverCommandExecutor.execute(DriverCommandExecutor.java:83)
	at org.openqa.selenium.remote.RemoteWebDriver.execute(RemoteWebDriver.java:552)
	at org.openqa.selenium.remote.RemoteWebElement.execute(RemoteWebElement.java:285)
	at org.openqa.selenium.remote.RemoteWebElement.click(RemoteWebElement.java:84)
	at CrmTestCases.VirtualSample.CreateVirtualSample_Admin(VirtualSample.java:64)
	at CrmTestCases.VirtualSample.CreateVirualSampleByNonAdmin_VisibilityofVirtualSample_With_Everyone_ValidateAtadmin(VirtualSample.java:282)
	at Master.CRMSanityCheckList2.CreateVirualSampleByNonAdmin_VisibilityofVirtualSample_With_Everyone_ValidateAtadmin(CRMSanityCheckList2.java:227)
	at java.base/jdk.internal.reflect.NativeMethodAccessorImpl.invoke0(Native Method)
	at java.base/jdk.internal.reflect.NativeMethodAccessorImpl.invoke(NativeMethodAccessorImpl.java:64)
	at java.base/jdk.internal.reflect.DelegatingMethodAccessorImpl.invoke(DelegatingMethodAccessorImpl.java:43)
	at java.base/java.lang.reflect.Method.invoke(Method.java:564)
	at org.testng.internal.MethodInvocationHelper.invokeMethod(MethodInvocationHelper.java:132)
	at org.testng.internal.TestInvoker.invokeMethod(TestInvoker.java:599)
	at org.testng.internal.TestInvoker.invokeTestMethod(TestInvoker.java:174)
	at org.testng.internal.MethodRunner.runInSequence(MethodRunner.java:46)
	at org.testng.internal.TestInvoker$MethodInvocationAgent.invoke(TestInvoker.java:822)
	at org.testng.internal.TestInvoker.invokeTestMethods(TestInvoker.java:147)
	at org.testng.internal.TestMethodWorker.invokeTestMethods(TestMethodWorker.java:146)
	at org.testng.internal.TestMethodWorker.run(TestMethodWorker.java:128)
	at java.base/java.util.ArrayList.forEach(ArrayList.java:1511)
	at org.testng.TestRunner.privateRun(TestRunner.java:764)
	at org.testng.TestRunner.run(TestRunner.java:585)
	at org.testng.SuiteRunner.runTest(SuiteRunner.java:384)
	at org.testng.SuiteRunner.runSequentially(SuiteRunner.java:378)
	at org.testng.SuiteRunner.privateRun(SuiteRunner.java:337)
	at org.testng.SuiteRunner.run(SuiteRunner.java:286)
	at org.testng.SuiteRunnerWorker.runSuite(SuiteRunnerWorker.java:53)
	at org.testng.SuiteRunnerWorker.run(SuiteRunnerWorker.java:96)
	at org.testng.TestNG.runSuitesSequentially(TestNG.java:1218)
	at org.testng.TestNG.runSuitesLocally(TestNG.java:1140)
	at org.testng.TestNG.runSuites(TestNG.java:1069)
	at org.testng.TestNG.run(TestNG.java:1037)
	at org.testng.remote.AbstractRemoteTestNG.run(AbstractRemoteTestNG.java:115)
	at org.testng.remote.RemoteTestNG.initAndRun(RemoteTestNG.java:251)
	at org.testng.remote.RemoteTestNG.main(RemoteTestNG.java:77)
</textarea></pre></td>
                                                    </tr>
                                        </tbody>
                                    </table>
                                </div>
                            </div>
                        </li>
                        <li class='exception displayed active'>
                            <div class='exception-heading'>
                                <span class='exception-name'>org.openqa.selenium.UnhandledAlertException</span>
                                <span class='exception-count right'><span class='label red lighten-1 white-text'>1</span></span>
                            </div>
                            <div class='exception-content hide'>
                                <div class='exception-tests'>
                                    <table class='bordered table-results'>
                                        <thead>
                                        <tr>
                                            <th>Timestamp</th>
                                            <th>TestName</th>
                                            <th>Status</th>
                                        </tr>
                                        </thead>
                                        <tbody>
                                                    <tr>
                                                        <td>Apr 23, 2022 09:41:17 AM</td>
                                                        <td class='linked' test-id='33'>CreateVirualSampleByNonAdmin_VerifyUnderCompany_ByfiltersMyDesign_ValidateAtadmin</td>
                                                        <td><pre><pre>org.openqa.selenium.UnhandledAlertException: unexpected alert open: {Alert text : }
  (Session info: chrome=100.0.4896.127): {Alert text : 
Build info: version: '3.141.59', revision: 'e82be7d358', time: '2018-11-14T08:17:03'
System info: host: 'MACPK-WKS-0135', ip: '192.168.8.100', os.name: 'Windows 10', os.arch: 'amd64', os.version: '10.0', java.version: '15.0.1'
Driver info: org.openqa.selenium.chrome.ChromeDriver
Capabilities {acceptInsecureCerts: false, browserName: chrome, browserVersion: 100.0.4896.127, chrome: {chromedriverVersion: 100.0.4896.60 (6a5d10861ce8..., userDataDir: C:\Users\BAKHTA~1.NAZ\AppDa...}, goog:chromeOptions: {debuggerAddress: localhost:57232}, javascriptEnabled: true, networkConnectionEnabled: false, pageLoadStrategy: normal, platform: WINDOWS, platformName: WINDOWS, proxy: Proxy(), setWindowRect: true, strictFileInteractability: false, timeouts: {implicit: 0, pageLoad: 300000, script: 30000}, unhandledPromptBehavior: dismiss and notify, webauthn:extension:credBlob: true, webauthn:extension:largeBlob: true, webauthn:virtualAuthenticators: true}
Session ID: 69fc1425f66d366a10093341574199a5
*** Element info: {Using=id, value=txtAsiNum}
	at org.openqa.selenium.remote.http.W3CHttpResponseCodec.decode(W3CHttpResponseCodec.java:120)
	at org.openqa.selenium.remote.http.W3CHttpResponseCodec.decode(W3CHttpResponseCodec.java:49)
	at org.openqa.selenium.remote.HttpCommandExecutor.execute(HttpCommandExecutor.java:158)
	at org.openqa.selenium.remote.service.DriverCommandExecutor.execute(DriverCommandExecutor.java:83)
	at org.openqa.selenium.remote.RemoteWebDriver.execute(RemoteWebDriver.java:552)
	at org.openqa.selenium.remote.RemoteWebDriver.findElement(RemoteWebDriver.java:323)
	at org.openqa.selenium.remote.RemoteWebDriver.findElementById(RemoteWebDriver.java:372)
	at org.openqa.selenium.By$ById.findElement(By.java:188)
	at org.openqa.selenium.remote.RemoteWebDriver.findElement(RemoteWebDriver.java:315)
	at org.openqa.selenium.support.pagefactory.DefaultElementLocator.findElement(DefaultElementLocator.java:70)
	at org.openqa.selenium.support.pagefactory.internal.LocatingElementHandler.invoke(LocatingElementHandler.java:39)
	at com.sun.proxy.$Proxy12.clear(Unknown Source)
	at PageFactoryandTestdata.HelpingFunction.Input(HelpingFunction.java:42)
	at CrmTestCases.VirtualSample.CreateVirualSampleByNonAdmin_VerifyUnderCompany_ByfiltersMyDesign_ValidateAtadmin(VirtualSample.java:240)
	at Master.CRMSanityCheckList2.CreateVirualSampleByNonAdmin_VerifyUnderCompany_ByfiltersMyDesign_ValidateAtadmin(CRMSanityCheckList2.java:235)
	at java.base/jdk.internal.reflect.NativeMethodAccessorImpl.invoke0(Native Method)
	at java.base/jdk.internal.reflect.NativeMethodAccessorImpl.invoke(NativeMethodAccessorImpl.java:64)
	at java.base/jdk.internal.reflect.DelegatingMethodAccessorImpl.invoke(DelegatingMethodAccessorImpl.java:43)
	at java.base/java.lang.reflect.Method.invoke(Method.java:564)
	at org.testng.internal.MethodInvocationHelper.invokeMethod(MethodInvocationHelper.java:132)
	at org.testng.internal.TestInvoker.invokeMethod(TestInvoker.java:599)
	at org.testng.internal.TestInvoker.invokeTestMethod(TestInvoker.java:174)
	at org.testng.internal.MethodRunner.runInSequence(MethodRunner.java:46)
	at org.testng.internal.TestInvoker$MethodInvocationAgent.invoke(TestInvoker.java:822)
	at org.testng.internal.TestInvoker.invokeTestMethods(TestInvoker.java:147)
	at org.testng.internal.TestMethodWorker.invokeTestMethods(TestMethodWorker.java:146)
	at org.testng.internal.TestMethodWorker.run(TestMethodWorker.java:128)
	at java.base/java.util.ArrayList.forEach(ArrayList.java:1511)
	at org.testng.TestRunner.privateRun(TestRunner.java:764)
	at org.testng.TestRunner.run(TestRunner.java:585)
	at org.testng.SuiteRunner.runTest(SuiteRunner.java:384)
	at org.testng.SuiteRunner.runSequentially(SuiteRunner.java:378)
	at org.testng.SuiteRunner.privateRun(SuiteRunner.java:337)
	at org.testng.SuiteRunner.run(SuiteRunner.java:286)
	at org.testng.SuiteRunnerWorker.runSuite(SuiteRunnerWorker.java:53)
	at org.testng.SuiteRunnerWorker.run(SuiteRunnerWorker.java:96)
	at org.testng.TestNG.runSuitesSequentially(TestNG.java:1218)
	at org.testng.TestNG.runSuitesLocally(TestNG.java:1140)
	at org.testng.TestNG.runSuites(TestNG.java:1069)
	at org.testng.TestNG.run(TestNG.java:1037)
	at org.testng.remote.AbstractRemoteTestNG.run(AbstractRemoteTestNG.java:115)
	at org.testng.remote.RemoteTestNG.initAndRun(RemoteTestNG.java:251)
	at org.testng.remote.RemoteTestNG.main(RemoteTestNG.java:77)
</pre></pre></td>
                                                    </tr>
                                        </tbody>
                                    </table>
                                </div>
                            </div>
                        </li>
                </ul>
        </div>
    </div>

    <div class='subview-right left'>
        <div class='view-summary'>
            <h5 class='exception-name'></h5>
        </div>
    </div>
</div>
<!-- exception view -->
<div id='dashboard-view' class='view hide'>
	<div class='card-panel transparent np-v'>
		<h5>Dashboard</h5>

		<div class='row'>
			<div class='col s2'>
				<div class='card-panel r'>
					Tests
					<div class='panel-lead'>33</div>
				</div>
			</div>
			<div class='col s2'>
				<div class='card-panel r'>
					Steps
					<div class='panel-lead'>94</div>
				</div>
			</div>
			<div class='col s2'>
				<div class='card-panel r'>
					Start
					<div class='panel-lead'>Apr 23, 2022 09:17:58 AM</div>
				</div>
			</div>
			<div class='col s2'>
				<div class='card-panel r'>
			 		End
			 		<div class='panel-lead'>Apr 23, 2022 09:41:34 AM</div>
				</div>
			</div>
			<div class='col s2'>
				<div class='card-panel r'>
					Time Taken
					<div class='panel-lead'>0h 23m 36s+367ms</div>
				</div>
			</div>
			<div class='col s4'>
				<div class='card-panel dashboard-environment'>
					<span class='right label cyan white-text'>Environment</span><p>&nbsp;</p>
					
					<table>
						<tr>
							<th>Name</th>
							<th>Value</th>
						</tr>
							<tr>
								<td>HostName</td>
								<td>Bakhtawar</td>
							</tr>
							<tr>
								<td>Environment</td>
								<td>QA</td>
							</tr>
							<tr>
								<td>UserName</td>
								<td>Bakhtawar Malik</td>
							</tr>
							<tr>
								<td>URL</td>
								<td>https://esp.asicentral.com</td>
							</tr>
					</table>
				</div>
			</div>
		</div>
	</div>
</div>
<!-- dashboard view -->
<!-- testrunner-logs view -->
		</div>
		<!-- container -->

		<script>
			var statusGroup = {
				passParent: 31,
				failParent: 2,
				fatalParent: 0,
				errorParent: 0,
				warningParent: 0,
				skipParent: 0,
				exceptionsParent: 2,
				
				passChild: 90,
				failChild: 4,
				fatalChild: 0,
				errorChild: 0,
				warningChild: 0,
				skipChild: 0,
				infoChild: 0,
				exceptionsChild: 4,
				
				passGrandChild: 0,
				failGrandChild: 0,
				fatalGrandChild: 0,
				errorGrandChild: 0,
				warningGrandChild: 0,
				skipGrandChild: 0,
				infoGrandChild: 0,
				exceptionsGrandChild: 0,
			};
		</script>
		
			<script src='https://cdn.rawgit.com/anshooarora/extentreports-java/fca20fb7653aade98810546ab96a2a4360e3e712/dist/js/extent.js' type='text/javascript'></script>
		
		
 		<script type='text/javascript'>
 		</script>
	</body>
	
</html>
