<!DOCTYPE html>

<html>
  <head>
  <meta charset='utf-8'>
  <title>TestNG reports</title>

    <link type="text/css" href="testng-reports1.css" rel="stylesheet" id="ultra" />
    <link type="text/css" href="testng-reports.css" rel="stylesheet" id="retro" disabled="false"/>
    <script type="text/javascript" src="jquery-3.4.1.min.js"></script>
    <script type="text/javascript" src="testng-reports.js"></script>
    <script type="text/javascript" src="https://www.google.com/jsapi"></script>
    <script type='text/javascript'>
      google.load('visualization', '1', {packages:['table']});
      google.setOnLoadCallback(drawTable);
      var suiteTableInitFunctions = new Array();
      var suiteTableData = new Array();
    </script>
    <!--
      <script type="text/javascript" src="jquery-ui/js/jquery-ui-1.8.16.custom.min.js"></script>
     -->
  </head>

  <body>
    <div class="top-banner-root">
      <span class="top-banner-title-font">Test results</span>
      <button id="button" class="button">Switch Retro Theme</button> <!-- button -->
      <br/>
      <span class="top-banner-font-1">1 suite, 9 failed tests</span>
    </div> <!-- top-banner-root -->
    <div class="navigator-root">
      <div class="navigator-suite-header">
        <span>All suites</span>
        <a href="#" title="Collapse/expand all the suites" class="collapse-all-link">
          <img src="collapseall.gif" class="collapse-all-icon">
          </img> <!-- collapse-all-icon -->
        </a> <!-- collapse-all-link -->
      </div> <!-- navigator-suite-header -->
      <div class="suite">
        <div class="rounded-window">
          <div class="suite-header light-rounded-window-top">
            <a href="#" panel-name="suite-Default_suite" class="navigator-link">
              <span class="suite-name border-failed">Default suite</span>
            </a> <!-- navigator-link -->
          </div> <!-- suite-header light-rounded-window-top -->
          <div class="navigator-suite-content">
            <div class="suite-section-title">
              <span>Info</span>
            </div> <!-- suite-section-title -->
            <div class="suite-section-content">
              <ul>
                <li>
                  <a href="#" panel-name="test-xml-Default_suite" class="navigator-link ">
                    <span>C:\Users\Bakhtawar.Nazir\AppData\Local\Temp\testng-eclipse--1630421986\testng-customsuite.xml</span>
                  </a> <!-- navigator-link  -->
                </li>
                <li>
                  <a href="#" panel-name="testlist-Default_suite" class="navigator-link ">
                    <span class="test-stats">1 test</span>
                  </a> <!-- navigator-link  -->
                </li>
                <li>
                  <a href="#" panel-name="group-Default_suite" class="navigator-link ">
                    <span>0 groups</span>
                  </a> <!-- navigator-link  -->
                </li>
                <li>
                  <a href="#" panel-name="times-Default_suite" class="navigator-link ">
                    <span>Times</span>
                  </a> <!-- navigator-link  -->
                </li>
                <li>
                  <a href="#" panel-name="reporter-Default_suite" class="navigator-link ">
                    <span>Reporter output</span>
                  </a> <!-- navigator-link  -->
                </li>
                <li>
                  <a href="#" panel-name="ignored-methods-Default_suite" class="navigator-link ">
                    <span>Ignored methods</span>
                  </a> <!-- navigator-link  -->
                </li>
                <li>
                  <a href="#" panel-name="chronological-Default_suite" class="navigator-link ">
                    <span>Chronological view</span>
                  </a> <!-- navigator-link  -->
                </li>
              </ul>
            </div> <!-- suite-section-content -->
            <div class="result-section">
              <div class="suite-section-title">
                <span>Results</span>
              </div> <!-- suite-section-title -->
              <div class="suite-section-content">
                <ul>
                  <li>
                    <span class="method-stats">57 methods, 9 failed,   48 passed</span>
                  </li>
                  <li>
                    <span class="method-list-title failed">Failed methods</span>
                    <span class="show-or-hide-methods failed">
                      <a href="#" panel-name="suite-Default_suite" class="hide-methods failed suite-Default_suite"> (hide)</a> <!-- hide-methods failed suite-Default_suite -->
                      <a href="#" panel-name="suite-Default_suite" class="show-methods failed suite-Default_suite"> (show)</a> <!-- show-methods failed suite-Default_suite -->
                    </span>
                    <div class="method-list-content failed suite-Default_suite">
                      <span>
                        <img src="failed.png" width="3%"/>
                        <a href="#" panel-name="suite-Default_suite" title="Master.OrdersExecution1" class="method navigator-link" hash-for-method="CreateOrder_ShippingAddressVerification">CreateOrder_ShippingAddressVerification</a> <!-- method navigator-link -->
                      </span>
                      <br/>
                      <span>
                        <img src="failed.png" width="3%"/>
                        <a href="#" panel-name="suite-Default_suite" title="Master.OrdersExecution1" class="method navigator-link" hash-for-method="Enterpaymentpartial">Enterpaymentpartial</a> <!-- method navigator-link -->
                      </span>
                      <br/>
                      <span>
                        <img src="failed.png" width="3%"/>
                        <a href="#" panel-name="suite-Default_suite" title="Master.OrdersExecution1" class="method navigator-link" hash-for-method="Linked_Transaction_ReOrder_Verifications">Linked_Transaction_ReOrder_Verifications</a> <!-- method navigator-link -->
                      </span>
                      <br/>
                      <span>
                        <img src="failed.png" width="3%"/>
                        <a href="#" panel-name="suite-Default_suite" title="Master.OrdersExecution1" class="method navigator-link" hash-for-method="Shipping_AddressEditing">Shipping_AddressEditing</a> <!-- method navigator-link -->
                      </span>
                      <br/>
                      <span>
                        <img src="failed.png" width="3%"/>
                        <a href="#" panel-name="suite-Default_suite" title="Master.OrdersExecution1" class="method navigator-link" hash-for-method="VendorNotes_DecoratorNotes_Visible_checkbox_SelectedAtProductLevel_AcknowledgementPreviewVerification">VendorNotes_DecoratorNotes_Visible_checkbox_SelectedAtProductLevel_AcknowledgementPreviewVerification</a> <!-- method navigator-link -->
                      </span>
                      <br/>
                      <span>
                        <img src="failed.png" width="3%"/>
                        <a href="#" panel-name="suite-Default_suite" title="Master.OrdersExecution1" class="method navigator-link" hash-for-method="VendorNotes_DecoratorNotes_Visible_checkbox_SelectedAtProductLevel_InvoicePreviewVerification">VendorNotes_DecoratorNotes_Visible_checkbox_SelectedAtProductLevel_InvoicePreviewVerification</a> <!-- method navigator-link -->
                      </span>
                      <br/>
                      <span>
                        <img src="failed.png" width="3%"/>
                        <a href="#" panel-name="suite-Default_suite" title="Master.OrdersExecution1" class="method navigator-link" hash-for-method="VendorNotes_DecoratorNotes_Visible_checkbox_SelectedAtProductLevel_QuotePreviewVerification">VendorNotes_DecoratorNotes_Visible_checkbox_SelectedAtProductLevel_QuotePreviewVerification</a> <!-- method navigator-link -->
                      </span>
                      <br/>
                      <span>
                        <img src="failed.png" width="3%"/>
                        <a href="#" panel-name="suite-Default_suite" title="Master.OrdersExecution1" class="method navigator-link" hash-for-method="VerifyTermandPay_QuoteRequestPreview">VerifyTermandPay_QuoteRequestPreview</a> <!-- method navigator-link -->
                      </span>
                      <br/>
                      <span>
                        <img src="failed.png" width="3%"/>
                        <a href="#" panel-name="suite-Default_suite" title="Master.OrdersExecution1" class="method navigator-link" hash-for-method="Verify_ImprintLocation">Verify_ImprintLocation</a> <!-- method navigator-link -->
                      </span>
                      <br/>
                    </div> <!-- method-list-content failed suite-Default_suite -->
                  </li>
                  <li>
                    <span class="method-list-title passed">Passed methods</span>
                    <span class="show-or-hide-methods passed">
                      <a href="#" panel-name="suite-Default_suite" class="hide-methods passed suite-Default_suite"> (hide)</a> <!-- hide-methods passed suite-Default_suite -->
                      <a href="#" panel-name="suite-Default_suite" class="show-methods passed suite-Default_suite"> (show)</a> <!-- show-methods passed suite-Default_suite -->
                    </span>
                    <div class="method-list-content passed suite-Default_suite">
                      <span>
                        <img src="passed.png" width="3%"/>
                        <a href="#" panel-name="suite-Default_suite" title="Master.OrdersExecution1" class="method navigator-link" hash-for-method="AccountNo_Visible_Checkbox_Selected_Verification_AtProductLevel">AccountNo_Visible_Checkbox_Selected_Verification_AtProductLevel</a> <!-- method navigator-link -->
                      </span>
                      <br/>
                      <span>
                        <img src="passed.png" width="3%"/>
                        <a href="#" panel-name="suite-Default_suite" title="Master.OrdersExecution1" class="method navigator-link" hash-for-method="CPN_Number_QuoteDocPreview_Verification">CPN_Number_QuoteDocPreview_Verification</a> <!-- method navigator-link -->
                      </span>
                      <br/>
                      <span>
                        <img src="passed.png" width="3%"/>
                        <a href="#" panel-name="suite-Default_suite" title="Master.OrdersExecution1" class="method navigator-link" hash-for-method="CreateInvoice">CreateInvoice</a> <!-- method navigator-link -->
                      </span>
                      <br/>
                      <span>
                        <img src="passed.png" width="3%"/>
                        <a href="#" panel-name="suite-Default_suite" title="Master.OrdersExecution1" class="method navigator-link" hash-for-method="CreateInvoiceShippingAddress_Verification">CreateInvoiceShippingAddress_Verification</a> <!-- method navigator-link -->
                      </span>
                      <br/>
                      <span>
                        <img src="passed.png" width="3%"/>
                        <a href="#" panel-name="suite-Default_suite" title="Master.OrdersExecution1" class="method navigator-link" hash-for-method="CreateOrder_AcknowlodgementAddressVerification">CreateOrder_AcknowlodgementAddressVerification</a> <!-- method navigator-link -->
                      </span>
                      <br/>
                      <span>
                        <img src="passed.png" width="3%"/>
                        <a href="#" panel-name="suite-Default_suite" title="Master.OrdersExecution1" class="method navigator-link" hash-for-method="CreateOrder_BillingAddressVerification">CreateOrder_BillingAddressVerification</a> <!-- method navigator-link -->
                      </span>
                      <br/>
                      <span>
                        <img src="passed.png" width="3%"/>
                        <a href="#" panel-name="suite-Default_suite" title="Master.OrdersExecution1" class="method navigator-link" hash-for-method="CreateOrder_Delete_Orderwith_Associated_Invoices">CreateOrder_Delete_Orderwith_Associated_Invoices</a> <!-- method navigator-link -->
                      </span>
                      <br/>
                      <span>
                        <img src="passed.png" width="3%"/>
                        <a href="#" panel-name="suite-Default_suite" title="Master.OrdersExecution1" class="method navigator-link" hash-for-method="CreateOrder_FromQuote_LinkedTransactionInvoice">CreateOrder_FromQuote_LinkedTransactionInvoice</a> <!-- method navigator-link -->
                      </span>
                      <br/>
                      <span>
                        <img src="passed.png" width="3%"/>
                        <a href="#" panel-name="suite-Default_suite" title="Master.OrdersExecution1" class="method navigator-link" hash-for-method="CreateOrder_LinkedTransactions_Navigation_ToQuoteScreen">CreateOrder_LinkedTransactions_Navigation_ToQuoteScreen</a> <!-- method navigator-link -->
                      </span>
                      <br/>
                      <span>
                        <img src="passed.png" width="3%"/>
                        <a href="#" panel-name="suite-Default_suite" title="Master.OrdersExecution1" class="method navigator-link" hash-for-method="CreateQuote_AddingProductToQuote">CreateQuote_AddingProductToQuote</a> <!-- method navigator-link -->
                      </span>
                      <br/>
                      <span>
                        <img src="passed.png" width="3%"/>
                        <a href="#" panel-name="suite-Default_suite" title="Master.OrdersExecution1" class="method navigator-link" hash-for-method="CreateQuote_BillingAddress_Verification">CreateQuote_BillingAddress_Verification</a> <!-- method navigator-link -->
                      </span>
                      <br/>
                      <span>
                        <img src="passed.png" width="3%"/>
                        <a href="#" panel-name="suite-Default_suite" title="Master.OrdersExecution1" class="method navigator-link" hash-for-method="CreateQuote_ShippingAddress_Verification">CreateQuote_ShippingAddress_Verification</a> <!-- method navigator-link -->
                      </span>
                      <br/>
                      <span>
                        <img src="passed.png" width="3%"/>
                        <a href="#" panel-name="suite-Default_suite" title="Master.OrdersExecution1" class="method navigator-link" hash-for-method="CreateQuote_Verification">CreateQuote_Verification</a> <!-- method navigator-link -->
                      </span>
                      <br/>
                      <span>
                        <img src="passed.png" width="3%"/>
                        <a href="#" panel-name="suite-Default_suite" title="Master.OrdersExecution1" class="method navigator-link" hash-for-method="CustomProducts_SupplierSelectionDropdown_Verification">CustomProducts_SupplierSelectionDropdown_Verification</a> <!-- method navigator-link -->
                      </span>
                      <br/>
                      <span>
                        <img src="passed.png" width="3%"/>
                        <a href="#" panel-name="suite-Default_suite" title="Master.OrdersExecution1" class="method navigator-link" hash-for-method="CustomerFacingDoc_CPN_Visible_EnableFromSettings">CustomerFacingDoc_CPN_Visible_EnableFromSettings</a> <!-- method navigator-link -->
                      </span>
                      <br/>
                      <span>
                        <img src="passed.png" width="3%"/>
                        <a href="#" panel-name="suite-Default_suite" title="Master.OrdersExecution1" class="method navigator-link" hash-for-method="DeleteInvoice_WithPaymentLeft">DeleteInvoice_WithPaymentLeft</a> <!-- method navigator-link -->
                      </span>
                      <br/>
                      <span>
                        <img src="passed.png" width="3%"/>
                        <a href="#" panel-name="suite-Default_suite" title="Master.OrdersExecution1" class="method navigator-link" hash-for-method="DeleteOrder_Orderlevel">DeleteOrder_Orderlevel</a> <!-- method navigator-link -->
                      </span>
                      <br/>
                      <span>
                        <img src="passed.png" width="3%"/>
                        <a href="#" panel-name="suite-Default_suite" title="Master.OrdersExecution1" class="method navigator-link" hash-for-method="FedExOvernight_FedExFLEXExpress_ShipVia_DropdownValuesVerification">FedExOvernight_FedExFLEXExpress_ShipVia_DropdownValuesVerification</a> <!-- method navigator-link -->
                      </span>
                      <br/>
                      <span>
                        <img src="passed.png" width="3%"/>
                        <a href="#" panel-name="suite-Default_suite" title="Master.OrdersExecution1" class="method navigator-link" hash-for-method="FieldsData_Verifications_AfterReorder">FieldsData_Verifications_AfterReorder</a> <!-- method navigator-link -->
                      </span>
                      <br/>
                      <span>
                        <img src="passed.png" width="3%"/>
                        <a href="#" panel-name="suite-Default_suite" title="Master.OrdersExecution1" class="method navigator-link" hash-for-method="Full_Payment_Verify">Full_Payment_Verify</a> <!-- method navigator-link -->
                      </span>
                      <br/>
                      <span>
                        <img src="passed.png" width="3%"/>
                        <a href="#" panel-name="suite-Default_suite" title="Master.OrdersExecution1" class="method navigator-link" hash-for-method="InvalidFileUpload_ErrorMessageDisplayVerification">InvalidFileUpload_ErrorMessageDisplayVerification</a> <!-- method navigator-link -->
                      </span>
                      <br/>
                      <span>
                        <img src="passed.png" width="3%"/>
                        <a href="#" panel-name="suite-Default_suite" title="Master.OrdersExecution1" class="method navigator-link" hash-for-method="InvoiceCreationBillingAddress">InvoiceCreationBillingAddress</a> <!-- method navigator-link -->
                      </span>
                      <br/>
                      <span>
                        <img src="passed.png" width="3%"/>
                        <a href="#" panel-name="suite-Default_suite" title="Master.OrdersExecution1" class="method navigator-link" hash-for-method="LinkedTransaction_Navigation_To_OrderScreen">LinkedTransaction_Navigation_To_OrderScreen</a> <!-- method navigator-link -->
                      </span>
                      <br/>
                      <span>
                        <img src="passed.png" width="3%"/>
                        <a href="#" panel-name="suite-Default_suite" title="Master.OrdersExecution1" class="method navigator-link" hash-for-method="LoginApp">LoginApp</a> <!-- method navigator-link -->
                      </span>
                      <br/>
                      <span>
                        <img src="passed.png" width="3%"/>
                        <a href="#" panel-name="suite-Default_suite" title="Master.OrdersExecution1" class="method navigator-link" hash-for-method="Net25_Net45_Net90_50PercentAdvance_50PercentUponCompletion_Net75_Terms_DropdownValuesVerification">Net25_Net45_Net90_50PercentAdvance_50PercentUponCompletion_Net75_Terms_DropdownValuesVerification</a> <!-- method navigator-link -->
                      </span>
                      <br/>
                      <span>
                        <img src="passed.png" width="3%"/>
                        <a href="#" panel-name="suite-Default_suite" title="Master.OrdersExecution1" class="method navigator-link" hash-for-method="New_InhandDate_AfterReorderVerification">New_InhandDate_AfterReorderVerification</a> <!-- method navigator-link -->
                      </span>
                      <br/>
                      <span>
                        <img src="passed.png" width="3%"/>
                        <a href="#" panel-name="suite-Default_suite" title="Master.OrdersExecution1" class="method navigator-link" hash-for-method="OrderSaving_WithoutSalesPerson_ValidationVerification">OrderSaving_WithoutSalesPerson_ValidationVerification</a> <!-- method navigator-link -->
                      </span>
                      <br/>
                      <span>
                        <img src="passed.png" width="3%"/>
                        <a href="#" panel-name="suite-Default_suite" title="Master.OrdersExecution1" class="method navigator-link" hash-for-method="OrdersListing_SearchOrderField_PlaceholderVerification">OrdersListing_SearchOrderField_PlaceholderVerification</a> <!-- method navigator-link -->
                      </span>
                      <br/>
                      <span>
                        <img src="passed.png" width="3%"/>
                        <a href="#" panel-name="suite-Default_suite" title="Master.OrdersExecution1" class="method navigator-link" hash-for-method="Partial_PaymentLink_Verification">Partial_PaymentLink_Verification</a> <!-- method navigator-link -->
                      </span>
                      <br/>
                      <span>
                        <img src="passed.png" width="3%"/>
                        <a href="#" panel-name="suite-Default_suite" title="Master.OrdersExecution1" class="method navigator-link" hash-for-method="PayWith_ElectronicFundsOption_DropdownValueVerification">PayWith_ElectronicFundsOption_DropdownValueVerification</a> <!-- method navigator-link -->
                      </span>
                      <br/>
                      <span>
                        <img src="passed.png" width="3%"/>
                        <a href="#" panel-name="suite-Default_suite" title="Master.OrdersExecution1" class="method navigator-link" hash-for-method="Percentage_circle_inOrdersSummary_Widget_ToolTip_TextVerification">Percentage_circle_inOrdersSummary_Widget_ToolTip_TextVerification</a> <!-- method navigator-link -->
                      </span>
                      <br/>
                      <span>
                        <img src="passed.png" width="3%"/>
                        <a href="#" panel-name="suite-Default_suite" title="Master.OrdersExecution1" class="method navigator-link" hash-for-method="Percentage_square_in_Orders_SummaryWidget_ToolTip_TextVerification">Percentage_square_in_Orders_SummaryWidget_ToolTip_TextVerification</a> <!-- method navigator-link -->
                      </span>
                      <br/>
                      <span>
                        <img src="passed.png" width="3%"/>
                        <a href="#" panel-name="suite-Default_suite" title="Master.OrdersExecution1" class="method navigator-link" hash-for-method="Product_AddedTo_Invoice">Product_AddedTo_Invoice</a> <!-- method navigator-link -->
                      </span>
                      <br/>
                      <span>
                        <img src="passed.png" width="3%"/>
                        <a href="#" panel-name="suite-Default_suite" title="Master.OrdersExecution1" class="method navigator-link" hash-for-method="Quote_Download">Quote_Download</a> <!-- method navigator-link -->
                      </span>
                      <br/>
                      <span>
                        <img src="passed.png" width="3%"/>
                        <a href="#" panel-name="suite-Default_suite" title="Master.OrdersExecution1" class="method navigator-link" hash-for-method="Reorder_Verification">Reorder_Verification</a> <!-- method navigator-link -->
                      </span>
                      <br/>
                      <span>
                        <img src="passed.png" width="3%"/>
                        <a href="#" panel-name="suite-Default_suite" title="Master.OrdersExecution1" class="method navigator-link" hash-for-method="Review_ImprintLocation">Review_ImprintLocation</a> <!-- method navigator-link -->
                      </span>
                      <br/>
                      <span>
                        <img src="passed.png" width="3%"/>
                        <a href="#" panel-name="suite-Default_suite" title="Master.OrdersExecution1" class="method navigator-link" hash-for-method="Settings_AutomaticSalesTaxChecked">Settings_AutomaticSalesTaxChecked</a> <!-- method navigator-link -->
                      </span>
                      <br/>
                      <span>
                        <img src="passed.png" width="3%"/>
                        <a href="#" panel-name="suite-Default_suite" title="Master.OrdersExecution1" class="method navigator-link" hash-for-method="ShipAccountNo_AcknowledgementDocumentVerification">ShipAccountNo_AcknowledgementDocumentVerification</a> <!-- method navigator-link -->
                      </span>
                      <br/>
                      <span>
                        <img src="passed.png" width="3%"/>
                        <a href="#" panel-name="suite-Default_suite" title="Master.OrdersExecution1" class="method navigator-link" hash-for-method="ShipAccountNo_Checkbox_Uncheck_ByDefaultVerification">ShipAccountNo_Checkbox_Uncheck_ByDefaultVerification</a> <!-- method navigator-link -->
                      </span>
                      <br/>
                      <span>
                        <img src="passed.png" width="3%"/>
                        <a href="#" panel-name="suite-Default_suite" title="Master.OrdersExecution1" class="method navigator-link" hash-for-method="ShipAccountNo_Visibility_InvoiceDocumentVerification">ShipAccountNo_Visibility_InvoiceDocumentVerification</a> <!-- method navigator-link -->
                      </span>
                      <br/>
                      <span>
                        <img src="passed.png" width="3%"/>
                        <a href="#" panel-name="suite-Default_suite" title="Master.OrdersExecution1" class="method navigator-link" hash-for-method="ShipAccountNo_Visibility_QuoteDocumentVerification">ShipAccountNo_Visibility_QuoteDocumentVerification</a> <!-- method navigator-link -->
                      </span>
                      <br/>
                      <span>
                        <img src="passed.png" width="3%"/>
                        <a href="#" panel-name="suite-Default_suite" title="Master.OrdersExecution1" class="method navigator-link" hash-for-method="ShipAccountNotVisible_Visible_Checkbox_UncheckForAccountNo">ShipAccountNotVisible_Visible_Checkbox_UncheckForAccountNo</a> <!-- method navigator-link -->
                      </span>
                      <br/>
                      <span>
                        <img src="passed.png" width="3%"/>
                        <a href="#" panel-name="suite-Default_suite" title="Master.OrdersExecution1" class="method navigator-link" hash-for-method="ShipVia_LoomisGroundOption_DropdownValueVerifcation">ShipVia_LoomisGroundOption_DropdownValueVerifcation</a> <!-- method navigator-link -->
                      </span>
                      <br/>
                      <span>
                        <img src="passed.png" width="3%"/>
                        <a href="#" panel-name="suite-Default_suite" title="Master.OrdersExecution1" class="method navigator-link" hash-for-method="UploadSVGFileOrders_Orderlevel">UploadSVGFileOrders_Orderlevel</a> <!-- method navigator-link -->
                      </span>
                      <br/>
                      <span>
                        <img src="passed.png" width="3%"/>
                        <a href="#" panel-name="suite-Default_suite" title="Master.OrdersExecution1" class="method navigator-link" hash-for-method="Upload_AIExtensionFile">Upload_AIExtensionFile</a> <!-- method navigator-link -->
                      </span>
                      <br/>
                      <span>
                        <img src="passed.png" width="3%"/>
                        <a href="#" panel-name="suite-Default_suite" title="Master.OrdersExecution1" class="method navigator-link" hash-for-method="VendorInformation_QuotePreviewDoc">VendorInformation_QuotePreviewDoc</a> <!-- method navigator-link -->
                      </span>
                      <br/>
                      <span>
                        <img src="passed.png" width="3%"/>
                        <a href="#" panel-name="suite-Default_suite" title="Master.OrdersExecution1" class="method navigator-link" hash-for-method="VerifyBillingEmailAddress_Send_Invoice">VerifyBillingEmailAddress_Send_Invoice</a> <!-- method navigator-link -->
                      </span>
                      <br/>
                      <span>
                        <img src="passed.png" width="3%"/>
                        <a href="#" panel-name="suite-Default_suite" title="Master.OrdersExecution1" class="method navigator-link" hash-for-method="VerifyCogWheelNotExistsFor_CustomProductsVerification">VerifyCogWheelNotExistsFor_CustomProductsVerification</a> <!-- method navigator-link -->
                      </span>
                      <br/>
                    </div> <!-- method-list-content passed suite-Default_suite -->
                  </li>
                </ul>
              </div> <!-- suite-section-content -->
            </div> <!-- result-section -->
          </div> <!-- navigator-suite-content -->
        </div> <!-- rounded-window -->
      </div> <!-- suite -->
    </div> <!-- navigator-root -->
    <div class="wrapper">
      <div class="main-panel-root">
        <div panel-name="suite-Default_suite" class="panel Default_suite">
          <div class="suite-Default_suite-class-failed">
            <div class="main-panel-header rounded-window-top">
              <img src="failed.png"/>
              <span class="class-name">Master.OrdersExecution1</span>
            </div> <!-- main-panel-header rounded-window-top -->
            <div class="main-panel-content rounded-window-bottom">
              <div class="method">
                <div class="method-content">
                  <a name="CreateOrder_ShippingAddressVerification">
                  </a> <!-- CreateOrder_ShippingAddressVerification -->
                  <span class="method-name">CreateOrder_ShippingAddressVerification</span>
                  <div class="stack-trace">org.openqa.selenium.NoSuchElementException: no such element: Unable to locate element: {&quot;method&quot;:&quot;css selector&quot;,&quot;selector&quot;:&quot;#pad-wrapper &gt; div:nth-child(8) &gt; div &gt; div &gt; div:nth-child(2) &gt; div &gt; order-contact &gt; div &gt; div.margin-left-20 &gt; div &gt; address &gt; div:nth-child(3)&quot;}
  (Session info: chrome=100.0.4896.127)
For documentation on this error, please visit: https://www.seleniumhq.org/exceptions/no_such_element.html
Build info: version: &apos;3.141.59&apos;, revision: &apos;e82be7d358&apos;, time: &apos;2018-11-14T08:17:03&apos;
System info: host: &apos;MACPK-WKS-0135&apos;, ip: &apos;192.168.8.100&apos;, os.name: &apos;Windows 10&apos;, os.arch: &apos;amd64&apos;, os.version: &apos;10.0&apos;, java.version: &apos;15.0.1&apos;
Driver info: org.openqa.selenium.chrome.ChromeDriver
Capabilities {acceptInsecureCerts: false, browserName: chrome, browserVersion: 100.0.4896.127, chrome: {chromedriverVersion: 100.0.4896.60 (6a5d10861ce8..., userDataDir: C:\Users\BAKHTA~1.NAZ\AppDa...}, goog:chromeOptions: {debuggerAddress: localhost:63008}, javascriptEnabled: true, networkConnectionEnabled: false, pageLoadStrategy: normal, platform: WINDOWS, platformName: WINDOWS, proxy: Proxy(), setWindowRect: true, strictFileInteractability: false, timeouts: {implicit: 0, pageLoad: 300000, script: 30000}, unhandledPromptBehavior: dismiss and notify, webauthn:extension:credBlob: true, webauthn:extension:largeBlob: true, webauthn:virtualAuthenticators: true}
Session ID: a372304bff87edd22bd90f9e6c39cbd0
*** Element info: {Using=css selector, value=#pad-wrapper &gt; div:nth-child(8) &gt; div &gt; div &gt; div:nth-child(2) &gt; div &gt; order-contact &gt; div &gt; div.margin-left-20 &gt; div &gt; address &gt; div:nth-child(3)}
	at java.base/jdk.internal.reflect.NativeConstructorAccessorImpl.newInstance0(Native Method)
	at java.base/jdk.internal.reflect.NativeConstructorAccessorImpl.newInstance(NativeConstructorAccessorImpl.java:64)
	at java.base/jdk.internal.reflect.DelegatingConstructorAccessorImpl.newInstance(DelegatingConstructorAccessorImpl.java:45)
	at java.base/java.lang.reflect.Constructor.newInstanceWithCaller(Constructor.java:500)
	at java.base/java.lang.reflect.Constructor.newInstance(Constructor.java:481)
	at org.openqa.selenium.remote.http.W3CHttpResponseCodec.createException(W3CHttpResponseCodec.java:187)
	at org.openqa.selenium.remote.http.W3CHttpResponseCodec.decode(W3CHttpResponseCodec.java:122)
	at org.openqa.selenium.remote.http.W3CHttpResponseCodec.decode(W3CHttpResponseCodec.java:49)
	at org.openqa.selenium.remote.HttpCommandExecutor.execute(HttpCommandExecutor.java:158)
	at org.openqa.selenium.remote.service.DriverCommandExecutor.execute(DriverCommandExecutor.java:83)
	at org.openqa.selenium.remote.RemoteWebDriver.execute(RemoteWebDriver.java:552)
	at org.openqa.selenium.remote.RemoteWebDriver.findElement(RemoteWebDriver.java:323)
	at org.openqa.selenium.remote.RemoteWebDriver.findElementByCssSelector(RemoteWebDriver.java:420)
	at org.openqa.selenium.By$ByCssSelector.findElement(By.java:431)
	at org.openqa.selenium.remote.RemoteWebDriver.findElement(RemoteWebDriver.java:315)
	at org.openqa.selenium.support.pagefactory.DefaultElementLocator.findElement(DefaultElementLocator.java:70)
	at org.openqa.selenium.support.pagefactory.internal.LocatingElementHandler.invoke(LocatingElementHandler.java:39)
	at com.sun.proxy.$Proxy13.getText(Unknown Source)
	at OrdersTestcases.CreateOrder.CreateOrder_ShippingAddress_Verification(CreateOrder.java:83)
	at Master.OrdersExecution1.CreateOrder_ShippingAddressVerification(OrdersExecution1.java:427)
	at java.base/jdk.internal.reflect.NativeMethodAccessorImpl.invoke0(Native Method)
	at java.base/jdk.internal.reflect.NativeMethodAccessorImpl.invoke(NativeMethodAccessorImpl.java:64)
	at java.base/jdk.internal.reflect.DelegatingMethodAccessorImpl.invoke(DelegatingMethodAccessorImpl.java:43)
	at java.base/java.lang.reflect.Method.invoke(Method.java:564)
	at org.testng.internal.MethodInvocationHelper.invokeMethod(MethodInvocationHelper.java:132)
	at org.testng.internal.TestInvoker.invokeMethod(TestInvoker.java:599)
	at org.testng.internal.TestInvoker.invokeTestMethod(TestInvoker.java:174)
	at org.testng.internal.MethodRunner.runInSequence(MethodRunner.java:46)
	at org.testng.internal.TestInvoker$MethodInvocationAgent.invoke(TestInvoker.java:822)
	at org.testng.internal.TestInvoker.invokeTestMethods(TestInvoker.java:147)
	at org.testng.internal.TestMethodWorker.invokeTestMethods(TestMethodWorker.java:146)
	at org.testng.internal.TestMethodWorker.run(TestMethodWorker.java:128)
	at java.base/java.util.ArrayList.forEach(ArrayList.java:1511)
	at org.testng.TestRunner.privateRun(TestRunner.java:764)
	at org.testng.TestRunner.run(TestRunner.java:585)
	at org.testng.SuiteRunner.runTest(SuiteRunner.java:384)
	at org.testng.SuiteRunner.runSequentially(SuiteRunner.java:378)
	at org.testng.SuiteRunner.privateRun(SuiteRunner.java:337)
	at org.testng.SuiteRunner.run(SuiteRunner.java:286)
	at org.testng.SuiteRunnerWorker.runSuite(SuiteRunnerWorker.java:53)
	at org.testng.SuiteRunnerWorker.run(SuiteRunnerWorker.java:96)
	at org.testng.TestNG.runSuitesSequentially(TestNG.java:1218)
	at org.testng.TestNG.runSuitesLocally(TestNG.java:1140)
	at org.testng.TestNG.runSuites(TestNG.java:1069)
	at org.testng.TestNG.run(TestNG.java:1037)
	at org.testng.remote.AbstractRemoteTestNG.run(AbstractRemoteTestNG.java:115)
	at org.testng.remote.RemoteTestNG.initAndRun(RemoteTestNG.java:251)
	at org.testng.remote.RemoteTestNG.main(RemoteTestNG.java:77)

</div> <!-- stack-trace -->
                </div> <!-- method-content -->
              </div> <!-- method -->
              <div class="method">
                <div class="method-content">
                  <a name="Enterpaymentpartial">
                  </a> <!-- Enterpaymentpartial -->
                  <span class="method-name">Enterpaymentpartial</span>
                  <div class="stack-trace">java.text.ParseException: Unparseable number: &quot;$48.95&quot;
	at java.base/java.text.NumberFormat.parse(NumberFormat.java:434)
	at Functions.ConversionsWithoutOtherCharges.Subtotal_String_To_Int_Conversion(ConversionsWithoutOtherCharges.java:94)
	at OrdersTestcases.EnterPaymentInvoice_WithInvoiceDeletion.EnterPaymentWithInvoice_PaymentPartial(EnterPaymentInvoice_WithInvoiceDeletion.java:54)
	at Master.OrdersExecution1.Enterpaymentpartial(OrdersExecution1.java:332)
	at java.base/jdk.internal.reflect.NativeMethodAccessorImpl.invoke0(Native Method)
	at java.base/jdk.internal.reflect.NativeMethodAccessorImpl.invoke(NativeMethodAccessorImpl.java:64)
	at java.base/jdk.internal.reflect.DelegatingMethodAccessorImpl.invoke(DelegatingMethodAccessorImpl.java:43)
	at java.base/java.lang.reflect.Method.invoke(Method.java:564)
	at org.testng.internal.MethodInvocationHelper.invokeMethod(MethodInvocationHelper.java:132)
	at org.testng.internal.TestInvoker.invokeMethod(TestInvoker.java:599)
	at org.testng.internal.TestInvoker.invokeTestMethod(TestInvoker.java:174)
	at org.testng.internal.MethodRunner.runInSequence(MethodRunner.java:46)
	at org.testng.internal.TestInvoker$MethodInvocationAgent.invoke(TestInvoker.java:822)
	at org.testng.internal.TestInvoker.invokeTestMethods(TestInvoker.java:147)
	at org.testng.internal.TestMethodWorker.invokeTestMethods(TestMethodWorker.java:146)
	at org.testng.internal.TestMethodWorker.run(TestMethodWorker.java:128)
	at java.base/java.util.ArrayList.forEach(ArrayList.java:1511)
	at org.testng.TestRunner.privateRun(TestRunner.java:764)
	at org.testng.TestRunner.run(TestRunner.java:585)
	at org.testng.SuiteRunner.runTest(SuiteRunner.java:384)
	at org.testng.SuiteRunner.runSequentially(SuiteRunner.java:378)
	at org.testng.SuiteRunner.privateRun(SuiteRunner.java:337)
	at org.testng.SuiteRunner.run(SuiteRunner.java:286)
	at org.testng.SuiteRunnerWorker.runSuite(SuiteRunnerWorker.java:53)
	at org.testng.SuiteRunnerWorker.run(SuiteRunnerWorker.java:96)
	at org.testng.TestNG.runSuitesSequentially(TestNG.java:1218)
	at org.testng.TestNG.runSuitesLocally(TestNG.java:1140)
	at org.testng.TestNG.runSuites(TestNG.java:1069)
	at org.testng.TestNG.run(TestNG.java:1037)
	at org.testng.remote.AbstractRemoteTestNG.run(AbstractRemoteTestNG.java:115)
	at org.testng.remote.RemoteTestNG.initAndRun(RemoteTestNG.java:251)
	at org.testng.remote.RemoteTestNG.main(RemoteTestNG.java:77)

</div> <!-- stack-trace -->
                </div> <!-- method-content -->
              </div> <!-- method -->
              <div class="method">
                <div class="method-content">
                  <a name="Linked_Transaction_ReOrder_Verifications">
                  </a> <!-- Linked_Transaction_ReOrder_Verifications -->
                  <span class="method-name">Linked_Transaction_ReOrder_Verifications</span>
                  <div class="stack-trace">org.openqa.selenium.json.JsonException: java.lang.reflect.InvocationTargetException
Build info: version: &apos;3.141.59&apos;, revision: &apos;e82be7d358&apos;, time: &apos;2018-11-14T08:17:03&apos;
System info: host: &apos;MACPK-WKS-0135&apos;, ip: &apos;192.168.8.100&apos;, os.name: &apos;Windows 10&apos;, os.arch: &apos;amd64&apos;, os.version: &apos;10.0&apos;, java.version: &apos;15.0.1&apos;
Driver info: driver.version: RemoteWebDriver
	at org.openqa.selenium.json.JsonOutput.convertUsingMethod(JsonOutput.java:332)
	at org.openqa.selenium.json.JsonOutput.lambda$new$16(JsonOutput.java:155)
	at org.openqa.selenium.json.JsonOutput.write(JsonOutput.java:264)
	at org.openqa.selenium.json.JsonOutput.lambda$null$21(JsonOutput.java:168)
	at java.base/java.util.LinkedHashMap$LinkedValues.forEach(LinkedHashMap.java:647)
	at org.openqa.selenium.json.JsonOutput.lambda$new$22(JsonOutput.java:168)
	at org.openqa.selenium.json.JsonOutput.write(JsonOutput.java:264)
	at org.openqa.selenium.json.JsonOutput.lambda$null$23(JsonOutput.java:177)
	at com.google.common.collect.SingletonImmutableBiMap.forEach(SingletonImmutableBiMap.java:65)
	at org.openqa.selenium.json.JsonOutput.lambda$new$24(JsonOutput.java:176)
	at org.openqa.selenium.json.JsonOutput.write(JsonOutput.java:264)
	at org.openqa.selenium.json.JsonOutput.write(JsonOutput.java:255)
	at org.openqa.selenium.json.Json.toJson(Json.java:42)
	at org.openqa.selenium.remote.http.AbstractHttpCommandCodec.encode(AbstractHttpCommandCodec.java:227)
	at org.openqa.selenium.remote.http.AbstractHttpCommandCodec.encode(AbstractHttpCommandCodec.java:117)
	at org.openqa.selenium.remote.HttpCommandExecutor.execute(HttpCommandExecutor.java:152)
	at org.openqa.selenium.remote.service.DriverCommandExecutor.execute(DriverCommandExecutor.java:83)
	at org.openqa.selenium.remote.RemoteWebDriver.execute(RemoteWebDriver.java:552)
	at org.openqa.selenium.remote.RemoteWebDriver.perform(RemoteWebDriver.java:618)
	at org.openqa.selenium.interactions.Actions$BuiltAction.perform(Actions.java:639)
	at org.openqa.selenium.interactions.Actions.perform(Actions.java:595)
	at Master.OrdersExecution1.Hover(OrdersExecution1.java:499)
	at OrdersTestcases.EnterPaymentInvoice_WithInvoiceDeletion.Linked_Transaction_ReOrder_Verification(EnterPaymentInvoice_WithInvoiceDeletion.java:514)
	at Master.OrdersExecution1.Linked_Transaction_ReOrder_Verifications(OrdersExecution1.java:380)
	at java.base/jdk.internal.reflect.NativeMethodAccessorImpl.invoke0(Native Method)
	at java.base/jdk.internal.reflect.NativeMethodAccessorImpl.invoke(NativeMethodAccessorImpl.java:64)
	at java.base/jdk.internal.reflect.DelegatingMethodAccessorImpl.invoke(DelegatingMethodAccessorImpl.java:43)
	at java.base/java.lang.reflect.Method.invoke(Method.java:564)
	at org.testng.internal.MethodInvocationHelper.invokeMethod(MethodInvocationHelper.java:132)
	at org.testng.internal.TestInvoker.invokeMethod(TestInvoker.java:599)
	at org.testng.internal.TestInvoker.invokeTestMethod(TestInvoker.java:174)
	at org.testng.internal.MethodRunner.runInSequence(MethodRunner.java:46)
	at org.testng.internal.TestInvoker$MethodInvocationAgent.invoke(TestInvoker.java:822)
	at org.testng.internal.TestInvoker.invokeTestMethods(TestInvoker.java:147)
	at org.testng.internal.TestMethodWorker.invokeTestMethods(TestMethodWorker.java:146)
	at org.testng.internal.TestMethodWorker.run(TestMethodWorker.java:128)
	at java.base/java.util.ArrayList.forEach(ArrayList.java:1511)
	at org.testng.TestRunner.privateRun(TestRunner.java:764)
	at org.testng.TestRunner.run(TestRunner.java:585)
	at org.testng.SuiteRunner.runTest(SuiteRunner.java:384)
	at org.testng.SuiteRunner.runSequentially(SuiteRunner.java:378)
	at org.testng.SuiteRunner.privateRun(SuiteRunner.java:337)
	at org.testng.SuiteRunner.run(SuiteRunner.java:286)
	at org.testng.SuiteRunnerWorker.runSuite(SuiteRunnerWorker.java:53)
	at org.testng.SuiteRunnerWorker.run(SuiteRunnerWorker.java:96)
	at org.testng.TestNG.runSuitesSequentially(TestNG.java:1218)
	at org.testng.TestNG.runSuitesLocally(TestNG.java:1140)
	at org.testng.TestNG.runSuites(TestNG.java:1069)
	at org.testng.TestNG.run(TestNG.java:1037)
	at org.testng.remote.AbstractRemoteTestNG.run(AbstractRemoteTestNG.java:115)
	at org.testng.remote.RemoteTestNG.initAndRun(RemoteTestNG.java:251)
	at org.testng.remote.RemoteTestNG.main(RemoteTestNG.java:77)
	Suppressed: org.openqa.selenium.json.JsonException: Attempting to close incomplete json stream
Build info: version: &apos;3.141.59&apos;, revision: &apos;e82be7d358&apos;, time: &apos;2018-11-14T08:17:03&apos;
System info: host: &apos;MACPK-WKS-0135&apos;, ip: &apos;192.168.8.100&apos;, os.name: &apos;Windows 10&apos;, os.arch: &apos;amd64&apos;, os.version: &apos;10.0&apos;, java.version: &apos;15.0.1&apos;
Driver info: driver.version: RemoteWebDriver
		at org.openqa.selenium.json.JsonOutput.close(JsonOutput.java:279)
		at org.openqa.selenium.json.Json.toJson(Json.java:44)
		... 39 more
Caused by: java.lang.reflect.InvocationTargetException
	at java.base/jdk.internal.reflect.NativeMethodAccessorImpl.invoke0(Native Method)
	at java.base/jdk.internal.reflect.NativeMethodAccessorImpl.invoke(NativeMethodAccessorImpl.java:64)
	at java.base/jdk.internal.reflect.DelegatingMethodAccessorImpl.invoke(DelegatingMethodAccessorImpl.java:43)
	at java.base/java.lang.reflect.Method.invoke(Method.java:564)
	at org.openqa.selenium.json.JsonOutput.convertUsingMethod(JsonOutput.java:328)
	... 51 more
Caused by: org.openqa.selenium.NoSuchElementException: no such element: Unable to locate element: {&quot;method&quot;:&quot;xpath&quot;,&quot;selector&quot;:&quot;//a[contains(@ng-if,&apos;vm.model.length&apos;)]&quot;}
  (Session info: chrome=100.0.4896.127)
For documentation on this error, please visit: https://www.seleniumhq.org/exceptions/no_such_element.html
Build info: version: &apos;3.141.59&apos;, revision: &apos;e82be7d358&apos;, time: &apos;2018-11-14T08:17:03&apos;
System info: host: &apos;MACPK-WKS-0135&apos;, ip: &apos;192.168.8.100&apos;, os.name: &apos;Windows 10&apos;, os.arch: &apos;amd64&apos;, os.version: &apos;10.0&apos;, java.version: &apos;15.0.1&apos;
Driver info: org.openqa.selenium.chrome.ChromeDriver
Capabilities {acceptInsecureCerts: false, browserName: chrome, browserVersion: 100.0.4896.127, chrome: {chromedriverVersion: 100.0.4896.60 (6a5d10861ce8..., userDataDir: C:\Users\BAKHTA~1.NAZ\AppDa...}, goog:chromeOptions: {debuggerAddress: localhost:63008}, javascriptEnabled: true, networkConnectionEnabled: false, pageLoadStrategy: normal, platform: WINDOWS, platformName: WINDOWS, proxy: Proxy(), setWindowRect: true, strictFileInteractability: false, timeouts: {implicit: 0, pageLoad: 300000, script: 30000}, unhandledPromptBehavior: dismiss and notify, webauthn:extension:credBlob: true, webauthn:extension:largeBlob: true, webauthn:virtualAuthenticators: true}
Session ID: a372304bff87edd22bd90f9e6c39cbd0
*** Element info: {Using=xpath, value=//a[contains(@ng-if,&apos;vm.model.length&apos;)]}
	at java.base/jdk.internal.reflect.NativeConstructorAccessorImpl.newInstance0(Native Method)
	at java.base/jdk.internal.reflect.NativeConstructorAccessorImpl.newInstance(NativeConstructorAccessorImpl.java:64)
	at java.base/jdk.internal.reflect.DelegatingConstructorAccessorImpl.newInstance(DelegatingConstructorAccessorImpl.java:45)
	at java.base/java.lang.reflect.Constructor.newInstanceWithCaller(Constructor.java:500)
	at java.base/java.lang.reflect.Constructor.newInstance(Constructor.java:481)
	at org.openqa.selenium.remote.http.W3CHttpResponseCodec.createException(W3CHttpResponseCodec.java:187)
	at org.openqa.selenium.remote.http.W3CHttpResponseCodec.decode(W3CHttpResponseCodec.java:122)
	at org.openqa.selenium.remote.http.W3CHttpResponseCodec.decode(W3CHttpResponseCodec.java:49)
	at org.openqa.selenium.remote.HttpCommandExecutor.execute(HttpCommandExecutor.java:158)
	at org.openqa.selenium.remote.service.DriverCommandExecutor.execute(DriverCommandExecutor.java:83)
	at org.openqa.selenium.remote.RemoteWebDriver.execute(RemoteWebDriver.java:552)
	at org.openqa.selenium.remote.RemoteWebDriver.findElement(RemoteWebDriver.java:323)
	at org.openqa.selenium.remote.RemoteWebDriver.findElementByXPath(RemoteWebDriver.java:428)
	at org.openqa.selenium.By$ByXPath.findElement(By.java:353)
	at org.openqa.selenium.remote.RemoteWebDriver.findElement(RemoteWebDriver.java:315)
	at org.openqa.selenium.support.pagefactory.DefaultElementLocator.findElement(DefaultElementLocator.java:70)
	at org.openqa.selenium.support.pagefactory.internal.LocatingElementHandler.invoke(LocatingElementHandler.java:39)
	at com.sun.proxy.$Proxy13.getWrappedElement(Unknown Source)
	at org.openqa.selenium.interactions.PointerInput$Origin.asArg(PointerInput.java:204)
	at org.openqa.selenium.interactions.PointerInput$Move.encode(PointerInput.java:155)
	at org.openqa.selenium.interactions.Sequence.encode(Sequence.java:75)
	at org.openqa.selenium.interactions.Sequence.toJson(Sequence.java:84)
	... 56 more

</div> <!-- stack-trace -->
                </div> <!-- method-content -->
              </div> <!-- method -->
              <div class="method">
                <div class="method-content">
                  <a name="Shipping_AddressEditing">
                  </a> <!-- Shipping_AddressEditing -->
                  <span class="method-name">Shipping_AddressEditing</span>
                  <div class="stack-trace">org.openqa.selenium.json.JsonException: java.lang.reflect.InvocationTargetException
Build info: version: &apos;3.141.59&apos;, revision: &apos;e82be7d358&apos;, time: &apos;2018-11-14T08:17:03&apos;
System info: host: &apos;MACPK-WKS-0135&apos;, ip: &apos;192.168.8.100&apos;, os.name: &apos;Windows 10&apos;, os.arch: &apos;amd64&apos;, os.version: &apos;10.0&apos;, java.version: &apos;15.0.1&apos;
Driver info: driver.version: RemoteWebDriver
	at org.openqa.selenium.json.JsonOutput.convertUsingMethod(JsonOutput.java:332)
	at org.openqa.selenium.json.JsonOutput.lambda$new$16(JsonOutput.java:155)
	at org.openqa.selenium.json.JsonOutput.write(JsonOutput.java:264)
	at org.openqa.selenium.json.JsonOutput.lambda$null$21(JsonOutput.java:168)
	at java.base/java.util.LinkedHashMap$LinkedValues.forEach(LinkedHashMap.java:647)
	at org.openqa.selenium.json.JsonOutput.lambda$new$22(JsonOutput.java:168)
	at org.openqa.selenium.json.JsonOutput.write(JsonOutput.java:264)
	at org.openqa.selenium.json.JsonOutput.lambda$null$23(JsonOutput.java:177)
	at com.google.common.collect.SingletonImmutableBiMap.forEach(SingletonImmutableBiMap.java:65)
	at org.openqa.selenium.json.JsonOutput.lambda$new$24(JsonOutput.java:176)
	at org.openqa.selenium.json.JsonOutput.write(JsonOutput.java:264)
	at org.openqa.selenium.json.JsonOutput.write(JsonOutput.java:255)
	at org.openqa.selenium.json.Json.toJson(Json.java:42)
	at org.openqa.selenium.remote.http.AbstractHttpCommandCodec.encode(AbstractHttpCommandCodec.java:227)
	at org.openqa.selenium.remote.http.AbstractHttpCommandCodec.encode(AbstractHttpCommandCodec.java:117)
	at org.openqa.selenium.remote.HttpCommandExecutor.execute(HttpCommandExecutor.java:152)
	at org.openqa.selenium.remote.service.DriverCommandExecutor.execute(DriverCommandExecutor.java:83)
	at org.openqa.selenium.remote.RemoteWebDriver.execute(RemoteWebDriver.java:552)
	at org.openqa.selenium.remote.RemoteWebDriver.perform(RemoteWebDriver.java:618)
	at org.openqa.selenium.interactions.Actions$BuiltAction.perform(Actions.java:639)
	at org.openqa.selenium.interactions.Actions.perform(Actions.java:595)
	at Master.OrdersExecution1.Hover(OrdersExecution1.java:499)
	at OrdersTestcases.EnterPaymentInvoice_WithInvoiceDeletion.Shipping_Address_Editing(EnterPaymentInvoice_WithInvoiceDeletion.java:178)
	at Master.OrdersExecution1.Shipping_AddressEditing(OrdersExecution1.java:350)
	at java.base/jdk.internal.reflect.NativeMethodAccessorImpl.invoke0(Native Method)
	at java.base/jdk.internal.reflect.NativeMethodAccessorImpl.invoke(NativeMethodAccessorImpl.java:64)
	at java.base/jdk.internal.reflect.DelegatingMethodAccessorImpl.invoke(DelegatingMethodAccessorImpl.java:43)
	at java.base/java.lang.reflect.Method.invoke(Method.java:564)
	at org.testng.internal.MethodInvocationHelper.invokeMethod(MethodInvocationHelper.java:132)
	at org.testng.internal.TestInvoker.invokeMethod(TestInvoker.java:599)
	at org.testng.internal.TestInvoker.invokeTestMethod(TestInvoker.java:174)
	at org.testng.internal.MethodRunner.runInSequence(MethodRunner.java:46)
	at org.testng.internal.TestInvoker$MethodInvocationAgent.invoke(TestInvoker.java:822)
	at org.testng.internal.TestInvoker.invokeTestMethods(TestInvoker.java:147)
	at org.testng.internal.TestMethodWorker.invokeTestMethods(TestMethodWorker.java:146)
	at org.testng.internal.TestMethodWorker.run(TestMethodWorker.java:128)
	at java.base/java.util.ArrayList.forEach(ArrayList.java:1511)
	at org.testng.TestRunner.privateRun(TestRunner.java:764)
	at org.testng.TestRunner.run(TestRunner.java:585)
	at org.testng.SuiteRunner.runTest(SuiteRunner.java:384)
	at org.testng.SuiteRunner.runSequentially(SuiteRunner.java:378)
	at org.testng.SuiteRunner.privateRun(SuiteRunner.java:337)
	at org.testng.SuiteRunner.run(SuiteRunner.java:286)
	at org.testng.SuiteRunnerWorker.runSuite(SuiteRunnerWorker.java:53)
	at org.testng.SuiteRunnerWorker.run(SuiteRunnerWorker.java:96)
	at org.testng.TestNG.runSuitesSequentially(TestNG.java:1218)
	at org.testng.TestNG.runSuitesLocally(TestNG.java:1140)
	at org.testng.TestNG.runSuites(TestNG.java:1069)
	at org.testng.TestNG.run(TestNG.java:1037)
	at org.testng.remote.AbstractRemoteTestNG.run(AbstractRemoteTestNG.java:115)
	at org.testng.remote.RemoteTestNG.initAndRun(RemoteTestNG.java:251)
	at org.testng.remote.RemoteTestNG.main(RemoteTestNG.java:77)
	Suppressed: org.openqa.selenium.json.JsonException: Attempting to close incomplete json stream
Build info: version: &apos;3.141.59&apos;, revision: &apos;e82be7d358&apos;, time: &apos;2018-11-14T08:17:03&apos;
System info: host: &apos;MACPK-WKS-0135&apos;, ip: &apos;192.168.8.100&apos;, os.name: &apos;Windows 10&apos;, os.arch: &apos;amd64&apos;, os.version: &apos;10.0&apos;, java.version: &apos;15.0.1&apos;
Driver info: driver.version: RemoteWebDriver
		at org.openqa.selenium.json.JsonOutput.close(JsonOutput.java:279)
		at org.openqa.selenium.json.Json.toJson(Json.java:44)
		... 39 more
Caused by: java.lang.reflect.InvocationTargetException
	at java.base/jdk.internal.reflect.NativeMethodAccessorImpl.invoke0(Native Method)
	at java.base/jdk.internal.reflect.NativeMethodAccessorImpl.invoke(NativeMethodAccessorImpl.java:64)
	at java.base/jdk.internal.reflect.DelegatingMethodAccessorImpl.invoke(DelegatingMethodAccessorImpl.java:43)
	at java.base/java.lang.reflect.Method.invoke(Method.java:564)
	at org.openqa.selenium.json.JsonOutput.convertUsingMethod(JsonOutput.java:328)
	... 51 more
Caused by: org.openqa.selenium.NoSuchElementException: no such element: Unable to locate element: {&quot;method&quot;:&quot;xpath&quot;,&quot;selector&quot;:&quot;//a[contains(@ng-if,&apos;vm.model.length&apos;)]&quot;}
  (Session info: chrome=100.0.4896.127)
For documentation on this error, please visit: https://www.seleniumhq.org/exceptions/no_such_element.html
Build info: version: &apos;3.141.59&apos;, revision: &apos;e82be7d358&apos;, time: &apos;2018-11-14T08:17:03&apos;
System info: host: &apos;MACPK-WKS-0135&apos;, ip: &apos;192.168.8.100&apos;, os.name: &apos;Windows 10&apos;, os.arch: &apos;amd64&apos;, os.version: &apos;10.0&apos;, java.version: &apos;15.0.1&apos;
Driver info: org.openqa.selenium.chrome.ChromeDriver
Capabilities {acceptInsecureCerts: false, browserName: chrome, browserVersion: 100.0.4896.127, chrome: {chromedriverVersion: 100.0.4896.60 (6a5d10861ce8..., userDataDir: C:\Users\BAKHTA~1.NAZ\AppDa...}, goog:chromeOptions: {debuggerAddress: localhost:63008}, javascriptEnabled: true, networkConnectionEnabled: false, pageLoadStrategy: normal, platform: WINDOWS, platformName: WINDOWS, proxy: Proxy(), setWindowRect: true, strictFileInteractability: false, timeouts: {implicit: 0, pageLoad: 300000, script: 30000}, unhandledPromptBehavior: dismiss and notify, webauthn:extension:credBlob: true, webauthn:extension:largeBlob: true, webauthn:virtualAuthenticators: true}
Session ID: a372304bff87edd22bd90f9e6c39cbd0
*** Element info: {Using=xpath, value=//a[contains(@ng-if,&apos;vm.model.length&apos;)]}
	at java.base/jdk.internal.reflect.NativeConstructorAccessorImpl.newInstance0(Native Method)
	at java.base/jdk.internal.reflect.NativeConstructorAccessorImpl.newInstance(NativeConstructorAccessorImpl.java:64)
	at java.base/jdk.internal.reflect.DelegatingConstructorAccessorImpl.newInstance(DelegatingConstructorAccessorImpl.java:45)
	at java.base/java.lang.reflect.Constructor.newInstanceWithCaller(Constructor.java:500)
	at java.base/java.lang.reflect.Constructor.newInstance(Constructor.java:481)
	at org.openqa.selenium.remote.http.W3CHttpResponseCodec.createException(W3CHttpResponseCodec.java:187)
	at org.openqa.selenium.remote.http.W3CHttpResponseCodec.decode(W3CHttpResponseCodec.java:122)
	at org.openqa.selenium.remote.http.W3CHttpResponseCodec.decode(W3CHttpResponseCodec.java:49)
	at org.openqa.selenium.remote.HttpCommandExecutor.execute(HttpCommandExecutor.java:158)
	at org.openqa.selenium.remote.service.DriverCommandExecutor.execute(DriverCommandExecutor.java:83)
	at org.openqa.selenium.remote.RemoteWebDriver.execute(RemoteWebDriver.java:552)
	at org.openqa.selenium.remote.RemoteWebDriver.findElement(RemoteWebDriver.java:323)
	at org.openqa.selenium.remote.RemoteWebDriver.findElementByXPath(RemoteWebDriver.java:428)
	at org.openqa.selenium.By$ByXPath.findElement(By.java:353)
	at org.openqa.selenium.remote.RemoteWebDriver.findElement(RemoteWebDriver.java:315)
	at org.openqa.selenium.support.pagefactory.DefaultElementLocator.findElement(DefaultElementLocator.java:70)
	at org.openqa.selenium.support.pagefactory.internal.LocatingElementHandler.invoke(LocatingElementHandler.java:39)
	at com.sun.proxy.$Proxy13.getWrappedElement(Unknown Source)
	at org.openqa.selenium.interactions.PointerInput$Origin.asArg(PointerInput.java:204)
	at org.openqa.selenium.interactions.PointerInput$Move.encode(PointerInput.java:155)
	at org.openqa.selenium.interactions.Sequence.encode(Sequence.java:75)
	at org.openqa.selenium.interactions.Sequence.toJson(Sequence.java:84)
	... 56 more

</div> <!-- stack-trace -->
                </div> <!-- method-content -->
              </div> <!-- method -->
              <div class="method">
                <div class="method-content">
                  <a name="VendorNotes_DecoratorNotes_Visible_checkbox_SelectedAtProductLevel_AcknowledgementPreviewVerification">
                  </a> <!-- VendorNotes_DecoratorNotes_Visible_checkbox_SelectedAtProductLevel_AcknowledgementPreviewVerification -->
                  <span class="method-name">VendorNotes_DecoratorNotes_Visible_checkbox_SelectedAtProductLevel_AcknowledgementPreviewVerification</span>
                  <div class="stack-trace">org.openqa.selenium.NoSuchElementException: no such element: Unable to locate element: {&quot;method&quot;:&quot;xpath&quot;,&quot;selector&quot;:&quot;//b[contains(text(), &apos;Notes&apos;)]/parent::*&quot;}
  (Session info: chrome=100.0.4896.127)
For documentation on this error, please visit: https://www.seleniumhq.org/exceptions/no_such_element.html
Build info: version: &apos;3.141.59&apos;, revision: &apos;e82be7d358&apos;, time: &apos;2018-11-14T08:17:03&apos;
System info: host: &apos;MACPK-WKS-0135&apos;, ip: &apos;192.168.8.100&apos;, os.name: &apos;Windows 10&apos;, os.arch: &apos;amd64&apos;, os.version: &apos;10.0&apos;, java.version: &apos;15.0.1&apos;
Driver info: org.openqa.selenium.chrome.ChromeDriver
Capabilities {acceptInsecureCerts: false, browserName: chrome, browserVersion: 100.0.4896.127, chrome: {chromedriverVersion: 100.0.4896.60 (6a5d10861ce8..., userDataDir: C:\Users\BAKHTA~1.NAZ\AppDa...}, goog:chromeOptions: {debuggerAddress: localhost:63008}, javascriptEnabled: true, networkConnectionEnabled: false, pageLoadStrategy: normal, platform: WINDOWS, platformName: WINDOWS, proxy: Proxy(), setWindowRect: true, strictFileInteractability: false, timeouts: {implicit: 0, pageLoad: 300000, script: 30000}, unhandledPromptBehavior: dismiss and notify, webauthn:extension:credBlob: true, webauthn:extension:largeBlob: true, webauthn:virtualAuthenticators: true}
Session ID: a372304bff87edd22bd90f9e6c39cbd0
*** Element info: {Using=xpath, value=//b[contains(text(), &apos;Notes&apos;)]/parent::*}
	at java.base/jdk.internal.reflect.NativeConstructorAccessorImpl.newInstance0(Native Method)
	at java.base/jdk.internal.reflect.NativeConstructorAccessorImpl.newInstance(NativeConstructorAccessorImpl.java:64)
	at java.base/jdk.internal.reflect.DelegatingConstructorAccessorImpl.newInstance(DelegatingConstructorAccessorImpl.java:45)
	at java.base/java.lang.reflect.Constructor.newInstanceWithCaller(Constructor.java:500)
	at java.base/java.lang.reflect.Constructor.newInstance(Constructor.java:481)
	at org.openqa.selenium.remote.http.W3CHttpResponseCodec.createException(W3CHttpResponseCodec.java:187)
	at org.openqa.selenium.remote.http.W3CHttpResponseCodec.decode(W3CHttpResponseCodec.java:122)
	at org.openqa.selenium.remote.http.W3CHttpResponseCodec.decode(W3CHttpResponseCodec.java:49)
	at org.openqa.selenium.remote.HttpCommandExecutor.execute(HttpCommandExecutor.java:158)
	at org.openqa.selenium.remote.service.DriverCommandExecutor.execute(DriverCommandExecutor.java:83)
	at org.openqa.selenium.remote.RemoteWebDriver.execute(RemoteWebDriver.java:552)
	at org.openqa.selenium.remote.RemoteWebDriver.findElement(RemoteWebDriver.java:323)
	at org.openqa.selenium.remote.RemoteWebDriver.findElementByXPath(RemoteWebDriver.java:428)
	at org.openqa.selenium.By$ByXPath.findElement(By.java:353)
	at org.openqa.selenium.remote.RemoteWebDriver.findElement(RemoteWebDriver.java:315)
	at org.openqa.selenium.support.pagefactory.DefaultElementLocator.findElement(DefaultElementLocator.java:70)
	at org.openqa.selenium.support.pagefactory.internal.LocatingElementHandler.invoke(LocatingElementHandler.java:39)
	at com.sun.proxy.$Proxy13.getText(Unknown Source)
	at OrdersTestcases.CreateOrder_FromQuote.VendorNotes_DecoratorNotes_Visible_checkbox_SelectedAtProductLevel_AcknowledgementPreview_Verification(CreateOrder_FromQuote.java:260)
	at Master.OrdersExecution1.VendorNotes_DecoratorNotes_Visible_checkbox_SelectedAtProductLevel_AcknowledgementPreviewVerification(OrdersExecution1.java:320)
	at java.base/jdk.internal.reflect.NativeMethodAccessorImpl.invoke0(Native Method)
	at java.base/jdk.internal.reflect.NativeMethodAccessorImpl.invoke(NativeMethodAccessorImpl.java:64)
	at java.base/jdk.internal.reflect.DelegatingMethodAccessorImpl.invoke(DelegatingMethodAccessorImpl.java:43)
	at java.base/java.lang.reflect.Method.invoke(Method.java:564)
	at org.testng.internal.MethodInvocationHelper.invokeMethod(MethodInvocationHelper.java:132)
	at org.testng.internal.TestInvoker.invokeMethod(TestInvoker.java:599)
	at org.testng.internal.TestInvoker.invokeTestMethod(TestInvoker.java:174)
	at org.testng.internal.MethodRunner.runInSequence(MethodRunner.java:46)
	at org.testng.internal.TestInvoker$MethodInvocationAgent.invoke(TestInvoker.java:822)
	at org.testng.internal.TestInvoker.invokeTestMethods(TestInvoker.java:147)
	at org.testng.internal.TestMethodWorker.invokeTestMethods(TestMethodWorker.java:146)
	at org.testng.internal.TestMethodWorker.run(TestMethodWorker.java:128)
	at java.base/java.util.ArrayList.forEach(ArrayList.java:1511)
	at org.testng.TestRunner.privateRun(TestRunner.java:764)
	at org.testng.TestRunner.run(TestRunner.java:585)
	at org.testng.SuiteRunner.runTest(SuiteRunner.java:384)
	at org.testng.SuiteRunner.runSequentially(SuiteRunner.java:378)
	at org.testng.SuiteRunner.privateRun(SuiteRunner.java:337)
	at org.testng.SuiteRunner.run(SuiteRunner.java:286)
	at org.testng.SuiteRunnerWorker.runSuite(SuiteRunnerWorker.java:53)
	at org.testng.SuiteRunnerWorker.run(SuiteRunnerWorker.java:96)
	at org.testng.TestNG.runSuitesSequentially(TestNG.java:1218)
	at org.testng.TestNG.runSuitesLocally(TestNG.java:1140)
	at org.testng.TestNG.runSuites(TestNG.java:1069)
	at org.testng.TestNG.run(TestNG.java:1037)
	at org.testng.remote.AbstractRemoteTestNG.run(AbstractRemoteTestNG.java:115)
	at org.testng.remote.RemoteTestNG.initAndRun(RemoteTestNG.java:251)
	at org.testng.remote.RemoteTestNG.main(RemoteTestNG.java:77)

</div> <!-- stack-trace -->
                </div> <!-- method-content -->
              </div> <!-- method -->
              <div class="method">
                <div class="method-content">
                  <a name="VendorNotes_DecoratorNotes_Visible_checkbox_SelectedAtProductLevel_InvoicePreviewVerification">
                  </a> <!-- VendorNotes_DecoratorNotes_Visible_checkbox_SelectedAtProductLevel_InvoicePreviewVerification -->
                  <span class="method-name">VendorNotes_DecoratorNotes_Visible_checkbox_SelectedAtProductLevel_InvoicePreviewVerification</span>
                  <div class="stack-trace">org.openqa.selenium.NoSuchElementException: no such element: Unable to locate element: {&quot;method&quot;:&quot;xpath&quot;,&quot;selector&quot;:&quot;//b[contains(text(), &apos;Notes&apos;)]/parent::*&quot;}
  (Session info: chrome=100.0.4896.127)
For documentation on this error, please visit: https://www.seleniumhq.org/exceptions/no_such_element.html
Build info: version: &apos;3.141.59&apos;, revision: &apos;e82be7d358&apos;, time: &apos;2018-11-14T08:17:03&apos;
System info: host: &apos;MACPK-WKS-0135&apos;, ip: &apos;192.168.8.100&apos;, os.name: &apos;Windows 10&apos;, os.arch: &apos;amd64&apos;, os.version: &apos;10.0&apos;, java.version: &apos;15.0.1&apos;
Driver info: org.openqa.selenium.chrome.ChromeDriver
Capabilities {acceptInsecureCerts: false, browserName: chrome, browserVersion: 100.0.4896.127, chrome: {chromedriverVersion: 100.0.4896.60 (6a5d10861ce8..., userDataDir: C:\Users\BAKHTA~1.NAZ\AppDa...}, goog:chromeOptions: {debuggerAddress: localhost:63008}, javascriptEnabled: true, networkConnectionEnabled: false, pageLoadStrategy: normal, platform: WINDOWS, platformName: WINDOWS, proxy: Proxy(), setWindowRect: true, strictFileInteractability: false, timeouts: {implicit: 0, pageLoad: 300000, script: 30000}, unhandledPromptBehavior: dismiss and notify, webauthn:extension:credBlob: true, webauthn:extension:largeBlob: true, webauthn:virtualAuthenticators: true}
Session ID: a372304bff87edd22bd90f9e6c39cbd0
*** Element info: {Using=xpath, value=//b[contains(text(), &apos;Notes&apos;)]/parent::*}
	at java.base/jdk.internal.reflect.NativeConstructorAccessorImpl.newInstance0(Native Method)
	at java.base/jdk.internal.reflect.NativeConstructorAccessorImpl.newInstance(NativeConstructorAccessorImpl.java:64)
	at java.base/jdk.internal.reflect.DelegatingConstructorAccessorImpl.newInstance(DelegatingConstructorAccessorImpl.java:45)
	at java.base/java.lang.reflect.Constructor.newInstanceWithCaller(Constructor.java:500)
	at java.base/java.lang.reflect.Constructor.newInstance(Constructor.java:481)
	at org.openqa.selenium.remote.http.W3CHttpResponseCodec.createException(W3CHttpResponseCodec.java:187)
	at org.openqa.selenium.remote.http.W3CHttpResponseCodec.decode(W3CHttpResponseCodec.java:122)
	at org.openqa.selenium.remote.http.W3CHttpResponseCodec.decode(W3CHttpResponseCodec.java:49)
	at org.openqa.selenium.remote.HttpCommandExecutor.execute(HttpCommandExecutor.java:158)
	at org.openqa.selenium.remote.service.DriverCommandExecutor.execute(DriverCommandExecutor.java:83)
	at org.openqa.selenium.remote.RemoteWebDriver.execute(RemoteWebDriver.java:552)
	at org.openqa.selenium.remote.RemoteWebDriver.findElement(RemoteWebDriver.java:323)
	at org.openqa.selenium.remote.RemoteWebDriver.findElementByXPath(RemoteWebDriver.java:428)
	at org.openqa.selenium.By$ByXPath.findElement(By.java:353)
	at org.openqa.selenium.remote.RemoteWebDriver.findElement(RemoteWebDriver.java:315)
	at org.openqa.selenium.support.pagefactory.DefaultElementLocator.findElement(DefaultElementLocator.java:70)
	at org.openqa.selenium.support.pagefactory.internal.LocatingElementHandler.invoke(LocatingElementHandler.java:39)
	at com.sun.proxy.$Proxy13.getText(Unknown Source)
	at OrdersTestcases.CreateOrder_FromQuote.VendorNotes_DecoratorNotes_Visible_checkbox_SelectedAtProductLevel_InvoicePreview_Verification(CreateOrder_FromQuote.java:110)
	at Master.OrdersExecution1.VendorNotes_DecoratorNotes_Visible_checkbox_SelectedAtProductLevel_InvoicePreviewVerification(OrdersExecution1.java:294)
	at java.base/jdk.internal.reflect.NativeMethodAccessorImpl.invoke0(Native Method)
	at java.base/jdk.internal.reflect.NativeMethodAccessorImpl.invoke(NativeMethodAccessorImpl.java:64)
	at java.base/jdk.internal.reflect.DelegatingMethodAccessorImpl.invoke(DelegatingMethodAccessorImpl.java:43)
	at java.base/java.lang.reflect.Method.invoke(Method.java:564)
	at org.testng.internal.MethodInvocationHelper.invokeMethod(MethodInvocationHelper.java:132)
	at org.testng.internal.TestInvoker.invokeMethod(TestInvoker.java:599)
	at org.testng.internal.TestInvoker.invokeTestMethod(TestInvoker.java:174)
	at org.testng.internal.MethodRunner.runInSequence(MethodRunner.java:46)
	at org.testng.internal.TestInvoker$MethodInvocationAgent.invoke(TestInvoker.java:822)
	at org.testng.internal.TestInvoker.invokeTestMethods(TestInvoker.java:147)
	at org.testng.internal.TestMethodWorker.invokeTestMethods(TestMethodWorker.java:146)
	at org.testng.internal.TestMethodWorker.run(TestMethodWorker.java:128)
	at java.base/java.util.ArrayList.forEach(ArrayList.java:1511)
	at org.testng.TestRunner.privateRun(TestRunner.java:764)
	at org.testng.TestRunner.run(TestRunner.java:585)
	at org.testng.SuiteRunner.runTest(SuiteRunner.java:384)
	at org.testng.SuiteRunner.runSequentially(SuiteRunner.java:378)
	at org.testng.SuiteRunner.privateRun(SuiteRunner.java:337)
	at org.testng.SuiteRunner.run(SuiteRunner.java:286)
	at org.testng.SuiteRunnerWorker.runSuite(SuiteRunnerWorker.java:53)
	at org.testng.SuiteRunnerWorker.run(SuiteRunnerWorker.java:96)
	at org.testng.TestNG.runSuitesSequentially(TestNG.java:1218)
	at org.testng.TestNG.runSuitesLocally(TestNG.java:1140)
	at org.testng.TestNG.runSuites(TestNG.java:1069)
	at org.testng.TestNG.run(TestNG.java:1037)
	at org.testng.remote.AbstractRemoteTestNG.run(AbstractRemoteTestNG.java:115)
	at org.testng.remote.RemoteTestNG.initAndRun(RemoteTestNG.java:251)
	at org.testng.remote.RemoteTestNG.main(RemoteTestNG.java:77)

</div> <!-- stack-trace -->
                </div> <!-- method-content -->
              </div> <!-- method -->
              <div class="method">
                <div class="method-content">
                  <a name="VendorNotes_DecoratorNotes_Visible_checkbox_SelectedAtProductLevel_QuotePreviewVerification">
                  </a> <!-- VendorNotes_DecoratorNotes_Visible_checkbox_SelectedAtProductLevel_QuotePreviewVerification -->
                  <span class="method-name">VendorNotes_DecoratorNotes_Visible_checkbox_SelectedAtProductLevel_QuotePreviewVerification</span>
                  <div class="stack-trace">org.openqa.selenium.NoSuchElementException: no such element: Unable to locate element: {&quot;method&quot;:&quot;xpath&quot;,&quot;selector&quot;:&quot;//b[contains(text(), &apos;Notes&apos;)]/parent::*&quot;}
  (Session info: chrome=100.0.4896.127)
For documentation on this error, please visit: https://www.seleniumhq.org/exceptions/no_such_element.html
Build info: version: &apos;3.141.59&apos;, revision: &apos;e82be7d358&apos;, time: &apos;2018-11-14T08:17:03&apos;
System info: host: &apos;MACPK-WKS-0135&apos;, ip: &apos;192.168.8.100&apos;, os.name: &apos;Windows 10&apos;, os.arch: &apos;amd64&apos;, os.version: &apos;10.0&apos;, java.version: &apos;15.0.1&apos;
Driver info: org.openqa.selenium.chrome.ChromeDriver
Capabilities {acceptInsecureCerts: false, browserName: chrome, browserVersion: 100.0.4896.127, chrome: {chromedriverVersion: 100.0.4896.60 (6a5d10861ce8..., userDataDir: C:\Users\BAKHTA~1.NAZ\AppDa...}, goog:chromeOptions: {debuggerAddress: localhost:63008}, javascriptEnabled: true, networkConnectionEnabled: false, pageLoadStrategy: normal, platform: WINDOWS, platformName: WINDOWS, proxy: Proxy(), setWindowRect: true, strictFileInteractability: false, timeouts: {implicit: 0, pageLoad: 300000, script: 30000}, unhandledPromptBehavior: dismiss and notify, webauthn:extension:credBlob: true, webauthn:extension:largeBlob: true, webauthn:virtualAuthenticators: true}
Session ID: a372304bff87edd22bd90f9e6c39cbd0
*** Element info: {Using=xpath, value=//b[contains(text(), &apos;Notes&apos;)]/parent::*}
	at java.base/jdk.internal.reflect.NativeConstructorAccessorImpl.newInstance0(Native Method)
	at java.base/jdk.internal.reflect.NativeConstructorAccessorImpl.newInstance(NativeConstructorAccessorImpl.java:64)
	at java.base/jdk.internal.reflect.DelegatingConstructorAccessorImpl.newInstance(DelegatingConstructorAccessorImpl.java:45)
	at java.base/java.lang.reflect.Constructor.newInstanceWithCaller(Constructor.java:500)
	at java.base/java.lang.reflect.Constructor.newInstance(Constructor.java:481)
	at org.openqa.selenium.remote.http.W3CHttpResponseCodec.createException(W3CHttpResponseCodec.java:187)
	at org.openqa.selenium.remote.http.W3CHttpResponseCodec.decode(W3CHttpResponseCodec.java:122)
	at org.openqa.selenium.remote.http.W3CHttpResponseCodec.decode(W3CHttpResponseCodec.java:49)
	at org.openqa.selenium.remote.HttpCommandExecutor.execute(HttpCommandExecutor.java:158)
	at org.openqa.selenium.remote.service.DriverCommandExecutor.execute(DriverCommandExecutor.java:83)
	at org.openqa.selenium.remote.RemoteWebDriver.execute(RemoteWebDriver.java:552)
	at org.openqa.selenium.remote.RemoteWebDriver.findElement(RemoteWebDriver.java:323)
	at org.openqa.selenium.remote.RemoteWebDriver.findElementByXPath(RemoteWebDriver.java:428)
	at org.openqa.selenium.By$ByXPath.findElement(By.java:353)
	at org.openqa.selenium.remote.RemoteWebDriver.findElement(RemoteWebDriver.java:315)
	at org.openqa.selenium.support.pagefactory.DefaultElementLocator.findElement(DefaultElementLocator.java:70)
	at org.openqa.selenium.support.pagefactory.internal.LocatingElementHandler.invoke(LocatingElementHandler.java:39)
	at com.sun.proxy.$Proxy13.getText(Unknown Source)
	at OrdersTestcases.CreateQuote.VendorNotes_DecoratorNotes_DecoratorInstructions_Visible_checkbox_SelectedAtProductLevel_QuotePreview_Verification(CreateQuote.java:561)
	at Master.OrdersExecution1.VendorNotes_DecoratorNotes_Visible_checkbox_SelectedAtProductLevel_QuotePreviewVerification(OrdersExecution1.java:250)
	at java.base/jdk.internal.reflect.NativeMethodAccessorImpl.invoke0(Native Method)
	at java.base/jdk.internal.reflect.NativeMethodAccessorImpl.invoke(NativeMethodAccessorImpl.java:64)
	at java.base/jdk.internal.reflect.DelegatingMethodAccessorImpl.invoke(DelegatingMethodAccessorImpl.java:43)
	at java.base/java.lang.reflect.Method.invoke(Method.java:564)
	at org.testng.internal.MethodInvocationHelper.invokeMethod(MethodInvocationHelper.java:132)
	at org.testng.internal.TestInvoker.invokeMethod(TestInvoker.java:599)
	at org.testng.internal.TestInvoker.invokeTestMethod(TestInvoker.java:174)
	at org.testng.internal.MethodRunner.runInSequence(MethodRunner.java:46)
	at org.testng.internal.TestInvoker$MethodInvocationAgent.invoke(TestInvoker.java:822)
	at org.testng.internal.TestInvoker.invokeTestMethods(TestInvoker.java:147)
	at org.testng.internal.TestMethodWorker.invokeTestMethods(TestMethodWorker.java:146)
	at org.testng.internal.TestMethodWorker.run(TestMethodWorker.java:128)
	at java.base/java.util.ArrayList.forEach(ArrayList.java:1511)
	at org.testng.TestRunner.privateRun(TestRunner.java:764)
	at org.testng.TestRunner.run(TestRunner.java:585)
	at org.testng.SuiteRunner.runTest(SuiteRunner.java:384)
	at org.testng.SuiteRunner.runSequentially(SuiteRunner.java:378)
	at org.testng.SuiteRunner.privateRun(SuiteRunner.java:337)
	at org.testng.SuiteRunner.run(SuiteRunner.java:286)
	at org.testng.SuiteRunnerWorker.runSuite(SuiteRunnerWorker.java:53)
	at org.testng.SuiteRunnerWorker.run(SuiteRunnerWorker.java:96)
	at org.testng.TestNG.runSuitesSequentially(TestNG.java:1218)
	at org.testng.TestNG.runSuitesLocally(TestNG.java:1140)
	at org.testng.TestNG.runSuites(TestNG.java:1069)
	at org.testng.TestNG.run(TestNG.java:1037)
	at org.testng.remote.AbstractRemoteTestNG.run(AbstractRemoteTestNG.java:115)
	at org.testng.remote.RemoteTestNG.initAndRun(RemoteTestNG.java:251)
	at org.testng.remote.RemoteTestNG.main(RemoteTestNG.java:77)

</div> <!-- stack-trace -->
                </div> <!-- method-content -->
              </div> <!-- method -->
              <div class="method">
                <div class="method-content">
                  <a name="VerifyTermandPay_QuoteRequestPreview">
                  </a> <!-- VerifyTermandPay_QuoteRequestPreview -->
                  <span class="method-name">VerifyTermandPay_QuoteRequestPreview</span>
                  <div class="stack-trace">org.openqa.selenium.ElementClickInterceptedException: element click intercepted: Element &lt;li ng-model=&quot;itemView&quot; ng-repeat=&quot;(key, tab) in itemViews&quot; ng-class=&quot;{&apos;btn-primary active&apos; : tab.active }&quot; class=&quot;ng-pristine ng-untouched ng-valid ng-scope ng-not-empty&quot;&gt;...&lt;/li&gt; is not clickable at point (523, 535). Other element would receive the click: &lt;div class=&quot;block-ui-overlay&quot;&gt;&lt;/div&gt;
  (Session info: chrome=100.0.4896.127)
Build info: version: &apos;3.141.59&apos;, revision: &apos;e82be7d358&apos;, time: &apos;2018-11-14T08:17:03&apos;
System info: host: &apos;MACPK-WKS-0135&apos;, ip: &apos;192.168.8.100&apos;, os.name: &apos;Windows 10&apos;, os.arch: &apos;amd64&apos;, os.version: &apos;10.0&apos;, java.version: &apos;15.0.1&apos;
Driver info: org.openqa.selenium.chrome.ChromeDriver
Capabilities {acceptInsecureCerts: false, browserName: chrome, browserVersion: 100.0.4896.127, chrome: {chromedriverVersion: 100.0.4896.60 (6a5d10861ce8..., userDataDir: C:\Users\BAKHTA~1.NAZ\AppDa...}, goog:chromeOptions: {debuggerAddress: localhost:63008}, javascriptEnabled: true, networkConnectionEnabled: false, pageLoadStrategy: normal, platform: WINDOWS, platformName: WINDOWS, proxy: Proxy(), setWindowRect: true, strictFileInteractability: false, timeouts: {implicit: 0, pageLoad: 300000, script: 30000}, unhandledPromptBehavior: dismiss and notify, webauthn:extension:credBlob: true, webauthn:extension:largeBlob: true, webauthn:virtualAuthenticators: true}
Session ID: a372304bff87edd22bd90f9e6c39cbd0
	at java.base/jdk.internal.reflect.NativeConstructorAccessorImpl.newInstance0(Native Method)
	at java.base/jdk.internal.reflect.NativeConstructorAccessorImpl.newInstance(NativeConstructorAccessorImpl.java:64)
	at java.base/jdk.internal.reflect.DelegatingConstructorAccessorImpl.newInstance(DelegatingConstructorAccessorImpl.java:45)
	at java.base/java.lang.reflect.Constructor.newInstanceWithCaller(Constructor.java:500)
	at java.base/java.lang.reflect.Constructor.newInstance(Constructor.java:481)
	at org.openqa.selenium.remote.http.W3CHttpResponseCodec.createException(W3CHttpResponseCodec.java:187)
	at org.openqa.selenium.remote.http.W3CHttpResponseCodec.decode(W3CHttpResponseCodec.java:122)
	at org.openqa.selenium.remote.http.W3CHttpResponseCodec.decode(W3CHttpResponseCodec.java:49)
	at org.openqa.selenium.remote.HttpCommandExecutor.execute(HttpCommandExecutor.java:158)
	at org.openqa.selenium.remote.service.DriverCommandExecutor.execute(DriverCommandExecutor.java:83)
	at org.openqa.selenium.remote.RemoteWebDriver.execute(RemoteWebDriver.java:552)
	at org.openqa.selenium.remote.RemoteWebElement.execute(RemoteWebElement.java:285)
	at org.openqa.selenium.remote.RemoteWebElement.click(RemoteWebElement.java:84)
	at OrdersTestcases.CreateQuote.VerifyTermandPay_QuoteRequest_Preview(CreateQuote.java:408)
	at Master.OrdersExecution1.VerifyTermandPay_QuoteRequestPreview(OrdersExecution1.java:205)
	at java.base/jdk.internal.reflect.NativeMethodAccessorImpl.invoke0(Native Method)
	at java.base/jdk.internal.reflect.NativeMethodAccessorImpl.invoke(NativeMethodAccessorImpl.java:64)
	at java.base/jdk.internal.reflect.DelegatingMethodAccessorImpl.invoke(DelegatingMethodAccessorImpl.java:43)
	at java.base/java.lang.reflect.Method.invoke(Method.java:564)
	at org.testng.internal.MethodInvocationHelper.invokeMethod(MethodInvocationHelper.java:132)
	at org.testng.internal.TestInvoker.invokeMethod(TestInvoker.java:599)
	at org.testng.internal.TestInvoker.invokeTestMethod(TestInvoker.java:174)
	at org.testng.internal.MethodRunner.runInSequence(MethodRunner.java:46)
	at org.testng.internal.TestInvoker$MethodInvocationAgent.invoke(TestInvoker.java:822)
	at org.testng.internal.TestInvoker.invokeTestMethods(TestInvoker.java:147)
	at org.testng.internal.TestMethodWorker.invokeTestMethods(TestMethodWorker.java:146)
	at org.testng.internal.TestMethodWorker.run(TestMethodWorker.java:128)
	at java.base/java.util.ArrayList.forEach(ArrayList.java:1511)
	at org.testng.TestRunner.privateRun(TestRunner.java:764)
	at org.testng.TestRunner.run(TestRunner.java:585)
	at org.testng.SuiteRunner.runTest(SuiteRunner.java:384)
	at org.testng.SuiteRunner.runSequentially(SuiteRunner.java:378)
	at org.testng.SuiteRunner.privateRun(SuiteRunner.java:337)
	at org.testng.SuiteRunner.run(SuiteRunner.java:286)
	at org.testng.SuiteRunnerWorker.runSuite(SuiteRunnerWorker.java:53)
	at org.testng.SuiteRunnerWorker.run(SuiteRunnerWorker.java:96)
	at org.testng.TestNG.runSuitesSequentially(TestNG.java:1218)
	at org.testng.TestNG.runSuitesLocally(TestNG.java:1140)
	at org.testng.TestNG.runSuites(TestNG.java:1069)
	at org.testng.TestNG.run(TestNG.java:1037)
	at org.testng.remote.AbstractRemoteTestNG.run(AbstractRemoteTestNG.java:115)
	at org.testng.remote.RemoteTestNG.initAndRun(RemoteTestNG.java:251)
	at org.testng.remote.RemoteTestNG.main(RemoteTestNG.java:77)

</div> <!-- stack-trace -->
                </div> <!-- method-content -->
              </div> <!-- method -->
              <div class="method">
                <div class="method-content">
                  <a name="Verify_ImprintLocation">
                  </a> <!-- Verify_ImprintLocation -->
                  <span class="method-name">Verify_ImprintLocation</span>
                  <div class="stack-trace">org.openqa.selenium.NoSuchElementException: no such element: Unable to locate element: {&quot;method&quot;:&quot;xpath&quot;,&quot;selector&quot;:&quot;//table[contains(@class,&apos;decoration-table&apos;)]/descendant::td[1]&quot;}
  (Session info: chrome=100.0.4896.127)
For documentation on this error, please visit: https://www.seleniumhq.org/exceptions/no_such_element.html
Build info: version: &apos;3.141.59&apos;, revision: &apos;e82be7d358&apos;, time: &apos;2018-11-14T08:17:03&apos;
System info: host: &apos;MACPK-WKS-0135&apos;, ip: &apos;192.168.8.100&apos;, os.name: &apos;Windows 10&apos;, os.arch: &apos;amd64&apos;, os.version: &apos;10.0&apos;, java.version: &apos;15.0.1&apos;
Driver info: org.openqa.selenium.chrome.ChromeDriver
Capabilities {acceptInsecureCerts: false, browserName: chrome, browserVersion: 100.0.4896.127, chrome: {chromedriverVersion: 100.0.4896.60 (6a5d10861ce8..., userDataDir: C:\Users\BAKHTA~1.NAZ\AppDa...}, goog:chromeOptions: {debuggerAddress: localhost:63008}, javascriptEnabled: true, networkConnectionEnabled: false, pageLoadStrategy: normal, platform: WINDOWS, platformName: WINDOWS, proxy: Proxy(), setWindowRect: true, strictFileInteractability: false, timeouts: {implicit: 0, pageLoad: 300000, script: 30000}, unhandledPromptBehavior: dismiss and notify, webauthn:extension:credBlob: true, webauthn:extension:largeBlob: true, webauthn:virtualAuthenticators: true}
Session ID: a372304bff87edd22bd90f9e6c39cbd0
*** Element info: {Using=xpath, value=//table[contains(@class,&apos;decoration-table&apos;)]/descendant::td[1]}
	at java.base/jdk.internal.reflect.NativeConstructorAccessorImpl.newInstance0(Native Method)
	at java.base/jdk.internal.reflect.NativeConstructorAccessorImpl.newInstance(NativeConstructorAccessorImpl.java:64)
	at java.base/jdk.internal.reflect.DelegatingConstructorAccessorImpl.newInstance(DelegatingConstructorAccessorImpl.java:45)
	at java.base/java.lang.reflect.Constructor.newInstanceWithCaller(Constructor.java:500)
	at java.base/java.lang.reflect.Constructor.newInstance(Constructor.java:481)
	at org.openqa.selenium.remote.http.W3CHttpResponseCodec.createException(W3CHttpResponseCodec.java:187)
	at org.openqa.selenium.remote.http.W3CHttpResponseCodec.decode(W3CHttpResponseCodec.java:122)
	at org.openqa.selenium.remote.http.W3CHttpResponseCodec.decode(W3CHttpResponseCodec.java:49)
	at org.openqa.selenium.remote.HttpCommandExecutor.execute(HttpCommandExecutor.java:158)
	at org.openqa.selenium.remote.service.DriverCommandExecutor.execute(DriverCommandExecutor.java:83)
	at org.openqa.selenium.remote.RemoteWebDriver.execute(RemoteWebDriver.java:552)
	at org.openqa.selenium.remote.RemoteWebDriver.findElement(RemoteWebDriver.java:323)
	at org.openqa.selenium.remote.RemoteWebDriver.findElementByXPath(RemoteWebDriver.java:428)
	at org.openqa.selenium.By$ByXPath.findElement(By.java:353)
	at org.openqa.selenium.remote.RemoteWebDriver.findElement(RemoteWebDriver.java:315)
	at org.openqa.selenium.support.pagefactory.DefaultElementLocator.findElement(DefaultElementLocator.java:70)
	at org.openqa.selenium.support.pagefactory.internal.LocatingElementHandler.invoke(LocatingElementHandler.java:39)
	at com.sun.proxy.$Proxy13.getText(Unknown Source)
	at OrdersTestcases.CreateQuote.VerifyImprintLocation(CreateQuote.java:507)
	at Master.OrdersExecution1.Verify_ImprintLocation(OrdersExecution1.java:228)
	at java.base/jdk.internal.reflect.NativeMethodAccessorImpl.invoke0(Native Method)
	at java.base/jdk.internal.reflect.NativeMethodAccessorImpl.invoke(NativeMethodAccessorImpl.java:64)
	at java.base/jdk.internal.reflect.DelegatingMethodAccessorImpl.invoke(DelegatingMethodAccessorImpl.java:43)
	at java.base/java.lang.reflect.Method.invoke(Method.java:564)
	at org.testng.internal.MethodInvocationHelper.invokeMethod(MethodInvocationHelper.java:132)
	at org.testng.internal.TestInvoker.invokeMethod(TestInvoker.java:599)
	at org.testng.internal.TestInvoker.invokeTestMethod(TestInvoker.java:174)
	at org.testng.internal.MethodRunner.runInSequence(MethodRunner.java:46)
	at org.testng.internal.TestInvoker$MethodInvocationAgent.invoke(TestInvoker.java:822)
	at org.testng.internal.TestInvoker.invokeTestMethods(TestInvoker.java:147)
	at org.testng.internal.TestMethodWorker.invokeTestMethods(TestMethodWorker.java:146)
	at org.testng.internal.TestMethodWorker.run(TestMethodWorker.java:128)
	at java.base/java.util.ArrayList.forEach(ArrayList.java:1511)
	at org.testng.TestRunner.privateRun(TestRunner.java:764)
	at org.testng.TestRunner.run(TestRunner.java:585)
	at org.testng.SuiteRunner.runTest(SuiteRunner.java:384)
	at org.testng.SuiteRunner.runSequentially(SuiteRunner.java:378)
	at org.testng.SuiteRunner.privateRun(SuiteRunner.java:337)
	at org.testng.SuiteRunner.run(SuiteRunner.java:286)
	at org.testng.SuiteRunnerWorker.runSuite(SuiteRunnerWorker.java:53)
	at org.testng.SuiteRunnerWorker.run(SuiteRunnerWorker.java:96)
	at org.testng.TestNG.runSuitesSequentially(TestNG.java:1218)
	at org.testng.TestNG.runSuitesLocally(TestNG.java:1140)
	at org.testng.TestNG.runSuites(TestNG.java:1069)
	at org.testng.TestNG.run(TestNG.java:1037)
	at org.testng.remote.AbstractRemoteTestNG.run(AbstractRemoteTestNG.java:115)
	at org.testng.remote.RemoteTestNG.initAndRun(RemoteTestNG.java:251)
	at org.testng.remote.RemoteTestNG.main(RemoteTestNG.java:77)

</div> <!-- stack-trace -->
                </div> <!-- method-content -->
              </div> <!-- method -->
            </div> <!-- main-panel-content rounded-window-bottom -->
          </div> <!-- suite-Default_suite-class-failed -->
          <div class="suite-Default_suite-class-passed">
            <div class="main-panel-header rounded-window-top">
              <img src="passed.png"/>
              <span class="class-name">Master.OrdersExecution1</span>
            </div> <!-- main-panel-header rounded-window-top -->
            <div class="main-panel-content rounded-window-bottom">
              <div class="method">
                <div class="method-content">
                  <a name="AccountNo_Visible_Checkbox_Selected_Verification_AtProductLevel">
                  </a> <!-- AccountNo_Visible_Checkbox_Selected_Verification_AtProductLevel -->
                  <span class="method-name">AccountNo_Visible_Checkbox_Selected_Verification_AtProductLevel</span>
                </div> <!-- method-content -->
              </div> <!-- method -->
              <div class="method">
                <div class="method-content">
                  <a name="CPN_Number_QuoteDocPreview_Verification">
                  </a> <!-- CPN_Number_QuoteDocPreview_Verification -->
                  <span class="method-name">CPN_Number_QuoteDocPreview_Verification</span>
                </div> <!-- method-content -->
              </div> <!-- method -->
              <div class="method">
                <div class="method-content">
                  <a name="CreateInvoice">
                  </a> <!-- CreateInvoice -->
                  <span class="method-name">CreateInvoice</span>
                </div> <!-- method-content -->
              </div> <!-- method -->
              <div class="method">
                <div class="method-content">
                  <a name="CreateInvoiceShippingAddress_Verification">
                  </a> <!-- CreateInvoiceShippingAddress_Verification -->
                  <span class="method-name">CreateInvoiceShippingAddress_Verification</span>
                </div> <!-- method-content -->
              </div> <!-- method -->
              <div class="method">
                <div class="method-content">
                  <a name="CreateOrder_AcknowlodgementAddressVerification">
                  </a> <!-- CreateOrder_AcknowlodgementAddressVerification -->
                  <span class="method-name">CreateOrder_AcknowlodgementAddressVerification</span>
                </div> <!-- method-content -->
              </div> <!-- method -->
              <div class="method">
                <div class="method-content">
                  <a name="CreateOrder_BillingAddressVerification">
                  </a> <!-- CreateOrder_BillingAddressVerification -->
                  <span class="method-name">CreateOrder_BillingAddressVerification</span>
                </div> <!-- method-content -->
              </div> <!-- method -->
              <div class="method">
                <div class="method-content">
                  <a name="CreateOrder_Delete_Orderwith_Associated_Invoices">
                  </a> <!-- CreateOrder_Delete_Orderwith_Associated_Invoices -->
                  <span class="method-name">CreateOrder_Delete_Orderwith_Associated_Invoices</span>
                </div> <!-- method-content -->
              </div> <!-- method -->
              <div class="method">
                <div class="method-content">
                  <a name="CreateOrder_FromQuote_LinkedTransactionInvoice">
                  </a> <!-- CreateOrder_FromQuote_LinkedTransactionInvoice -->
                  <span class="method-name">CreateOrder_FromQuote_LinkedTransactionInvoice</span>
                </div> <!-- method-content -->
              </div> <!-- method -->
              <div class="method">
                <div class="method-content">
                  <a name="CreateOrder_LinkedTransactions_Navigation_ToQuoteScreen">
                  </a> <!-- CreateOrder_LinkedTransactions_Navigation_ToQuoteScreen -->
                  <span class="method-name">CreateOrder_LinkedTransactions_Navigation_ToQuoteScreen</span>
                </div> <!-- method-content -->
              </div> <!-- method -->
              <div class="method">
                <div class="method-content">
                  <a name="CreateQuote_AddingProductToQuote">
                  </a> <!-- CreateQuote_AddingProductToQuote -->
                  <span class="method-name">CreateQuote_AddingProductToQuote</span>
                </div> <!-- method-content -->
              </div> <!-- method -->
              <div class="method">
                <div class="method-content">
                  <a name="CreateQuote_BillingAddress_Verification">
                  </a> <!-- CreateQuote_BillingAddress_Verification -->
                  <span class="method-name">CreateQuote_BillingAddress_Verification</span>
                </div> <!-- method-content -->
              </div> <!-- method -->
              <div class="method">
                <div class="method-content">
                  <a name="CreateQuote_ShippingAddress_Verification">
                  </a> <!-- CreateQuote_ShippingAddress_Verification -->
                  <span class="method-name">CreateQuote_ShippingAddress_Verification</span>
                </div> <!-- method-content -->
              </div> <!-- method -->
              <div class="method">
                <div class="method-content">
                  <a name="CreateQuote_Verification">
                  </a> <!-- CreateQuote_Verification -->
                  <span class="method-name">CreateQuote_Verification</span>
                </div> <!-- method-content -->
              </div> <!-- method -->
              <div class="method">
                <div class="method-content">
                  <a name="CustomProducts_SupplierSelectionDropdown_Verification">
                  </a> <!-- CustomProducts_SupplierSelectionDropdown_Verification -->
                  <span class="method-name">CustomProducts_SupplierSelectionDropdown_Verification</span>
                </div> <!-- method-content -->
              </div> <!-- method -->
              <div class="method">
                <div class="method-content">
                  <a name="CustomerFacingDoc_CPN_Visible_EnableFromSettings">
                  </a> <!-- CustomerFacingDoc_CPN_Visible_EnableFromSettings -->
                  <span class="method-name">CustomerFacingDoc_CPN_Visible_EnableFromSettings</span>
                </div> <!-- method-content -->
              </div> <!-- method -->
              <div class="method">
                <div class="method-content">
                  <a name="DeleteInvoice_WithPaymentLeft">
                  </a> <!-- DeleteInvoice_WithPaymentLeft -->
                  <span class="method-name">DeleteInvoice_WithPaymentLeft</span>
                </div> <!-- method-content -->
              </div> <!-- method -->
              <div class="method">
                <div class="method-content">
                  <a name="DeleteOrder_Orderlevel">
                  </a> <!-- DeleteOrder_Orderlevel -->
                  <span class="method-name">DeleteOrder_Orderlevel</span>
                </div> <!-- method-content -->
              </div> <!-- method -->
              <div class="method">
                <div class="method-content">
                  <a name="FedExOvernight_FedExFLEXExpress_ShipVia_DropdownValuesVerification">
                  </a> <!-- FedExOvernight_FedExFLEXExpress_ShipVia_DropdownValuesVerification -->
                  <span class="method-name">FedExOvernight_FedExFLEXExpress_ShipVia_DropdownValuesVerification</span>
                </div> <!-- method-content -->
              </div> <!-- method -->
              <div class="method">
                <div class="method-content">
                  <a name="FieldsData_Verifications_AfterReorder">
                  </a> <!-- FieldsData_Verifications_AfterReorder -->
                  <span class="method-name">FieldsData_Verifications_AfterReorder</span>
                </div> <!-- method-content -->
              </div> <!-- method -->
              <div class="method">
                <div class="method-content">
                  <a name="Full_Payment_Verify">
                  </a> <!-- Full_Payment_Verify -->
                  <span class="method-name">Full_Payment_Verify</span>
                </div> <!-- method-content -->
              </div> <!-- method -->
              <div class="method">
                <div class="method-content">
                  <a name="InvalidFileUpload_ErrorMessageDisplayVerification">
                  </a> <!-- InvalidFileUpload_ErrorMessageDisplayVerification -->
                  <span class="method-name">InvalidFileUpload_ErrorMessageDisplayVerification</span>
                </div> <!-- method-content -->
              </div> <!-- method -->
              <div class="method">
                <div class="method-content">
                  <a name="InvoiceCreationBillingAddress">
                  </a> <!-- InvoiceCreationBillingAddress -->
                  <span class="method-name">InvoiceCreationBillingAddress</span>
                </div> <!-- method-content -->
              </div> <!-- method -->
              <div class="method">
                <div class="method-content">
                  <a name="LinkedTransaction_Navigation_To_OrderScreen">
                  </a> <!-- LinkedTransaction_Navigation_To_OrderScreen -->
                  <span class="method-name">LinkedTransaction_Navigation_To_OrderScreen</span>
                </div> <!-- method-content -->
              </div> <!-- method -->
              <div class="method">
                <div class="method-content">
                  <a name="LoginApp">
                  </a> <!-- LoginApp -->
                  <span class="method-name">LoginApp</span>
                  <em>
(Validate that user is able to login with orders application successfully)                  </em>
                </div> <!-- method-content -->
              </div> <!-- method -->
              <div class="method">
                <div class="method-content">
                  <a name="Net25_Net45_Net90_50PercentAdvance_50PercentUponCompletion_Net75_Terms_DropdownValuesVerification">
                  </a> <!-- Net25_Net45_Net90_50PercentAdvance_50PercentUponCompletion_Net75_Terms_DropdownValuesVerification -->
                  <span class="method-name">Net25_Net45_Net90_50PercentAdvance_50PercentUponCompletion_Net75_Terms_DropdownValuesVerification</span>
                </div> <!-- method-content -->
              </div> <!-- method -->
              <div class="method">
                <div class="method-content">
                  <a name="New_InhandDate_AfterReorderVerification">
                  </a> <!-- New_InhandDate_AfterReorderVerification -->
                  <span class="method-name">New_InhandDate_AfterReorderVerification</span>
                </div> <!-- method-content -->
              </div> <!-- method -->
              <div class="method">
                <div class="method-content">
                  <a name="OrderSaving_WithoutSalesPerson_ValidationVerification">
                  </a> <!-- OrderSaving_WithoutSalesPerson_ValidationVerification -->
                  <span class="method-name">OrderSaving_WithoutSalesPerson_ValidationVerification</span>
                </div> <!-- method-content -->
              </div> <!-- method -->
              <div class="method">
                <div class="method-content">
                  <a name="OrdersListing_SearchOrderField_PlaceholderVerification">
                  </a> <!-- OrdersListing_SearchOrderField_PlaceholderVerification -->
                  <span class="method-name">OrdersListing_SearchOrderField_PlaceholderVerification</span>
                  <em>
(Validate that on orders landing page search field should have water mark 'Search by product,supplier etc.')                  </em>
                </div> <!-- method-content -->
              </div> <!-- method -->
              <div class="method">
                <div class="method-content">
                  <a name="Partial_PaymentLink_Verification">
                  </a> <!-- Partial_PaymentLink_Verification -->
                  <span class="method-name">Partial_PaymentLink_Verification</span>
                </div> <!-- method-content -->
              </div> <!-- method -->
              <div class="method">
                <div class="method-content">
                  <a name="PayWith_ElectronicFundsOption_DropdownValueVerification">
                  </a> <!-- PayWith_ElectronicFundsOption_DropdownValueVerification -->
                  <span class="method-name">PayWith_ElectronicFundsOption_DropdownValueVerification</span>
                </div> <!-- method-content -->
              </div> <!-- method -->
              <div class="method">
                <div class="method-content">
                  <a name="Percentage_circle_inOrdersSummary_Widget_ToolTip_TextVerification">
                  </a> <!-- Percentage_circle_inOrdersSummary_Widget_ToolTip_TextVerification -->
                  <span class="method-name">Percentage_circle_inOrdersSummary_Widget_ToolTip_TextVerification</span>
                  <em>
(Validate that on dashboard tool tip 'Difference in sales revenue between the selected period and the prior period' should be displayed on orders summary section.)                  </em>
                </div> <!-- method-content -->
              </div> <!-- method -->
              <div class="method">
                <div class="method-content">
                  <a name="Percentage_square_in_Orders_SummaryWidget_ToolTip_TextVerification">
                  </a> <!-- Percentage_square_in_Orders_SummaryWidget_ToolTip_TextVerification -->
                  <span class="method-name">Percentage_square_in_Orders_SummaryWidget_ToolTip_TextVerification</span>
                  <em>
(Validate that on dashboard tool tip 'Difference in sales revenue year to date compared to the same time prior year' should be displayed on yearly summary section.)                  </em>
                </div> <!-- method-content -->
              </div> <!-- method -->
              <div class="method">
                <div class="method-content">
                  <a name="Product_AddedTo_Invoice">
                  </a> <!-- Product_AddedTo_Invoice -->
                  <span class="method-name">Product_AddedTo_Invoice</span>
                </div> <!-- method-content -->
              </div> <!-- method -->
              <div class="method">
                <div class="method-content">
                  <a name="Quote_Download">
                  </a> <!-- Quote_Download -->
                  <span class="method-name">Quote_Download</span>
                </div> <!-- method-content -->
              </div> <!-- method -->
              <div class="method">
                <div class="method-content">
                  <a name="Reorder_Verification">
                  </a> <!-- Reorder_Verification -->
                  <span class="method-name">Reorder_Verification</span>
                </div> <!-- method-content -->
              </div> <!-- method -->
              <div class="method">
                <div class="method-content">
                  <a name="Review_ImprintLocation">
                  </a> <!-- Review_ImprintLocation -->
                  <span class="method-name">Review_ImprintLocation</span>
                </div> <!-- method-content -->
              </div> <!-- method -->
              <div class="method">
                <div class="method-content">
                  <a name="Settings_AutomaticSalesTaxChecked">
                  </a> <!-- Settings_AutomaticSalesTaxChecked -->
                  <span class="method-name">Settings_AutomaticSalesTaxChecked</span>
                  <em>
(Validate that in sale tax page from settings address exists with 'PA' state and Tax rates checks box should be selected.)                  </em>
                </div> <!-- method-content -->
              </div> <!-- method -->
              <div class="method">
                <div class="method-content">
                  <a name="ShipAccountNo_AcknowledgementDocumentVerification">
                  </a> <!-- ShipAccountNo_AcknowledgementDocumentVerification -->
                  <span class="method-name">ShipAccountNo_AcknowledgementDocumentVerification</span>
                </div> <!-- method-content -->
              </div> <!-- method -->
              <div class="method">
                <div class="method-content">
                  <a name="ShipAccountNo_Checkbox_Uncheck_ByDefaultVerification">
                  </a> <!-- ShipAccountNo_Checkbox_Uncheck_ByDefaultVerification -->
                  <span class="method-name">ShipAccountNo_Checkbox_Uncheck_ByDefaultVerification</span>
                </div> <!-- method-content -->
              </div> <!-- method -->
              <div class="method">
                <div class="method-content">
                  <a name="ShipAccountNo_Visibility_InvoiceDocumentVerification">
                  </a> <!-- ShipAccountNo_Visibility_InvoiceDocumentVerification -->
                  <span class="method-name">ShipAccountNo_Visibility_InvoiceDocumentVerification</span>
                </div> <!-- method-content -->
              </div> <!-- method -->
              <div class="method">
                <div class="method-content">
                  <a name="ShipAccountNo_Visibility_QuoteDocumentVerification">
                  </a> <!-- ShipAccountNo_Visibility_QuoteDocumentVerification -->
                  <span class="method-name">ShipAccountNo_Visibility_QuoteDocumentVerification</span>
                </div> <!-- method-content -->
              </div> <!-- method -->
              <div class="method">
                <div class="method-content">
                  <a name="ShipAccountNotVisible_Visible_Checkbox_UncheckForAccountNo">
                  </a> <!-- ShipAccountNotVisible_Visible_Checkbox_UncheckForAccountNo -->
                  <span class="method-name">ShipAccountNotVisible_Visible_Checkbox_UncheckForAccountNo</span>
                </div> <!-- method-content -->
              </div> <!-- method -->
              <div class="method">
                <div class="method-content">
                  <a name="ShipVia_LoomisGroundOption_DropdownValueVerifcation">
                  </a> <!-- ShipVia_LoomisGroundOption_DropdownValueVerifcation -->
                  <span class="method-name">ShipVia_LoomisGroundOption_DropdownValueVerifcation</span>
                </div> <!-- method-content -->
              </div> <!-- method -->
              <div class="method">
                <div class="method-content">
                  <a name="UploadSVGFileOrders_Orderlevel">
                  </a> <!-- UploadSVGFileOrders_Orderlevel -->
                  <span class="method-name">UploadSVGFileOrders_Orderlevel</span>
                </div> <!-- method-content -->
              </div> <!-- method -->
              <div class="method">
                <div class="method-content">
                  <a name="Upload_AIExtensionFile">
                  </a> <!-- Upload_AIExtensionFile -->
                  <span class="method-name">Upload_AIExtensionFile</span>
                </div> <!-- method-content -->
              </div> <!-- method -->
              <div class="method">
                <div class="method-content">
                  <a name="VendorInformation_QuotePreviewDoc">
                  </a> <!-- VendorInformation_QuotePreviewDoc -->
                  <span class="method-name">VendorInformation_QuotePreviewDoc</span>
                </div> <!-- method-content -->
              </div> <!-- method -->
              <div class="method">
                <div class="method-content">
                  <a name="VerifyBillingEmailAddress_Send_Invoice">
                  </a> <!-- VerifyBillingEmailAddress_Send_Invoice -->
                  <span class="method-name">VerifyBillingEmailAddress_Send_Invoice</span>
                </div> <!-- method-content -->
              </div> <!-- method -->
              <div class="method">
                <div class="method-content">
                  <a name="VerifyCogWheelNotExistsFor_CustomProductsVerification">
                  </a> <!-- VerifyCogWheelNotExistsFor_CustomProductsVerification -->
                  <span class="method-name">VerifyCogWheelNotExistsFor_CustomProductsVerification</span>
                </div> <!-- method-content -->
              </div> <!-- method -->
            </div> <!-- main-panel-content rounded-window-bottom -->
          </div> <!-- suite-Default_suite-class-passed -->
        </div> <!-- panel Default_suite -->
        <div panel-name="test-xml-Default_suite" class="panel">
          <div class="main-panel-header rounded-window-top">
            <span class="header-content">C:\Users\Bakhtawar.Nazir\AppData\Local\Temp\testng-eclipse--1630421986\testng-customsuite.xml</span>
          </div> <!-- main-panel-header rounded-window-top -->
          <div class="main-panel-content rounded-window-bottom">
            <pre>
&lt;?xml version=&quot;1.0&quot; encoding=&quot;UTF-8&quot;?&gt;
&lt;!DOCTYPE suite SYSTEM &quot;https://testng.org/testng-1.0.dtd&quot;&gt;
&lt;suite name=&quot;Default suite&quot; guice-stage=&quot;DEVELOPMENT&quot;&gt;
  &lt;test thread-count=&quot;5&quot; name=&quot;Default test&quot; verbose=&quot;2&quot;&gt;
    &lt;classes&gt;
      &lt;class name=&quot;Master.OrdersExecution1&quot;/&gt;
    &lt;/classes&gt;
  &lt;/test&gt; &lt;!-- Default test --&gt;
&lt;/suite&gt; &lt;!-- Default suite --&gt;
            </pre>
          </div> <!-- main-panel-content rounded-window-bottom -->
        </div> <!-- panel -->
        <div panel-name="testlist-Default_suite" class="panel">
          <div class="main-panel-header rounded-window-top">
            <span class="header-content">Tests for Default suite</span>
          </div> <!-- main-panel-header rounded-window-top -->
          <div class="main-panel-content rounded-window-bottom">
            <ul>
              <li>
                <span class="test-name">Default test (1 class)</span>
              </li>
            </ul>
          </div> <!-- main-panel-content rounded-window-bottom -->
        </div> <!-- panel -->
        <div panel-name="group-Default_suite" class="panel">
          <div class="main-panel-header rounded-window-top">
            <span class="header-content">Groups for Default suite</span>
          </div> <!-- main-panel-header rounded-window-top -->
          <div class="main-panel-content rounded-window-bottom">
          </div> <!-- main-panel-content rounded-window-bottom -->
        </div> <!-- panel -->
        <div panel-name="times-Default_suite" class="panel">
          <div class="main-panel-header rounded-window-top">
            <span class="header-content">Times for Default suite</span>
          </div> <!-- main-panel-header rounded-window-top -->
          <div class="main-panel-content rounded-window-bottom">
            <div class="times-div">
              <script type="text/javascript">
suiteTableInitFunctions.push('tableData_Default_suite');
function tableData_Default_suite() {
var data = new google.visualization.DataTable();
data.addColumn('number', 'Number');
data.addColumn('string', 'Method');
data.addColumn('string', 'Class');
data.addColumn('number', 'Time (ms)');
data.addRows(57);
data.setCell(0, 0, 0)
data.setCell(0, 1, 'VendorNotes_DecoratorNotes_Visible_checkbox_SelectedAtProductLevel_QuotePreviewVerification')
data.setCell(0, 2, 'Master.OrdersExecution1')
data.setCell(0, 3, 145113);
data.setCell(1, 0, 1)
data.setCell(1, 1, 'ShipAccountNotVisible_Visible_Checkbox_UncheckForAccountNo')
data.setCell(1, 2, 'Master.OrdersExecution1')
data.setCell(1, 3, 95514);
data.setCell(2, 0, 2)
data.setCell(2, 1, 'CreateOrder_FromQuote_LinkedTransactionInvoice')
data.setCell(2, 2, 'Master.OrdersExecution1')
data.setCell(2, 3, 72540);
data.setCell(3, 0, 3)
data.setCell(3, 1, 'CreateQuote_Verification')
data.setCell(3, 2, 'Master.OrdersExecution1')
data.setCell(3, 3, 69354);
data.setCell(4, 0, 4)
data.setCell(4, 1, 'InvalidFileUpload_ErrorMessageDisplayVerification')
data.setCell(4, 2, 'Master.OrdersExecution1')
data.setCell(4, 3, 66723);
data.setCell(5, 0, 5)
data.setCell(5, 1, 'CreateInvoice')
data.setCell(5, 2, 'Master.OrdersExecution1')
data.setCell(5, 3, 55130);
data.setCell(6, 0, 6)
data.setCell(6, 1, 'DeleteInvoice_WithPaymentLeft')
data.setCell(6, 2, 'Master.OrdersExecution1')
data.setCell(6, 3, 51032);
data.setCell(7, 0, 7)
data.setCell(7, 1, 'Reorder_Verification')
data.setCell(7, 2, 'Master.OrdersExecution1')
data.setCell(7, 3, 50068);
data.setCell(8, 0, 8)
data.setCell(8, 1, 'VendorNotes_DecoratorNotes_Visible_checkbox_SelectedAtProductLevel_InvoicePreviewVerification')
data.setCell(8, 2, 'Master.OrdersExecution1')
data.setCell(8, 3, 48149);
data.setCell(9, 0, 9)
data.setCell(9, 1, 'Verify_ImprintLocation')
data.setCell(9, 2, 'Master.OrdersExecution1')
data.setCell(9, 3, 46908);
data.setCell(10, 0, 10)
data.setCell(10, 1, 'Full_Payment_Verify')
data.setCell(10, 2, 'Master.OrdersExecution1')
data.setCell(10, 3, 45065);
data.setCell(11, 0, 11)
data.setCell(11, 1, 'FieldsData_Verifications_AfterReorder')
data.setCell(11, 2, 'Master.OrdersExecution1')
data.setCell(11, 3, 45061);
data.setCell(12, 0, 12)
data.setCell(12, 1, 'Linked_Transaction_ReOrder_Verifications')
data.setCell(12, 2, 'Master.OrdersExecution1')
data.setCell(12, 3, 45055);
data.setCell(13, 0, 13)
data.setCell(13, 1, 'Partial_PaymentLink_Verification')
data.setCell(13, 2, 'Master.OrdersExecution1')
data.setCell(13, 3, 45051);
data.setCell(14, 0, 14)
data.setCell(14, 1, 'New_InhandDate_AfterReorderVerification')
data.setCell(14, 2, 'Master.OrdersExecution1')
data.setCell(14, 3, 45033);
data.setCell(15, 0, 15)
data.setCell(15, 1, 'Shipping_AddressEditing')
data.setCell(15, 2, 'Master.OrdersExecution1')
data.setCell(15, 3, 45027);
data.setCell(16, 0, 16)
data.setCell(16, 1, 'CreateOrder_ShippingAddressVerification')
data.setCell(16, 2, 'Master.OrdersExecution1')
data.setCell(16, 3, 45007);
data.setCell(17, 0, 17)
data.setCell(17, 1, 'VendorNotes_DecoratorNotes_Visible_checkbox_SelectedAtProductLevel_AcknowledgementPreviewVerification')
data.setCell(17, 2, 'Master.OrdersExecution1')
data.setCell(17, 3, 44978);
data.setCell(18, 0, 18)
data.setCell(18, 1, 'Quote_Download')
data.setCell(18, 2, 'Master.OrdersExecution1')
data.setCell(18, 3, 34065);
data.setCell(19, 0, 19)
data.setCell(19, 1, 'CustomerFacingDoc_CPN_Visible_EnableFromSettings')
data.setCell(19, 2, 'Master.OrdersExecution1')
data.setCell(19, 3, 33295);
data.setCell(20, 0, 20)
data.setCell(20, 1, 'CreateOrder_BillingAddressVerification')
data.setCell(20, 2, 'Master.OrdersExecution1')
data.setCell(20, 3, 33008);
data.setCell(21, 0, 21)
data.setCell(21, 1, 'CreateQuote_BillingAddress_Verification')
data.setCell(21, 2, 'Master.OrdersExecution1')
data.setCell(21, 3, 32624);
data.setCell(22, 0, 22)
data.setCell(22, 1, 'LoginApp')
data.setCell(22, 2, 'Master.OrdersExecution1')
data.setCell(22, 3, 32227);
data.setCell(23, 0, 23)
data.setCell(23, 1, 'Upload_AIExtensionFile')
data.setCell(23, 2, 'Master.OrdersExecution1')
data.setCell(23, 3, 30310);
data.setCell(24, 0, 24)
data.setCell(24, 1, 'Enterpaymentpartial')
data.setCell(24, 2, 'Master.OrdersExecution1')
data.setCell(24, 3, 29885);
data.setCell(25, 0, 25)
data.setCell(25, 1, 'ShipAccountNo_AcknowledgementDocumentVerification')
data.setCell(25, 2, 'Master.OrdersExecution1')
data.setCell(25, 3, 29461);
data.setCell(26, 0, 26)
data.setCell(26, 1, 'UploadSVGFileOrders_Orderlevel')
data.setCell(26, 2, 'Master.OrdersExecution1')
data.setCell(26, 3, 25428);
data.setCell(27, 0, 27)
data.setCell(27, 1, 'AccountNo_Visible_Checkbox_Selected_Verification_AtProductLevel')
data.setCell(27, 2, 'Master.OrdersExecution1')
data.setCell(27, 3, 20794);
data.setCell(28, 0, 28)
data.setCell(28, 1, 'ShipAccountNo_Visibility_QuoteDocumentVerification')
data.setCell(28, 2, 'Master.OrdersExecution1')
data.setCell(28, 3, 20106);
data.setCell(29, 0, 29)
data.setCell(29, 1, 'Percentage_square_in_Orders_SummaryWidget_ToolTip_TextVerification')
data.setCell(29, 2, 'Master.OrdersExecution1')
data.setCell(29, 3, 19439);
data.setCell(30, 0, 30)
data.setCell(30, 1, 'CreateOrder_LinkedTransactions_Navigation_ToQuoteScreen')
data.setCell(30, 2, 'Master.OrdersExecution1')
data.setCell(30, 3, 18773);
data.setCell(31, 0, 31)
data.setCell(31, 1, 'InvoiceCreationBillingAddress')
data.setCell(31, 2, 'Master.OrdersExecution1')
data.setCell(31, 3, 18290);
data.setCell(32, 0, 32)
data.setCell(32, 1, 'LinkedTransaction_Navigation_To_OrderScreen')
data.setCell(32, 2, 'Master.OrdersExecution1')
data.setCell(32, 3, 16650);
data.setCell(33, 0, 33)
data.setCell(33, 1, 'Product_AddedTo_Invoice')
data.setCell(33, 2, 'Master.OrdersExecution1')
data.setCell(33, 3, 14551);
data.setCell(34, 0, 34)
data.setCell(34, 1, 'VerifyBillingEmailAddress_Send_Invoice')
data.setCell(34, 2, 'Master.OrdersExecution1')
data.setCell(34, 3, 14207);
data.setCell(35, 0, 35)
data.setCell(35, 1, 'OrderSaving_WithoutSalesPerson_ValidationVerification')
data.setCell(35, 2, 'Master.OrdersExecution1')
data.setCell(35, 3, 13501);
data.setCell(36, 0, 36)
data.setCell(36, 1, 'Review_ImprintLocation')
data.setCell(36, 2, 'Master.OrdersExecution1')
data.setCell(36, 3, 11220);
data.setCell(37, 0, 37)
data.setCell(37, 1, 'CreateQuote_AddingProductToQuote')
data.setCell(37, 2, 'Master.OrdersExecution1')
data.setCell(37, 3, 10759);
data.setCell(38, 0, 38)
data.setCell(38, 1, 'Settings_AutomaticSalesTaxChecked')
data.setCell(38, 2, 'Master.OrdersExecution1')
data.setCell(38, 3, 8744);
data.setCell(39, 0, 39)
data.setCell(39, 1, 'ShipAccountNo_Visibility_InvoiceDocumentVerification')
data.setCell(39, 2, 'Master.OrdersExecution1')
data.setCell(39, 3, 7783);
data.setCell(40, 0, 40)
data.setCell(40, 1, 'DeleteOrder_Orderlevel')
data.setCell(40, 2, 'Master.OrdersExecution1')
data.setCell(40, 3, 7534);
data.setCell(41, 0, 41)
data.setCell(41, 1, 'Percentage_circle_inOrdersSummary_Widget_ToolTip_TextVerification')
data.setCell(41, 2, 'Master.OrdersExecution1')
data.setCell(41, 3, 7251);
data.setCell(42, 0, 42)
data.setCell(42, 1, 'PayWith_ElectronicFundsOption_DropdownValueVerification')
data.setCell(42, 2, 'Master.OrdersExecution1')
data.setCell(42, 3, 6938);
data.setCell(43, 0, 43)
data.setCell(43, 1, 'CreateOrder_Delete_Orderwith_Associated_Invoices')
data.setCell(43, 2, 'Master.OrdersExecution1')
data.setCell(43, 3, 5990);
data.setCell(44, 0, 44)
data.setCell(44, 1, 'VerifyCogWheelNotExistsFor_CustomProductsVerification')
data.setCell(44, 2, 'Master.OrdersExecution1')
data.setCell(44, 3, 5601);
data.setCell(45, 0, 45)
data.setCell(45, 1, 'CustomProducts_SupplierSelectionDropdown_Verification')
data.setCell(45, 2, 'Master.OrdersExecution1')
data.setCell(45, 3, 5040);
data.setCell(46, 0, 46)
data.setCell(46, 1, 'ShipAccountNo_Checkbox_Uncheck_ByDefaultVerification')
data.setCell(46, 2, 'Master.OrdersExecution1')
data.setCell(46, 3, 4745);
data.setCell(47, 0, 47)
data.setCell(47, 1, 'FedExOvernight_FedExFLEXExpress_ShipVia_DropdownValuesVerification')
data.setCell(47, 2, 'Master.OrdersExecution1')
data.setCell(47, 3, 4557);
data.setCell(48, 0, 48)
data.setCell(48, 1, 'OrdersListing_SearchOrderField_PlaceholderVerification')
data.setCell(48, 2, 'Master.OrdersExecution1')
data.setCell(48, 3, 4317);
data.setCell(49, 0, 49)
data.setCell(49, 1, 'CPN_Number_QuoteDocPreview_Verification')
data.setCell(49, 2, 'Master.OrdersExecution1')
data.setCell(49, 3, 4229);
data.setCell(50, 0, 50)
data.setCell(50, 1, 'VerifyTermandPay_QuoteRequestPreview')
data.setCell(50, 2, 'Master.OrdersExecution1')
data.setCell(50, 3, 1754);
data.setCell(51, 0, 51)
data.setCell(51, 1, 'Net25_Net45_Net90_50PercentAdvance_50PercentUponCompletion_Net75_Terms_DropdownValuesVerification')
data.setCell(51, 2, 'Master.OrdersExecution1')
data.setCell(51, 3, 1648);
data.setCell(52, 0, 52)
data.setCell(52, 1, 'CreateQuote_ShippingAddress_Verification')
data.setCell(52, 2, 'Master.OrdersExecution1')
data.setCell(52, 3, 507);
data.setCell(53, 0, 53)
data.setCell(53, 1, 'CreateInvoiceShippingAddress_Verification')
data.setCell(53, 2, 'Master.OrdersExecution1')
data.setCell(53, 3, 471);
data.setCell(54, 0, 54)
data.setCell(54, 1, 'ShipVia_LoomisGroundOption_DropdownValueVerifcation')
data.setCell(54, 2, 'Master.OrdersExecution1')
data.setCell(54, 3, 466);
data.setCell(55, 0, 55)
data.setCell(55, 1, 'CreateOrder_AcknowlodgementAddressVerification')
data.setCell(55, 2, 'Master.OrdersExecution1')
data.setCell(55, 3, 112);
data.setCell(56, 0, 56)
data.setCell(56, 1, 'VendorInformation_QuotePreviewDoc')
data.setCell(56, 2, 'Master.OrdersExecution1')
data.setCell(56, 3, 67);
window.suiteTableData['Default_suite']= { tableData: data, tableDiv: 'times-div-Default_suite'}
return data;
}
              </script>
              <span class="suite-total-time">Total running time: 26 minutes</span>
              <div id="times-div-Default_suite">
              </div> <!-- times-div-Default_suite -->
            </div> <!-- times-div -->
          </div> <!-- main-panel-content rounded-window-bottom -->
        </div> <!-- panel -->
        <div panel-name="reporter-Default_suite" class="panel">
          <div class="main-panel-header rounded-window-top">
            <span class="header-content">Reporter output for Default suite</span>
          </div> <!-- main-panel-header rounded-window-top -->
          <div class="main-panel-content rounded-window-bottom">
          </div> <!-- main-panel-content rounded-window-bottom -->
        </div> <!-- panel -->
        <div panel-name="ignored-methods-Default_suite" class="panel">
          <div class="main-panel-header rounded-window-top">
            <span class="header-content">0 ignored methods</span>
          </div> <!-- main-panel-header rounded-window-top -->
          <div class="main-panel-content rounded-window-bottom">
          </div> <!-- main-panel-content rounded-window-bottom -->
        </div> <!-- panel -->
        <div panel-name="chronological-Default_suite" class="panel">
          <div class="main-panel-header rounded-window-top">
            <span class="header-content">Methods in chronological order</span>
          </div> <!-- main-panel-header rounded-window-top -->
          <div class="main-panel-content rounded-window-bottom">
            <div class="chronological-class">
              <div class="chronological-class-name">Master.OrdersExecution1</div> <!-- chronological-class-name -->
              <div class="configuration-test before">
                <span class="method-name">Startup</span>
                <span class="method-start">0 ms</span>
              </div> <!-- configuration-test before -->
              <div class="test-method">
                <span class="method-name">LoginApp</span>
                <span class="method-start">44874 ms</span>
              </div> <!-- test-method -->
              <div class="configuration-method after">
                <span class="method-name">getResult([TestResult name=LoginApp status=SUCCESS method=OrdersExecution1.LoginApp()[pri:0, instance:Master.O...)</span>
                <span class="method-start">77118 ms</span>
              </div> <!-- configuration-method after -->
              <div class="test-method">
                <span class="method-name">OrdersListing_SearchOrderField_PlaceholderVerification</span>
                <span class="method-start">79766 ms</span>
              </div> <!-- test-method -->
              <div class="configuration-method after">
                <span class="method-name">getResult([TestResult name=OrdersListing_SearchOrderField_PlaceholderVerification status=SUCCESS method=Orders...)</span>
                <span class="method-start">84092 ms</span>
              </div> <!-- configuration-method after -->
              <div class="test-method">
                <span class="method-name">Settings_AutomaticSalesTaxChecked</span>
                <span class="method-start">84476 ms</span>
              </div> <!-- test-method -->
              <div class="configuration-method after">
                <span class="method-name">getResult([TestResult name=Settings_AutomaticSalesTaxChecked status=SUCCESS method=OrdersExecution1.Settings_A...)</span>
                <span class="method-start">93226 ms</span>
              </div> <!-- configuration-method after -->
              <div class="test-method">
                <span class="method-name">Percentage_square_in_Orders_SummaryWidget_ToolTip_TextVerification</span>
                <span class="method-start">93622 ms</span>
              </div> <!-- test-method -->
              <div class="configuration-method after">
                <span class="method-name">getResult([TestResult name=Percentage_square_in_Orders_SummaryWidget_ToolTip_TextVerification status=SUCCESS m...)</span>
                <span class="method-start">113065 ms</span>
              </div> <!-- configuration-method after -->
              <div class="test-method">
                <span class="method-name">Percentage_circle_inOrdersSummary_Widget_ToolTip_TextVerification</span>
                <span class="method-start">113282 ms</span>
              </div> <!-- test-method -->
              <div class="configuration-method after">
                <span class="method-name">getResult([TestResult name=Percentage_circle_inOrdersSummary_Widget_ToolTip_TextVerification status=SUCCESS me...)</span>
                <span class="method-start">120536 ms</span>
              </div> <!-- configuration-method after -->
              <div class="test-method">
                <span class="method-name">PayWith_ElectronicFundsOption_DropdownValueVerification</span>
                <span class="method-start">120792 ms</span>
              </div> <!-- test-method -->
              <div class="configuration-method after">
                <span class="method-name">getResult([TestResult name=PayWith_ElectronicFundsOption_DropdownValueVerification status=SUCCESS method=Order...)</span>
                <span class="method-start">127733 ms</span>
              </div> <!-- configuration-method after -->
              <div class="test-method">
                <span class="method-name">ShipVia_LoomisGroundOption_DropdownValueVerifcation</span>
                <span class="method-start">127975 ms</span>
              </div> <!-- test-method -->
              <div class="configuration-method after">
                <span class="method-name">getResult([TestResult name=ShipVia_LoomisGroundOption_DropdownValueVerifcation status=SUCCESS method=OrdersExe...)</span>
                <span class="method-start">128456 ms</span>
              </div> <!-- configuration-method after -->
              <div class="test-method">
                <span class="method-name">OrderSaving_WithoutSalesPerson_ValidationVerification</span>
                <span class="method-start">128674 ms</span>
              </div> <!-- test-method -->
              <div class="configuration-method after">
                <span class="method-name">getResult([TestResult name=OrderSaving_WithoutSalesPerson_ValidationVerification status=SUCCESS method=OrdersE...)</span>
                <span class="method-start">142178 ms</span>
              </div> <!-- configuration-method after -->
              <div class="test-method">
                <span class="method-name">InvalidFileUpload_ErrorMessageDisplayVerification</span>
                <span class="method-start">142419 ms</span>
              </div> <!-- test-method -->
              <div class="configuration-method after">
                <span class="method-name">getResult([TestResult name=InvalidFileUpload_ErrorMessageDisplayVerification status=SUCCESS method=OrdersExecu...)</span>
                <span class="method-start">209148 ms</span>
              </div> <!-- configuration-method after -->
              <div class="test-method">
                <span class="method-name">UploadSVGFileOrders_Orderlevel</span>
                <span class="method-start">209456 ms</span>
              </div> <!-- test-method -->
              <div class="configuration-method after">
                <span class="method-name">getResult([TestResult name=UploadSVGFileOrders_Orderlevel status=SUCCESS method=OrdersExecution1.UploadSVGFile...)</span>
                <span class="method-start">234887 ms</span>
              </div> <!-- configuration-method after -->
              <div class="test-method">
                <span class="method-name">Upload_AIExtensionFile</span>
                <span class="method-start">235063 ms</span>
              </div> <!-- test-method -->
              <div class="configuration-method after">
                <span class="method-name">getResult([TestResult name=Upload_AIExtensionFile status=SUCCESS method=OrdersExecution1.Upload_AIExtensionFil...)</span>
                <span class="method-start">265375 ms</span>
              </div> <!-- configuration-method after -->
              <div class="test-method">
                <span class="method-name">CustomProducts_SupplierSelectionDropdown_Verification</span>
                <span class="method-start">265567 ms</span>
              </div> <!-- test-method -->
              <div class="configuration-method after">
                <span class="method-name">getResult([TestResult name=CustomProducts_SupplierSelectionDropdown_Verification status=SUCCESS method=OrdersE...)</span>
                <span class="method-start">270610 ms</span>
              </div> <!-- configuration-method after -->
              <div class="test-method">
                <span class="method-name">VerifyCogWheelNotExistsFor_CustomProductsVerification</span>
                <span class="method-start">270844 ms</span>
              </div> <!-- test-method -->
              <div class="configuration-method after">
                <span class="method-name">getResult([TestResult name=VerifyCogWheelNotExistsFor_CustomProductsVerification status=SUCCESS method=OrdersE...)</span>
                <span class="method-start">276447 ms</span>
              </div> <!-- configuration-method after -->
              <div class="test-method">
                <span class="method-name">DeleteOrder_Orderlevel</span>
                <span class="method-start">276614 ms</span>
              </div> <!-- test-method -->
              <div class="configuration-method after">
                <span class="method-name">getResult([TestResult name=DeleteOrder_Orderlevel status=SUCCESS method=OrdersExecution1.DeleteOrder_Orderleve...)</span>
                <span class="method-start">284152 ms</span>
              </div> <!-- configuration-method after -->
              <div class="test-method">
                <span class="method-name">CustomerFacingDoc_CPN_Visible_EnableFromSettings</span>
                <span class="method-start">284487 ms</span>
              </div> <!-- test-method -->
              <div class="configuration-method after">
                <span class="method-name">getResult([TestResult name=CustomerFacingDoc_CPN_Visible_EnableFromSettings status=SUCCESS method=OrdersExecut...)</span>
                <span class="method-start">317784 ms</span>
              </div> <!-- configuration-method after -->
              <div class="test-method">
                <span class="method-name">CreateQuote_BillingAddress_Verification</span>
                <span class="method-start">317955 ms</span>
              </div> <!-- test-method -->
              <div class="configuration-method after">
                <span class="method-name">getResult([TestResult name=CreateQuote_BillingAddress_Verification status=SUCCESS method=OrdersExecution1.Crea...)</span>
                <span class="method-start">350591 ms</span>
              </div> <!-- configuration-method after -->
              <div class="test-method">
                <span class="method-name">CreateQuote_ShippingAddress_Verification</span>
                <span class="method-start">350802 ms</span>
              </div> <!-- test-method -->
              <div class="configuration-method after">
                <span class="method-name">getResult([TestResult name=CreateQuote_ShippingAddress_Verification status=SUCCESS method=OrdersExecution1.Cre...)</span>
                <span class="method-start">351311 ms</span>
              </div> <!-- configuration-method after -->
              <div class="test-method">
                <span class="method-name">CreateQuote_AddingProductToQuote</span>
                <span class="method-start">351522 ms</span>
              </div> <!-- test-method -->
              <div class="configuration-method after">
                <span class="method-name">getResult([TestResult name=CreateQuote_AddingProductToQuote status=SUCCESS method=OrdersExecution1.CreateQuote...)</span>
                <span class="method-start">362283 ms</span>
              </div> <!-- configuration-method after -->
              <div class="test-method">
                <span class="method-name">CreateQuote_Verification</span>
                <span class="method-start">362459 ms</span>
              </div> <!-- test-method -->
              <div class="configuration-method after">
                <span class="method-name">getResult([TestResult name=CreateQuote_Verification status=SUCCESS method=OrdersExecution1.CreateQuote_Verific...)</span>
                <span class="method-start">431815 ms</span>
              </div> <!-- configuration-method after -->
              <div class="test-method">
                <span class="method-name">Review_ImprintLocation</span>
                <span class="method-start">432017 ms</span>
              </div> <!-- test-method -->
              <div class="configuration-method after">
                <span class="method-name">getResult([TestResult name=Review_ImprintLocation status=SUCCESS method=OrdersExecution1.Review_ImprintLocatio...)</span>
                <span class="method-start">443239 ms</span>
              </div> <!-- configuration-method after -->
              <div class="test-method">
                <img src="failed.png">
                </img>
                <span class="method-name">VerifyTermandPay_QuoteRequestPreview</span>
                <span class="method-start">443548 ms</span>
              </div> <!-- test-method -->
              <div class="configuration-method after">
                <span class="method-name">getResult([TestResult name=VerifyTermandPay_QuoteRequestPreview status=FAILURE method=OrdersExecution1.VerifyT...)</span>
                <span class="method-start">445311 ms</span>
              </div> <!-- configuration-method after -->
              <div class="test-method">
                <span class="method-name">ShipAccountNo_Checkbox_Uncheck_ByDefaultVerification</span>
                <span class="method-start">445904 ms</span>
              </div> <!-- test-method -->
              <div class="configuration-method after">
                <span class="method-name">getResult([TestResult name=ShipAccountNo_Checkbox_Uncheck_ByDefaultVerification status=SUCCESS method=OrdersEx...)</span>
                <span class="method-start">450651 ms</span>
              </div> <!-- configuration-method after -->
              <div class="test-method">
                <span class="method-name">ShipAccountNotVisible_Visible_Checkbox_UncheckForAccountNo</span>
                <span class="method-start">450913 ms</span>
              </div> <!-- test-method -->
              <div class="configuration-method after">
                <span class="method-name">getResult([TestResult name=ShipAccountNotVisible_Visible_Checkbox_UncheckForAccountNo status=SUCCESS method=Or...)</span>
                <span class="method-start">546430 ms</span>
              </div> <!-- configuration-method after -->
              <div class="test-method">
                <img src="failed.png">
                </img>
                <span class="method-name">Verify_ImprintLocation</span>
                <span class="method-start">546698 ms</span>
              </div> <!-- test-method -->
              <div class="configuration-method after">
                <span class="method-name">getResult([TestResult name=Verify_ImprintLocation status=FAILURE method=OrdersExecution1.Verify_ImprintLocatio...)</span>
                <span class="method-start">593610 ms</span>
              </div> <!-- configuration-method after -->
              <div class="test-method">
                <span class="method-name">CPN_Number_QuoteDocPreview_Verification</span>
                <span class="method-start">593778 ms</span>
              </div> <!-- test-method -->
              <div class="configuration-method after">
                <span class="method-name">getResult([TestResult name=CPN_Number_QuoteDocPreview_Verification status=SUCCESS method=OrdersExecution1.CPN_...)</span>
                <span class="method-start">598010 ms</span>
              </div> <!-- configuration-method after -->
              <div class="test-method">
                <span class="method-name">VendorInformation_QuotePreviewDoc</span>
                <span class="method-start">598202 ms</span>
              </div> <!-- test-method -->
              <div class="configuration-method after">
                <span class="method-name">getResult([TestResult name=VendorInformation_QuotePreviewDoc status=SUCCESS method=OrdersExecution1.VendorInfo...)</span>
                <span class="method-start">598271 ms</span>
              </div> <!-- configuration-method after -->
              <div class="test-method">
                <img src="failed.png">
                </img>
                <span class="method-name">VendorNotes_DecoratorNotes_Visible_checkbox_SelectedAtProductLevel_QuotePreviewVerification</span>
                <span class="method-start">598459 ms</span>
              </div> <!-- test-method -->
              <div class="configuration-method after">
                <span class="method-name">getResult([TestResult name=VendorNotes_DecoratorNotes_Visible_checkbox_SelectedAtProductLevel_QuotePreviewVeri...)</span>
                <span class="method-start">743580 ms</span>
              </div> <!-- configuration-method after -->
              <div class="test-method">
                <span class="method-name">ShipAccountNo_Visibility_QuoteDocumentVerification</span>
                <span class="method-start">743807 ms</span>
              </div> <!-- test-method -->
              <div class="configuration-method after">
                <span class="method-name">getResult([TestResult name=ShipAccountNo_Visibility_QuoteDocumentVerification status=SUCCESS method=OrdersExec...)</span>
                <span class="method-start">763915 ms</span>
              </div> <!-- configuration-method after -->
              <div class="test-method">
                <span class="method-name">AccountNo_Visible_Checkbox_Selected_Verification_AtProductLevel</span>
                <span class="method-start">764158 ms</span>
              </div> <!-- test-method -->
              <div class="configuration-method after">
                <span class="method-name">getResult([TestResult name=AccountNo_Visible_Checkbox_Selected_Verification_AtProductLevel status=SUCCESS meth...)</span>
                <span class="method-start">784954 ms</span>
              </div> <!-- configuration-method after -->
              <div class="test-method">
                <span class="method-name">Quote_Download</span>
                <span class="method-start">785242 ms</span>
              </div> <!-- test-method -->
              <div class="configuration-method after">
                <span class="method-name">getResult([TestResult name=Quote_Download status=SUCCESS method=OrdersExecution1.Quote_Download()[pri:29, inst...)</span>
                <span class="method-start">819310 ms</span>
              </div> <!-- configuration-method after -->
              <div class="test-method">
                <span class="method-name">CreateOrder_FromQuote_LinkedTransactionInvoice</span>
                <span class="method-start">819539 ms</span>
              </div> <!-- test-method -->
              <div class="configuration-method after">
                <span class="method-name">getResult([TestResult name=CreateOrder_FromQuote_LinkedTransactionInvoice status=SUCCESS method=OrdersExecutio...)</span>
                <span class="method-start">892082 ms</span>
              </div> <!-- configuration-method after -->
              <div class="test-method">
                <span class="method-name">ShipAccountNo_Visibility_InvoiceDocumentVerification</span>
                <span class="method-start">892258 ms</span>
              </div> <!-- test-method -->
              <div class="configuration-method after">
                <span class="method-name">getResult([TestResult name=ShipAccountNo_Visibility_InvoiceDocumentVerification status=SUCCESS method=OrdersEx...)</span>
                <span class="method-start">900043 ms</span>
              </div> <!-- configuration-method after -->
              <div class="test-method">
                <img src="failed.png">
                </img>
                <span class="method-name">VendorNotes_DecoratorNotes_Visible_checkbox_SelectedAtProductLevel_InvoicePreviewVerification</span>
                <span class="method-start">900262 ms</span>
              </div> <!-- test-method -->
              <div class="configuration-method after">
                <span class="method-name">getResult([TestResult name=VendorNotes_DecoratorNotes_Visible_checkbox_SelectedAtProductLevel_InvoicePreviewVe...)</span>
                <span class="method-start">948418 ms</span>
              </div> <!-- configuration-method after -->
              <div class="test-method">
                <span class="method-name">LinkedTransaction_Navigation_To_OrderScreen</span>
                <span class="method-start">948633 ms</span>
              </div> <!-- test-method -->
              <div class="configuration-method after">
                <span class="method-name">getResult([TestResult name=LinkedTransaction_Navigation_To_OrderScreen status=SUCCESS method=OrdersExecution1....)</span>
                <span class="method-start">965286 ms</span>
              </div> <!-- configuration-method after -->
              <div class="test-method">
                <span class="method-name">CreateOrder_Delete_Orderwith_Associated_Invoices</span>
                <span class="method-start">965519 ms</span>
              </div> <!-- test-method -->
              <div class="configuration-method after">
                <span class="method-name">getResult([TestResult name=CreateOrder_Delete_Orderwith_Associated_Invoices status=SUCCESS method=OrdersExecut...)</span>
                <span class="method-start">971511 ms</span>
              </div> <!-- configuration-method after -->
              <div class="test-method">
                <span class="method-name">ShipAccountNo_AcknowledgementDocumentVerification</span>
                <span class="method-start">971742 ms</span>
              </div> <!-- test-method -->
              <div class="configuration-method after">
                <span class="method-name">getResult([TestResult name=ShipAccountNo_AcknowledgementDocumentVerification status=SUCCESS method=OrdersExecu...)</span>
                <span class="method-start">1001205 ms</span>
              </div> <!-- configuration-method after -->
              <div class="test-method">
                <img src="failed.png">
                </img>
                <span class="method-name">VendorNotes_DecoratorNotes_Visible_checkbox_SelectedAtProductLevel_AcknowledgementPreviewVerification</span>
                <span class="method-start">1001385 ms</span>
              </div> <!-- test-method -->
              <div class="configuration-method after">
                <span class="method-name">getResult([TestResult name=VendorNotes_DecoratorNotes_Visible_checkbox_SelectedAtProductLevel_AcknowledgementP...)</span>
                <span class="method-start">1046368 ms</span>
              </div> <!-- configuration-method after -->
              <div class="test-method">
                <span class="method-name">CreateOrder_LinkedTransactions_Navigation_ToQuoteScreen</span>
                <span class="method-start">1046539 ms</span>
              </div> <!-- test-method -->
              <div class="configuration-method after">
                <span class="method-name">getResult([TestResult name=CreateOrder_LinkedTransactions_Navigation_ToQuoteScreen status=SUCCESS method=Order...)</span>
                <span class="method-start">1065313 ms</span>
              </div> <!-- configuration-method after -->
              <div class="test-method">
                <img src="failed.png">
                </img>
                <span class="method-name">Enterpaymentpartial</span>
                <span class="method-start">1065570 ms</span>
              </div> <!-- test-method -->
              <div class="configuration-method after">
                <span class="method-name">getResult([TestResult name=Enterpaymentpartial status=FAILURE method=OrdersExecution1.Enterpaymentpartial()[pr...)</span>
                <span class="method-start">1095458 ms</span>
              </div> <!-- configuration-method after -->
              <div class="test-method">
                <span class="method-name">DeleteInvoice_WithPaymentLeft</span>
                <span class="method-start">1095716 ms</span>
              </div> <!-- test-method -->
              <div class="configuration-method after">
                <span class="method-name">getResult([TestResult name=DeleteInvoice_WithPaymentLeft status=SUCCESS method=OrdersExecution1.DeleteInvoice_...)</span>
                <span class="method-start">1146750 ms</span>
              </div> <!-- configuration-method after -->
              <div class="test-method">
                <span class="method-name">Full_Payment_Verify</span>
                <span class="method-start">1146948 ms</span>
              </div> <!-- test-method -->
              <div class="configuration-method after">
                <span class="method-name">getResult([TestResult name=Full_Payment_Verify status=SUCCESS method=OrdersExecution1.Full_Payment_Verify()[pr...)</span>
                <span class="method-start">1192015 ms</span>
              </div> <!-- configuration-method after -->
              <div class="test-method">
                <img src="failed.png">
                </img>
                <span class="method-name">Shipping_AddressEditing</span>
                <span class="method-start">1192197 ms</span>
              </div> <!-- test-method -->
              <div class="configuration-method after">
                <span class="method-name">getResult([TestResult name=Shipping_AddressEditing status=FAILURE method=OrdersExecution1.Shipping_AddressEdit...)</span>
                <span class="method-start">1237232 ms</span>
              </div> <!-- configuration-method after -->
              <div class="test-method">
                <span class="method-name">Partial_PaymentLink_Verification</span>
                <span class="method-start">1237552 ms</span>
              </div> <!-- test-method -->
              <div class="configuration-method after">
                <span class="method-name">getResult([TestResult name=Partial_PaymentLink_Verification status=SUCCESS method=OrdersExecution1.Partial_Pay...)</span>
                <span class="method-start">1282607 ms</span>
              </div> <!-- configuration-method after -->
              <div class="test-method">
                <span class="method-name">Reorder_Verification</span>
                <span class="method-start">1282881 ms</span>
              </div> <!-- test-method -->
              <div class="configuration-method after">
                <span class="method-name">getResult([TestResult name=Reorder_Verification status=SUCCESS method=OrdersExecution1.Reorder_Verification()[...)</span>
                <span class="method-start">1332951 ms</span>
              </div> <!-- configuration-method after -->
              <div class="test-method">
                <span class="method-name">FieldsData_Verifications_AfterReorder</span>
                <span class="method-start">1333191 ms</span>
              </div> <!-- test-method -->
              <div class="configuration-method after">
                <span class="method-name">getResult([TestResult name=FieldsData_Verifications_AfterReorder status=SUCCESS method=OrdersExecution1.Fields...)</span>
                <span class="method-start">1378254 ms</span>
              </div> <!-- configuration-method after -->
              <div class="test-method">
                <span class="method-name">New_InhandDate_AfterReorderVerification</span>
                <span class="method-start">1378463 ms</span>
              </div> <!-- test-method -->
              <div class="configuration-method after">
                <span class="method-name">getResult([TestResult name=New_InhandDate_AfterReorderVerification status=SUCCESS method=OrdersExecution1.New_...)</span>
                <span class="method-start">1423499 ms</span>
              </div> <!-- configuration-method after -->
              <div class="test-method">
                <img src="failed.png">
                </img>
                <span class="method-name">Linked_Transaction_ReOrder_Verifications</span>
                <span class="method-start">1424206 ms</span>
              </div> <!-- test-method -->
              <div class="configuration-method after">
                <span class="method-name">getResult([TestResult name=Linked_Transaction_ReOrder_Verifications status=FAILURE method=OrdersExecution1.Lin...)</span>
                <span class="method-start">1469273 ms</span>
              </div> <!-- configuration-method after -->
              <div class="test-method">
                <span class="method-name">InvoiceCreationBillingAddress</span>
                <span class="method-start">1469505 ms</span>
              </div> <!-- test-method -->
              <div class="configuration-method after">
                <span class="method-name">getResult([TestResult name=InvoiceCreationBillingAddress status=SUCCESS method=OrdersExecution1.InvoiceCreatio...)</span>
                <span class="method-start">1487797 ms</span>
              </div> <!-- configuration-method after -->
              <div class="test-method">
                <span class="method-name">CreateInvoiceShippingAddress_Verification</span>
                <span class="method-start">1488042 ms</span>
              </div> <!-- test-method -->
              <div class="configuration-method after">
                <span class="method-name">getResult([TestResult name=CreateInvoiceShippingAddress_Verification status=SUCCESS method=OrdersExecution1.Cr...)</span>
                <span class="method-start">1488515 ms</span>
              </div> <!-- configuration-method after -->
              <div class="test-method">
                <span class="method-name">Product_AddedTo_Invoice</span>
                <span class="method-start">1488678 ms</span>
              </div> <!-- test-method -->
              <div class="configuration-method after">
                <span class="method-name">getResult([TestResult name=Product_AddedTo_Invoice status=SUCCESS method=OrdersExecution1.Product_AddedTo_Invo...)</span>
                <span class="method-start">1503231 ms</span>
              </div> <!-- configuration-method after -->
              <div class="test-method">
                <span class="method-name">CreateInvoice</span>
                <span class="method-start">1503407 ms</span>
              </div> <!-- test-method -->
              <div class="configuration-method after">
                <span class="method-name">getResult([TestResult name=CreateInvoice status=SUCCESS method=OrdersExecution1.CreateInvoice()[pri:50, instan...)</span>
                <span class="method-start">1558539 ms</span>
              </div> <!-- configuration-method after -->
              <div class="test-method">
                <span class="method-name">VerifyBillingEmailAddress_Send_Invoice</span>
                <span class="method-start">1558708 ms</span>
              </div> <!-- test-method -->
              <div class="configuration-method after">
                <span class="method-name">getResult([TestResult name=VerifyBillingEmailAddress_Send_Invoice status=SUCCESS method=OrdersExecution1.Verif...)</span>
                <span class="method-start">1572917 ms</span>
              </div> <!-- configuration-method after -->
              <div class="test-method">
                <span class="method-name">CreateOrder_BillingAddressVerification</span>
                <span class="method-start">1573216 ms</span>
              </div> <!-- test-method -->
              <div class="configuration-method after">
                <span class="method-name">getResult([TestResult name=CreateOrder_BillingAddressVerification status=SUCCESS method=OrdersExecution1.Creat...)</span>
                <span class="method-start">1606226 ms</span>
              </div> <!-- configuration-method after -->
              <div class="test-method">
                <img src="failed.png">
                </img>
                <span class="method-name">CreateOrder_ShippingAddressVerification</span>
                <span class="method-start">1606444 ms</span>
              </div> <!-- test-method -->
              <div class="configuration-method after">
                <span class="method-name">getResult([TestResult name=CreateOrder_ShippingAddressVerification status=FAILURE method=OrdersExecution1.Crea...)</span>
                <span class="method-start">1651455 ms</span>
              </div> <!-- configuration-method after -->
              <div class="test-method">
                <span class="method-name">CreateOrder_AcknowlodgementAddressVerification</span>
                <span class="method-start">1651633 ms</span>
              </div> <!-- test-method -->
              <div class="configuration-method after">
                <span class="method-name">getResult([TestResult name=CreateOrder_AcknowlodgementAddressVerification status=SUCCESS method=OrdersExecutio...)</span>
                <span class="method-start">1651747 ms</span>
              </div> <!-- configuration-method after -->
              <div class="test-method">
                <span class="method-name">Net25_Net45_Net90_50PercentAdvance_50PercentUponCompletion_Net75_Terms_DropdownValuesVerification</span>
                <span class="method-start">1651930 ms</span>
              </div> <!-- test-method -->
              <div class="configuration-method after">
                <span class="method-name">getResult([TestResult name=Net25_Net45_Net90_50PercentAdvance_50PercentUponCompletion_Net75_Terms_DropdownValu...)</span>
                <span class="method-start">1653580 ms</span>
              </div> <!-- configuration-method after -->
              <div class="test-method">
                <span class="method-name">FedExOvernight_FedExFLEXExpress_ShipVia_DropdownValuesVerification</span>
                <span class="method-start">1653742 ms</span>
              </div> <!-- test-method -->
              <div class="configuration-method after">
                <span class="method-name">getResult([TestResult name=FedExOvernight_FedExFLEXExpress_ShipVia_DropdownValuesVerification status=SUCCESS m...)</span>
                <span class="method-start">1658301 ms</span>
              </div> <!-- configuration-method after -->
              <div class="configuration-test after">
                <span class="method-name">teardown</span>
                <span class="method-start">1658518 ms</span>
              </div> <!-- configuration-test after -->
          </div> <!-- main-panel-content rounded-window-bottom -->
        </div> <!-- panel -->
      </div> <!-- main-panel-root -->
    </div> <!-- wrapper -->
  </body>
<script type="text/javascript" src="testng-reports2.js"></script>
</html>
