<?xml version="1.0" encoding="UTF-8"?>
<!-- Generated by org.testng.reporters.JUnitReportReporter -->
<testsuite hostname="macpk-wks-0135" failures="3" tests="53" name="Master.PreviewDocumentExecution" time="1478.496" errors="4" timestamp="2021-12-08T17:03:42 PKT" skipped="0">
  <testcase classname="Master.PreviewDocumentExecution" name="LoginApp" time="27.953"/>
  <system-out/>
  <testcase classname="Master.PreviewDocumentExecution" name="AccessOrder_ForPreviewDoc" time="33.148"/>
  <system-out/>
  <testcase classname="Master.PreviewDocumentExecution" name="Purchase_OrderPreview_Verification" time="46.750"/>
  <system-out/>
  <testcase classname="Master.PreviewDocumentExecution" name="PurchaseOrder_SalesPersonDetailsPreviewVerification" time="5.648"/>
  <system-out/>
  <testcase classname="Master.PreviewDocumentExecution" name="PurchaseOrderPreview_TermsandPaywith" time="94.502"/>
  <system-out/>
  <testcase classname="Master.PreviewDocumentExecution" name="PurchaseOrderPreview_SplitShipment1_DetailsVerification" time="2.403"/>
  <system-out/>
  <testcase classname="Master.PreviewDocumentExecution" name="PurchaseOrderPreview_SplitShipment1_DecorationDetailsVerification" time="0.564"/>
  <system-out/>
  <testcase classname="Master.PreviewDocumentExecution" name="PurchaseOrder_PersonalizationDecorationDocDownload" time="45.424"/>
  <system-out/>
  <testcase classname="Master.PreviewDocumentExecution" name="PurchaseOrder_AtworkDecorationDocDownload" time="12.589"/>
  <system-out/>
  <testcase classname="Master.PreviewDocumentExecution" name="PurchaseOrder_PreviewShippingDetailsVerification" time="0.513">
    <failure message="expected [true] but found [false]" type="java.lang.AssertionError">
      <![CDATA[java.lang.AssertionError: expected [true] but found [false]
at org.testng.Assert.fail(Assert.java:99)
at org.testng.Assert.failNotEquals(Assert.java:1037)
at org.testng.Assert.assertTrue(Assert.java:45)
at org.testng.Assert.assertTrue(Assert.java:55)
at OrdersTestcases.PurchaseOrderPreview_WithDownloadVerification.PurchaseOrder_PreviewShippingDetails_Verification(PurchaseOrderPreview_WithDownloadVerification.java:176)
at Master.PreviewDocumentExecution.PurchaseOrder_PreviewShippingDetailsVerification(PreviewDocumentExecution.java:103)
at java.base/jdk.internal.reflect.NativeMethodAccessorImpl.invoke0(Native Method)
at java.base/jdk.internal.reflect.NativeMethodAccessorImpl.invoke(NativeMethodAccessorImpl.java:64)
at java.base/jdk.internal.reflect.DelegatingMethodAccessorImpl.invoke(DelegatingMethodAccessorImpl.java:43)
at java.base/java.lang.reflect.Method.invoke(Method.java:564)
at org.testng.internal.MethodInvocationHelper.invokeMethod(MethodInvocationHelper.java:132)
at org.testng.internal.TestInvoker.invokeMethod(TestInvoker.java:599)
at org.testng.internal.TestInvoker.invokeTestMethod(TestInvoker.java:174)
at org.testng.internal.MethodRunner.runInSequence(MethodRunner.java:46)
at org.testng.internal.TestInvoker$MethodInvocationAgent.invoke(TestInvoker.java:822)
at org.testng.internal.TestInvoker.invokeTestMethods(TestInvoker.java:147)
at org.testng.internal.TestMethodWorker.invokeTestMethods(TestMethodWorker.java:146)
at org.testng.internal.TestMethodWorker.run(TestMethodWorker.java:128)
at java.base/java.util.ArrayList.forEach(ArrayList.java:1511)
at org.testng.TestRunner.privateRun(TestRunner.java:764)
at org.testng.TestRunner.run(TestRunner.java:585)
at org.testng.SuiteRunner.runTest(SuiteRunner.java:384)
at org.testng.SuiteRunner.runSequentially(SuiteRunner.java:378)
at org.testng.SuiteRunner.privateRun(SuiteRunner.java:337)
at org.testng.SuiteRunner.run(SuiteRunner.java:286)
at org.testng.SuiteRunnerWorker.runSuite(SuiteRunnerWorker.java:53)
at org.testng.SuiteRunnerWorker.run(SuiteRunnerWorker.java:96)
at org.testng.TestNG.runSuitesSequentially(TestNG.java:1218)
at org.testng.TestNG.runSuitesLocally(TestNG.java:1140)
at org.testng.TestNG.runSuites(TestNG.java:1069)
at org.testng.TestNG.run(TestNG.java:1037)
at org.testng.remote.AbstractRemoteTestNG.run(AbstractRemoteTestNG.java:115)
at org.testng.remote.RemoteTestNG.initAndRun(RemoteTestNG.java:251)
at org.testng.remote.RemoteTestNG.main(RemoteTestNG.java:77)
]]>
    </failure>
  </testcase> <!-- PurchaseOrder_PreviewShippingDetailsVerification -->
  <system-out/>
  <testcase classname="Master.PreviewDocumentExecution" name="PurchaseOrder_BlindShipVerification" time="0.486"/>
  <system-out/>
  <testcase classname="Master.PreviewDocumentExecution" name="PurchaseOrder_AtworkPODocDownload" time="45.311"/>
  <system-out/>
  <testcase classname="Master.PreviewDocumentExecution" name="PurchaseOrder_POPDFDocDownload" time="31.313"/>
  <system-out/>
  <testcase classname="Master.PreviewDocumentExecution" name="Calculating_TotalCostOnPreview" time="4.434">
    <error message="Unparseable number: &quot;$1.98&quot;" type="java.text.ParseException">
      <![CDATA[java.text.ParseException: Unparseable number: "$1.98"
at java.base/java.text.NumberFormat.parse(NumberFormat.java:434)
at Functions.ConversionsWithoutOtherCharges.TotalPricePreview_String_To_Int_Conversion(ConversionsWithoutOtherCharges.java:227)
at OrdersTestcases.PurchaseOrderPreview_WithDownloadVerification.Calculating_TotalCost_On_Preview(PurchaseOrderPreview_WithDownloadVerification.java:239)
at Master.PreviewDocumentExecution.Calculating_TotalCostOnPreview(PreviewDocumentExecution.java:127)
at java.base/jdk.internal.reflect.NativeMethodAccessorImpl.invoke0(Native Method)
at java.base/jdk.internal.reflect.NativeMethodAccessorImpl.invoke(NativeMethodAccessorImpl.java:64)
at java.base/jdk.internal.reflect.DelegatingMethodAccessorImpl.invoke(DelegatingMethodAccessorImpl.java:43)
at java.base/java.lang.reflect.Method.invoke(Method.java:564)
at org.testng.internal.MethodInvocationHelper.invokeMethod(MethodInvocationHelper.java:132)
at org.testng.internal.TestInvoker.invokeMethod(TestInvoker.java:599)
at org.testng.internal.TestInvoker.invokeTestMethod(TestInvoker.java:174)
at org.testng.internal.MethodRunner.runInSequence(MethodRunner.java:46)
at org.testng.internal.TestInvoker$MethodInvocationAgent.invoke(TestInvoker.java:822)
at org.testng.internal.TestInvoker.invokeTestMethods(TestInvoker.java:147)
at org.testng.internal.TestMethodWorker.invokeTestMethods(TestMethodWorker.java:146)
at org.testng.internal.TestMethodWorker.run(TestMethodWorker.java:128)
at java.base/java.util.ArrayList.forEach(ArrayList.java:1511)
at org.testng.TestRunner.privateRun(TestRunner.java:764)
at org.testng.TestRunner.run(TestRunner.java:585)
at org.testng.SuiteRunner.runTest(SuiteRunner.java:384)
at org.testng.SuiteRunner.runSequentially(SuiteRunner.java:378)
at org.testng.SuiteRunner.privateRun(SuiteRunner.java:337)
at org.testng.SuiteRunner.run(SuiteRunner.java:286)
at org.testng.SuiteRunnerWorker.runSuite(SuiteRunnerWorker.java:53)
at org.testng.SuiteRunnerWorker.run(SuiteRunnerWorker.java:96)
at org.testng.TestNG.runSuitesSequentially(TestNG.java:1218)
at org.testng.TestNG.runSuitesLocally(TestNG.java:1140)
at org.testng.TestNG.runSuites(TestNG.java:1069)
at org.testng.TestNG.run(TestNG.java:1037)
at org.testng.remote.AbstractRemoteTestNG.run(AbstractRemoteTestNG.java:115)
at org.testng.remote.RemoteTestNG.initAndRun(RemoteTestNG.java:251)
at org.testng.remote.RemoteTestNG.main(RemoteTestNG.java:77)
]]>
    </error>
  </testcase> <!-- Calculating_TotalCostOnPreview -->
  <system-out/>
  <testcase classname="Master.PreviewDocumentExecution" name="Calculating_TotalPriceOnPreview" time="45.277"/>
  <system-out/>
  <testcase classname="Master.PreviewDocumentExecution" name="PurchaseOrder_PreviewPOSend" time="78.886"/>
  <system-out/>
  <testcase classname="Master.PreviewDocumentExecution" name="SalesOrderPreviewSalesPersonDetails" time="21.929"/>
  <system-out/>
  <testcase classname="Master.PreviewDocumentExecution" name="SalesOrder_BillingShippingDetailsPreview" time="2.942"/>
  <system-out/>
  <testcase classname="Master.PreviewDocumentExecution" name="SalesOrder_BlindshipVerification" time="2.327"/>
  <system-out/>
  <testcase classname="Master.PreviewDocumentExecution" name="SalesOrderPreview_SplitShipment1_DetailsVerification" time="2.326"/>
  <system-out/>
  <testcase classname="Master.PreviewDocumentExecution" name="SalesOrderPreview_SplitShipment1_DecorationDetailsVerification" time="2.581"/>
  <system-out/>
  <testcase classname="Master.PreviewDocumentExecution" name="SalesOrder_PreviewShippingFromDetailsVerification" time="45.401"/>
  <system-out/>
  <testcase classname="Master.PreviewDocumentExecution" name="SalesOrder_ShippingFrom_BlindShipVerification" time="2.442"/>
  <system-out/>
  <testcase classname="Master.PreviewDocumentExecution" name="SalesOrderPreview_ShippingToDetailsVerification" time="45.242"/>
  <system-out/>
  <testcase classname="Master.PreviewDocumentExecution" name="SalesOrderPreviewInstructions" time="2.593"/>
  <system-out/>
  <testcase classname="Master.PreviewDocumentExecution" name="SalesOrderPreview_ServicesDetailsVerification" time="47.361"/>
  <system-out/>
  <testcase classname="Master.PreviewDocumentExecution" name="Calculating_TotalPrice_OnSalesPreview" time="0.390">
    <error message="Unparseable number: &quot;$0.17&quot;" type="java.text.ParseException">
      <![CDATA[java.text.ParseException: Unparseable number: "$0.17"
at java.base/java.text.NumberFormat.parse(NumberFormat.java:434)
at Functions.ConversionsWithoutOtherCharges.TotalPriceSalesPreview_String_To_Int_Conversion(ConversionsWithoutOtherCharges.java:243)
at OrdersTestcases.SalesOrderPreview.Calculating_TotalPrice_On_SalesPreview(SalesOrderPreview.java:240)
at Master.PreviewDocumentExecution.Calculating_TotalPrice_OnSalesPreview(PreviewDocumentExecution.java:210)
at java.base/jdk.internal.reflect.NativeMethodAccessorImpl.invoke0(Native Method)
at java.base/jdk.internal.reflect.NativeMethodAccessorImpl.invoke(NativeMethodAccessorImpl.java:64)
at java.base/jdk.internal.reflect.DelegatingMethodAccessorImpl.invoke(DelegatingMethodAccessorImpl.java:43)
at java.base/java.lang.reflect.Method.invoke(Method.java:564)
at org.testng.internal.MethodInvocationHelper.invokeMethod(MethodInvocationHelper.java:132)
at org.testng.internal.TestInvoker.invokeMethod(TestInvoker.java:599)
at org.testng.internal.TestInvoker.invokeTestMethod(TestInvoker.java:174)
at org.testng.internal.MethodRunner.runInSequence(MethodRunner.java:46)
at org.testng.internal.TestInvoker$MethodInvocationAgent.invoke(TestInvoker.java:822)
at org.testng.internal.TestInvoker.invokeTestMethods(TestInvoker.java:147)
at org.testng.internal.TestMethodWorker.invokeTestMethods(TestMethodWorker.java:146)
at org.testng.internal.TestMethodWorker.run(TestMethodWorker.java:128)
at java.base/java.util.ArrayList.forEach(ArrayList.java:1511)
at org.testng.TestRunner.privateRun(TestRunner.java:764)
at org.testng.TestRunner.run(TestRunner.java:585)
at org.testng.SuiteRunner.runTest(SuiteRunner.java:384)
at org.testng.SuiteRunner.runSequentially(SuiteRunner.java:378)
at org.testng.SuiteRunner.privateRun(SuiteRunner.java:337)
at org.testng.SuiteRunner.run(SuiteRunner.java:286)
at org.testng.SuiteRunnerWorker.runSuite(SuiteRunnerWorker.java:53)
at org.testng.SuiteRunnerWorker.run(SuiteRunnerWorker.java:96)
at org.testng.TestNG.runSuitesSequentially(TestNG.java:1218)
at org.testng.TestNG.runSuitesLocally(TestNG.java:1140)
at org.testng.TestNG.runSuites(TestNG.java:1069)
at org.testng.TestNG.run(TestNG.java:1037)
at org.testng.remote.AbstractRemoteTestNG.run(AbstractRemoteTestNG.java:115)
at org.testng.remote.RemoteTestNG.initAndRun(RemoteTestNG.java:251)
at org.testng.remote.RemoteTestNG.main(RemoteTestNG.java:77)
]]>
    </error>
  </testcase> <!-- Calculating_TotalPrice_OnSalesPreview -->
  <system-out/>
  <testcase classname="Master.PreviewDocumentExecution" name="SalesOrder_PDFDocDownload" time="38.504"/>
  <system-out/>
  <testcase classname="Master.PreviewDocumentExecution" name="PDFAttach_Checkbox_ischecked_bydefault" time="24.645"/>
  <system-out/>
  <testcase classname="Master.PreviewDocumentExecution" name="SalesOrder_Preview_SalesOrderSend" time="61.593"/>
  <system-out/>
  <testcase classname="Master.PreviewDocumentExecution" name="AcknowledgementOrder_PreviewSalesPersonDetails" time="17.353"/>
  <system-out/>
  <testcase classname="Master.PreviewDocumentExecution" name="AckowlodgementPreview_SplitShipment1Details_Verification" time="1.230"/>
  <system-out/>
  <testcase classname="Master.PreviewDocumentExecution" name="AcknowlodgementPreview_SplitShipment1DecorationDetails_Verification" time="5.655"/>
  <system-out/>
  <testcase classname="Master.PreviewDocumentExecution" name="Ackowledgement_PreviewShippingFromDetailsVerification" time="45.325"/>
  <system-out/>
  <testcase classname="Master.PreviewDocumentExecution" name="AckowledgementPreviewInstructions" time="0.309"/>
  <system-out/>
  <testcase classname="Master.PreviewDocumentExecution" name="AcknowledgementPreview_ServicesDetailsVerification" time="45.327"/>
  <system-out/>
  <testcase classname="Master.PreviewDocumentExecution" name="Ackowledgement_PersonalizationDecorationDocDownload" time="45.722"/>
  <system-out/>
  <testcase classname="Master.PreviewDocumentExecution" name="Ackowledgement_PDFDocDownload" time="17.172">
    <failure message="expected [true] but found [false]" type="java.lang.AssertionError">
      <![CDATA[java.lang.AssertionError: expected [true] but found [false]
at org.testng.Assert.fail(Assert.java:99)
at org.testng.Assert.failNotEquals(Assert.java:1037)
at org.testng.Assert.assertTrue(Assert.java:45)
at org.testng.Assert.assertTrue(Assert.java:55)
at OrdersTestcases.AcknowlodgementPreview.Ackowledgement_PDF_DocDownload(AcknowlodgementPreview.java:184)
at Master.PreviewDocumentExecution.Ackowledgement_PDFDocDownload(PreviewDocumentExecution.java:267)
at java.base/jdk.internal.reflect.NativeMethodAccessorImpl.invoke0(Native Method)
at java.base/jdk.internal.reflect.NativeMethodAccessorImpl.invoke(NativeMethodAccessorImpl.java:64)
at java.base/jdk.internal.reflect.DelegatingMethodAccessorImpl.invoke(DelegatingMethodAccessorImpl.java:43)
at java.base/java.lang.reflect.Method.invoke(Method.java:564)
at org.testng.internal.MethodInvocationHelper.invokeMethod(MethodInvocationHelper.java:132)
at org.testng.internal.TestInvoker.invokeMethod(TestInvoker.java:599)
at org.testng.internal.TestInvoker.invokeTestMethod(TestInvoker.java:174)
at org.testng.internal.MethodRunner.runInSequence(MethodRunner.java:46)
at org.testng.internal.TestInvoker$MethodInvocationAgent.invoke(TestInvoker.java:822)
at org.testng.internal.TestInvoker.invokeTestMethods(TestInvoker.java:147)
at org.testng.internal.TestMethodWorker.invokeTestMethods(TestMethodWorker.java:146)
at org.testng.internal.TestMethodWorker.run(TestMethodWorker.java:128)
at java.base/java.util.ArrayList.forEach(ArrayList.java:1511)
at org.testng.TestRunner.privateRun(TestRunner.java:764)
at org.testng.TestRunner.run(TestRunner.java:585)
at org.testng.SuiteRunner.runTest(SuiteRunner.java:384)
at org.testng.SuiteRunner.runSequentially(SuiteRunner.java:378)
at org.testng.SuiteRunner.privateRun(SuiteRunner.java:337)
at org.testng.SuiteRunner.run(SuiteRunner.java:286)
at org.testng.SuiteRunnerWorker.runSuite(SuiteRunnerWorker.java:53)
at org.testng.SuiteRunnerWorker.run(SuiteRunnerWorker.java:96)
at org.testng.TestNG.runSuitesSequentially(TestNG.java:1218)
at org.testng.TestNG.runSuitesLocally(TestNG.java:1140)
at org.testng.TestNG.runSuites(TestNG.java:1069)
at org.testng.TestNG.run(TestNG.java:1037)
at org.testng.remote.AbstractRemoteTestNG.run(AbstractRemoteTestNG.java:115)
at org.testng.remote.RemoteTestNG.initAndRun(RemoteTestNG.java:251)
at org.testng.remote.RemoteTestNG.main(RemoteTestNG.java:77)
]]>
    </failure>
  </testcase> <!-- Ackowledgement_PDFDocDownload -->
  <system-out/>
  <testcase classname="Master.PreviewDocumentExecution" name="Calculating_TotalPrice_OnAckowledgementPreview" time="0.563">
    <error message="Unparseable number: &quot;$3.47&quot;" type="java.text.ParseException">
      <![CDATA[java.text.ParseException: Unparseable number: "$3.47"
at java.base/java.text.NumberFormat.parse(NumberFormat.java:434)
at Functions.ConversionsWithoutOtherCharges.TotalPriceSalesPreview_String_To_Int_Conversion(ConversionsWithoutOtherCharges.java:243)
at OrdersTestcases.AcknowlodgementPreview.Calculating_TotalPrice_On_AckowledgementPreview(AcknowlodgementPreview.java:195)
at Master.PreviewDocumentExecution.Calculating_TotalPrice_OnAckowledgementPreview(PreviewDocumentExecution.java:272)
at java.base/jdk.internal.reflect.NativeMethodAccessorImpl.invoke0(Native Method)
at java.base/jdk.internal.reflect.NativeMethodAccessorImpl.invoke(NativeMethodAccessorImpl.java:64)
at java.base/jdk.internal.reflect.DelegatingMethodAccessorImpl.invoke(DelegatingMethodAccessorImpl.java:43)
at java.base/java.lang.reflect.Method.invoke(Method.java:564)
at org.testng.internal.MethodInvocationHelper.invokeMethod(MethodInvocationHelper.java:132)
at org.testng.internal.TestInvoker.invokeMethod(TestInvoker.java:599)
at org.testng.internal.TestInvoker.invokeTestMethod(TestInvoker.java:174)
at org.testng.internal.MethodRunner.runInSequence(MethodRunner.java:46)
at org.testng.internal.TestInvoker$MethodInvocationAgent.invoke(TestInvoker.java:822)
at org.testng.internal.TestInvoker.invokeTestMethods(TestInvoker.java:147)
at org.testng.internal.TestMethodWorker.invokeTestMethods(TestMethodWorker.java:146)
at org.testng.internal.TestMethodWorker.run(TestMethodWorker.java:128)
at java.base/java.util.ArrayList.forEach(ArrayList.java:1511)
at org.testng.TestRunner.privateRun(TestRunner.java:764)
at org.testng.TestRunner.run(TestRunner.java:585)
at org.testng.SuiteRunner.runTest(SuiteRunner.java:384)
at org.testng.SuiteRunner.runSequentially(SuiteRunner.java:378)
at org.testng.SuiteRunner.privateRun(SuiteRunner.java:337)
at org.testng.SuiteRunner.run(SuiteRunner.java:286)
at org.testng.SuiteRunnerWorker.runSuite(SuiteRunnerWorker.java:53)
at org.testng.SuiteRunnerWorker.run(SuiteRunnerWorker.java:96)
at org.testng.TestNG.runSuitesSequentially(TestNG.java:1218)
at org.testng.TestNG.runSuitesLocally(TestNG.java:1140)
at org.testng.TestNG.runSuites(TestNG.java:1069)
at org.testng.TestNG.run(TestNG.java:1037)
at org.testng.remote.AbstractRemoteTestNG.run(AbstractRemoteTestNG.java:115)
at org.testng.remote.RemoteTestNG.initAndRun(RemoteTestNG.java:251)
at org.testng.remote.RemoteTestNG.main(RemoteTestNG.java:77)
]]>
    </error>
  </testcase> <!-- Calculating_TotalPrice_OnAckowledgementPreview -->
  <system-out/>
  <testcase classname="Master.PreviewDocumentExecution" name="Acknowledgement_PreviewAckSend" time="74.227"/>
  <system-out/>
  <testcase classname="Master.PreviewDocumentExecution" name="PurchaseOrder_OrderLevel_POPDFDocDownload" time="51.869"/>
  <system-out/>
  <testcase classname="Master.PreviewDocumentExecution" name="SalesOrder_PreviewDownloadPopup_PDFDocDownload" time="40.650"/>
  <system-out/>
  <testcase classname="Master.PreviewDocumentExecution" name="AckowledgementDownloadPopup_PDFDocDownload" time="42.109"/>
  <system-out/>
  <testcase classname="Master.PreviewDocumentExecution" name="Tax_not_calculating_if_Canadian_address_is_notmatching" time="96.715"/>
  <system-out/>
  <testcase classname="Master.PreviewDocumentExecution" name="Tax_is_not_calculating_if_Canadian_addressisnotmatching" time="61.626"/>
  <system-out/>
  <testcase classname="Master.PreviewDocumentExecution" name="SameAsBilling_ShippingAddress_Verification_OrderLevel" time="18.000"/>
  <system-out/>
  <testcase classname="Master.PreviewDocumentExecution" name="CPN_Number_EditProductConfigVerification" time="17.169"/>
  <system-out/>
  <testcase classname="Master.PreviewDocumentExecution" name="SameAsBilling_ShippingAddress_Verification_ProductLevel" time="3.974"/>
  <system-out/>
  <testcase classname="Master.PreviewDocumentExecution" name="SameAsBilling_AcknowledgementAddress_Verification_OrderLevel" time="2.237"/>
  <system-out/>
  <testcase classname="Master.PreviewDocumentExecution" name="ProfitMaker_SendVerification" time="19.041"/>
  <system-out/>
  <testcase classname="Master.PreviewDocumentExecution" name="ManageCurrancy_USD_OrderLevel" time="12.553"/>
  <system-out/>
  <testcase classname="Master.PreviewDocumentExecution" name="ManageCurrancy_CAD_OrderLevel" time="14.386">
    <failure message="expected [true] but found [false]" type="java.lang.AssertionError">
      <![CDATA[java.lang.AssertionError: expected [true] but found [false]
at org.testng.Assert.fail(Assert.java:99)
at org.testng.Assert.failNotEquals(Assert.java:1037)
at org.testng.Assert.assertTrue(Assert.java:45)
at org.testng.Assert.assertTrue(Assert.java:55)
at OrdersTestcases.Requote_FromOrdersDetails_And_QuoteDetails.ManageCurrancy_CAD_OrderLevel(Requote_FromOrdersDetails_And_QuoteDetails.java:196)
at Master.PreviewDocumentExecution.ManageCurrancy_CAD_OrderLevel(PreviewDocumentExecution.java:350)
at java.base/jdk.internal.reflect.NativeMethodAccessorImpl.invoke0(Native Method)
at java.base/jdk.internal.reflect.NativeMethodAccessorImpl.invoke(NativeMethodAccessorImpl.java:64)
at java.base/jdk.internal.reflect.DelegatingMethodAccessorImpl.invoke(DelegatingMethodAccessorImpl.java:43)
at java.base/java.lang.reflect.Method.invoke(Method.java:564)
at org.testng.internal.MethodInvocationHelper.invokeMethod(MethodInvocationHelper.java:132)
at org.testng.internal.TestInvoker.invokeMethod(TestInvoker.java:599)
at org.testng.internal.TestInvoker.invokeTestMethod(TestInvoker.java:174)
at org.testng.internal.MethodRunner.runInSequence(MethodRunner.java:46)
at org.testng.internal.TestInvoker$MethodInvocationAgent.invoke(TestInvoker.java:822)
at org.testng.internal.TestInvoker.invokeTestMethods(TestInvoker.java:147)
at org.testng.internal.TestMethodWorker.invokeTestMethods(TestMethodWorker.java:146)
at org.testng.internal.TestMethodWorker.run(TestMethodWorker.java:128)
at java.base/java.util.ArrayList.forEach(ArrayList.java:1511)
at org.testng.TestRunner.privateRun(TestRunner.java:764)
at org.testng.TestRunner.run(TestRunner.java:585)
at org.testng.SuiteRunner.runTest(SuiteRunner.java:384)
at org.testng.SuiteRunner.runSequentially(SuiteRunner.java:378)
at org.testng.SuiteRunner.privateRun(SuiteRunner.java:337)
at org.testng.SuiteRunner.run(SuiteRunner.java:286)
at org.testng.SuiteRunnerWorker.runSuite(SuiteRunnerWorker.java:53)
at org.testng.SuiteRunnerWorker.run(SuiteRunnerWorker.java:96)
at org.testng.TestNG.runSuitesSequentially(TestNG.java:1218)
at org.testng.TestNG.runSuitesLocally(TestNG.java:1140)
at org.testng.TestNG.runSuites(TestNG.java:1069)
at org.testng.TestNG.run(TestNG.java:1037)
at org.testng.remote.AbstractRemoteTestNG.run(AbstractRemoteTestNG.java:115)
at org.testng.remote.RemoteTestNG.initAndRun(RemoteTestNG.java:251)
at org.testng.remote.RemoteTestNG.main(RemoteTestNG.java:77)
]]>
    </failure>
  </testcase> <!-- ManageCurrancy_CAD_OrderLevel -->
  <system-out/>
  <testcase classname="Master.PreviewDocumentExecution" name="Requote_From_OrdersDetails" time="69.807">
    <error message="no such element: Unable to locate element: {&quot;method&quot;:&quot;xpath&quot;,&quot;selector&quot;:&quot;//a[contains(@ng-click, &#039;vm.openProductModal(lineItem&#039;)]&quot;}
  (Session info: chrome=96.0.4664.45)
For documentation on this error, please visit: https://www.seleniumhq.org/exceptions/no_such_element.html
Build info: version: &#039;3.141.59&#039;, revision: &#039;e82be7d358&#039;, time: &#039;2018-11-14T08:17:03&#039;
System info: host: &#039;MACPK-WKS-0135&#039;, ip: &#039;192.168.8.100&#039;, os.name: &#039;Windows 10&#039;, os.arch: &#039;amd64&#039;, os.version: &#039;10.0&#039;, java.version: &#039;15.0.1&#039;
Driver info: org.openqa.selenium.chrome.ChromeDriver
Capabilities {acceptInsecureCerts: false, browserName: chrome, browserVersion: 96.0.4664.45, chrome: {chromedriverVersion: 96.0.4664.45 (76e4c1bb2ab46..., userDataDir: C:\Users\BAKHTA~1.NAZ\AppDa...}, goog:chromeOptions: {debuggerAddress: localhost:53291}, javascriptEnabled: true, networkConnectionEnabled: false, pageLoadStrategy: normal, platform: WINDOWS, platformName: WINDOWS, proxy: Proxy(), setWindowRect: true, strictFileInteractability: false, timeouts: {implicit: 0, pageLoad: 300000, script: 30000}, unhandledPromptBehavior: dismiss and notify, webauthn:extension:credBlob: true, webauthn:extension:largeBlob: true, webauthn:virtualAuthenticators: true}
Session ID: df07f450e32275ca5710c9ee79739a6a
*** Element info: {Using=xpath, value=//a[contains(@ng-click, &#039;vm.openProductModal(lineItem&#039;)]}" type="org.openqa.selenium.NoSuchElementException">
      <![CDATA[org.openqa.selenium.NoSuchElementException: no such element: Unable to locate element: {"method":"xpath","selector":"//a[contains(@ng-click, 'vm.openProductModal(lineItem')]"}
  (Session info: chrome=96.0.4664.45)
For documentation on this error, please visit: https://www.seleniumhq.org/exceptions/no_such_element.html
Build info: version: '3.141.59', revision: 'e82be7d358', time: '2018-11-14T08:17:03'
System info: host: 'MACPK-WKS-0135', ip: '192.168.8.100', os.name: 'Windows 10', os.arch: 'amd64', os.version: '10.0', java.version: '15.0.1'
Driver info: org.openqa.selenium.chrome.ChromeDriver
Capabilities {acceptInsecureCerts: false, browserName: chrome, browserVersion: 96.0.4664.45, chrome: {chromedriverVersion: 96.0.4664.45 (76e4c1bb2ab46..., userDataDir: C:\Users\BAKHTA~1.NAZ\AppDa...}, goog:chromeOptions: {debuggerAddress: localhost:53291}, javascriptEnabled: true, networkConnectionEnabled: false, pageLoadStrategy: normal, platform: WINDOWS, platformName: WINDOWS, proxy: Proxy(), setWindowRect: true, strictFileInteractability: false, timeouts: {implicit: 0, pageLoad: 300000, script: 30000}, unhandledPromptBehavior: dismiss and notify, webauthn:extension:credBlob: true, webauthn:extension:largeBlob: true, webauthn:virtualAuthenticators: true}
Session ID: df07f450e32275ca5710c9ee79739a6a
*** Element info: {Using=xpath, value=//a[contains(@ng-click, 'vm.openProductModal(lineItem')]}
at java.base/jdk.internal.reflect.NativeConstructorAccessorImpl.newInstance0(Native Method)
at java.base/jdk.internal.reflect.NativeConstructorAccessorImpl.newInstance(NativeConstructorAccessorImpl.java:64)
at java.base/jdk.internal.reflect.DelegatingConstructorAccessorImpl.newInstance(DelegatingConstructorAccessorImpl.java:45)
at java.base/java.lang.reflect.Constructor.newInstanceWithCaller(Constructor.java:500)
at java.base/java.lang.reflect.Constructor.newInstance(Constructor.java:481)
at org.openqa.selenium.remote.http.W3CHttpResponseCodec.createException(W3CHttpResponseCodec.java:187)
at org.openqa.selenium.remote.http.W3CHttpResponseCodec.decode(W3CHttpResponseCodec.java:122)
at org.openqa.selenium.remote.http.W3CHttpResponseCodec.decode(W3CHttpResponseCodec.java:49)
at org.openqa.selenium.remote.HttpCommandExecutor.execute(HttpCommandExecutor.java:158)
at org.openqa.selenium.remote.service.DriverCommandExecutor.execute(DriverCommandExecutor.java:83)
at org.openqa.selenium.remote.RemoteWebDriver.execute(RemoteWebDriver.java:552)
at org.openqa.selenium.remote.RemoteWebDriver.findElement(RemoteWebDriver.java:323)
at org.openqa.selenium.remote.RemoteWebDriver.findElementByXPath(RemoteWebDriver.java:428)
at org.openqa.selenium.By$ByXPath.findElement(By.java:353)
at org.openqa.selenium.remote.RemoteWebDriver.findElement(RemoteWebDriver.java:315)
at org.openqa.selenium.support.pagefactory.DefaultElementLocator.findElement(DefaultElementLocator.java:70)
at org.openqa.selenium.support.pagefactory.internal.LocatingElementHandler.invoke(LocatingElementHandler.java:39)
at com.sun.proxy.$Proxy13.isDisplayed(Unknown Source)
at OrdersTestcases.Requote_FromOrdersDetails_And_QuoteDetails.CreateQuote_From_Orders_Details(Requote_FromOrdersDetails_And_QuoteDetails.java:129)
at Master.PreviewDocumentExecution.Requote_From_OrdersDetails(PreviewDocumentExecution.java:356)
at java.base/jdk.internal.reflect.NativeMethodAccessorImpl.invoke0(Native Method)
at java.base/jdk.internal.reflect.NativeMethodAccessorImpl.invoke(NativeMethodAccessorImpl.java:64)
at java.base/jdk.internal.reflect.DelegatingMethodAccessorImpl.invoke(DelegatingMethodAccessorImpl.java:43)
at java.base/java.lang.reflect.Method.invoke(Method.java:564)
at org.testng.internal.MethodInvocationHelper.invokeMethod(MethodInvocationHelper.java:132)
at org.testng.internal.TestInvoker.invokeMethod(TestInvoker.java:599)
at org.testng.internal.TestInvoker.invokeTestMethod(TestInvoker.java:174)
at org.testng.internal.MethodRunner.runInSequence(MethodRunner.java:46)
at org.testng.internal.TestInvoker$MethodInvocationAgent.invoke(TestInvoker.java:822)
at org.testng.internal.TestInvoker.invokeTestMethods(TestInvoker.java:147)
at org.testng.internal.TestMethodWorker.invokeTestMethods(TestMethodWorker.java:146)
at org.testng.internal.TestMethodWorker.run(TestMethodWorker.java:128)
at java.base/java.util.ArrayList.forEach(ArrayList.java:1511)
at org.testng.TestRunner.privateRun(TestRunner.java:764)
at org.testng.TestRunner.run(TestRunner.java:585)
at org.testng.SuiteRunner.runTest(SuiteRunner.java:384)
at org.testng.SuiteRunner.runSequentially(SuiteRunner.java:378)
at org.testng.SuiteRunner.privateRun(SuiteRunner.java:337)
at org.testng.SuiteRunner.run(SuiteRunner.java:286)
at org.testng.SuiteRunnerWorker.runSuite(SuiteRunnerWorker.java:53)
at org.testng.SuiteRunnerWorker.run(SuiteRunnerWorker.java:96)
at org.testng.TestNG.runSuitesSequentially(TestNG.java:1218)
at org.testng.TestNG.runSuitesLocally(TestNG.java:1140)
at org.testng.TestNG.runSuites(TestNG.java:1069)
at org.testng.TestNG.run(TestNG.java:1037)
at org.testng.remote.AbstractRemoteTestNG.run(AbstractRemoteTestNG.java:115)
at org.testng.remote.RemoteTestNG.initAndRun(RemoteTestNG.java:251)
at org.testng.remote.RemoteTestNG.main(RemoteTestNG.java:77)
]]>
    </error>
  </testcase> <!-- Requote_From_OrdersDetails -->
  <system-out/>
</testsuite> <!-- Master.PreviewDocumentExecution -->
