<?xml version="1.0" encoding="UTF-8"?>
<!-- Generated by org.testng.reporters.JUnitReportReporter -->
<testsuite hostname="macpk-wks-0135" failures="0" tests="43" name="Master.OrdersExecution2" time="16.183" errors="1" timestamp="2022-03-06T15:58:02 PKT" skipped="42">
  <testcase classname="Master.OrdersExecution2" name="LoginApp" time="0.000">
    <skipped/>
  </testcase> <!-- LoginApp -->
  <system-out/>
  <testcase classname="Master.OrdersExecution2" name="Startup" time="16.143">
    <error message="session not created: This version of ChromeDriver only supports Chrome version 99
Current browser version is 98.0.4758.102 with binary path C:\Program Files\Google\Chrome\Application\chrome.exe
Build info: version: &#039;3.141.59&#039;, revision: &#039;e82be7d358&#039;, time: &#039;2018-11-14T08:17:03&#039;
System info: host: &#039;MACPK-WKS-0135&#039;, ip: &#039;192.168.8.100&#039;, os.name: &#039;Windows 10&#039;, os.arch: &#039;amd64&#039;, os.version: &#039;10.0&#039;, java.version: &#039;15.0.1&#039;
Driver info: driver.version: ChromeDriver
remote stacktrace: Backtrace:
	Ordinal0 [0x008E9943+2595139]
	Ordinal0 [0x0087C9F1+2148849]
	Ordinal0 [0x00774528+1066280]
	Ordinal0 [0x007942C3+1196739]
	Ordinal0 [0x0078FE37+1179191]
	Ordinal0 [0x0078D6F1+1169137]
	Ordinal0 [0x007C0530+1377584]
	Ordinal0 [0x007C018A+1376650]
	Ordinal0 [0x007BB806+1357830]
	Ordinal0 [0x00796086+1204358]
	Ordinal0 [0x00796F96+1208214]
	GetHandleVerifier [0x00A8B232+1658114]
	GetHandleVerifier [0x00B4312C+2411516]
	GetHandleVerifier [0x0097F261+560433]
	GetHandleVerifier [0x0097E366+556598]
	Ordinal0 [0x0088286B+2173035]
	Ordinal0 [0x008875F8+2192888]
	Ordinal0 [0x008876E5+2193125]
	Ordinal0 [0x008911FC+2232828]
	BaseThreadInitThunk [0x7680FA29+25]
	RtlGetAppContainerNamedObjectPath [0x77697A9E+286]
	RtlGetAppContainerNamedObjectPath [0x77697A6E+238]
" type="org.openqa.selenium.SessionNotCreatedException">
      <![CDATA[org.openqa.selenium.SessionNotCreatedException: session not created: This version of ChromeDriver only supports Chrome version 99
Current browser version is 98.0.4758.102 with binary path C:\Program Files\Google\Chrome\Application\chrome.exe
Build info: version: '3.141.59', revision: 'e82be7d358', time: '2018-11-14T08:17:03'
System info: host: 'MACPK-WKS-0135', ip: '192.168.8.100', os.name: 'Windows 10', os.arch: 'amd64', os.version: '10.0', java.version: '15.0.1'
Driver info: driver.version: ChromeDriver
remote stacktrace: Backtrace:
Ordinal0 [0x008E9943+2595139]
Ordinal0 [0x0087C9F1+2148849]
Ordinal0 [0x00774528+1066280]
Ordinal0 [0x007942C3+1196739]
Ordinal0 [0x0078FE37+1179191]
Ordinal0 [0x0078D6F1+1169137]
Ordinal0 [0x007C0530+1377584]
Ordinal0 [0x007C018A+1376650]
Ordinal0 [0x007BB806+1357830]
Ordinal0 [0x00796086+1204358]
Ordinal0 [0x00796F96+1208214]
GetHandleVerifier [0x00A8B232+1658114]
GetHandleVerifier [0x00B4312C+2411516]
GetHandleVerifier [0x0097F261+560433]
GetHandleVerifier [0x0097E366+556598]
Ordinal0 [0x0088286B+2173035]
Ordinal0 [0x008875F8+2192888]
Ordinal0 [0x008876E5+2193125]
Ordinal0 [0x008911FC+2232828]
BaseThreadInitThunk [0x7680FA29+25]
RtlGetAppContainerNamedObjectPath [0x77697A9E+286]
RtlGetAppContainerNamedObjectPath [0x77697A6E+238]

at java.base/jdk.internal.reflect.NativeConstructorAccessorImpl.newInstance0(Native Method)
at java.base/jdk.internal.reflect.NativeConstructorAccessorImpl.newInstance(NativeConstructorAccessorImpl.java:64)
at java.base/jdk.internal.reflect.DelegatingConstructorAccessorImpl.newInstance(DelegatingConstructorAccessorImpl.java:45)
at java.base/java.lang.reflect.Constructor.newInstanceWithCaller(Constructor.java:500)
at java.base/java.lang.reflect.Constructor.newInstance(Constructor.java:481)
at org.openqa.selenium.remote.W3CHandshakeResponse.lambda$errorHandler$0(W3CHandshakeResponse.java:62)
at org.openqa.selenium.remote.HandshakeResponse.lambda$getResponseFunction$0(HandshakeResponse.java:30)
at org.openqa.selenium.remote.ProtocolHandshake.lambda$createSession$0(ProtocolHandshake.java:126)
at java.base/java.util.stream.ReferencePipeline$3$1.accept(ReferencePipeline.java:195)
at java.base/java.util.Spliterators$ArraySpliterator.tryAdvance(Spliterators.java:958)
at java.base/java.util.stream.ReferencePipeline.forEachWithCancel(ReferencePipeline.java:127)
at java.base/java.util.stream.AbstractPipeline.copyIntoWithCancel(AbstractPipeline.java:502)
at java.base/java.util.stream.AbstractPipeline.copyInto(AbstractPipeline.java:488)
at java.base/java.util.stream.AbstractPipeline.wrapAndCopyInto(AbstractPipeline.java:474)
at java.base/java.util.stream.FindOps$FindOp.evaluateSequential(FindOps.java:150)
at java.base/java.util.stream.AbstractPipeline.evaluate(AbstractPipeline.java:234)
at java.base/java.util.stream.ReferencePipeline.findFirst(ReferencePipeline.java:543)
at org.openqa.selenium.remote.ProtocolHandshake.createSession(ProtocolHandshake.java:128)
at org.openqa.selenium.remote.ProtocolHandshake.createSession(ProtocolHandshake.java:74)
at org.openqa.selenium.remote.HttpCommandExecutor.execute(HttpCommandExecutor.java:136)
at org.openqa.selenium.remote.service.DriverCommandExecutor.execute(DriverCommandExecutor.java:83)
at org.openqa.selenium.remote.RemoteWebDriver.execute(RemoteWebDriver.java:552)
at org.openqa.selenium.remote.RemoteWebDriver.startSession(RemoteWebDriver.java:213)
at org.openqa.selenium.remote.RemoteWebDriver.<init>(RemoteWebDriver.java:131)
at org.openqa.selenium.chrome.ChromeDriver.<init>(ChromeDriver.java:181)
at org.openqa.selenium.chrome.ChromeDriver.<init>(ChromeDriver.java:168)
at org.openqa.selenium.chrome.ChromeDriver.<init>(ChromeDriver.java:157)
at CrmTestCases.StartBrowser.StartupBrowser(StartBrowser.java:34)
at Master.OrdersExecution2.Startup(OrdersExecution2.java:66)
at java.base/jdk.internal.reflect.NativeMethodAccessorImpl.invoke0(Native Method)
at java.base/jdk.internal.reflect.NativeMethodAccessorImpl.invoke(NativeMethodAccessorImpl.java:64)
at java.base/jdk.internal.reflect.DelegatingMethodAccessorImpl.invoke(DelegatingMethodAccessorImpl.java:43)
at java.base/java.lang.reflect.Method.invoke(Method.java:564)
at org.testng.internal.MethodInvocationHelper.invokeMethod(MethodInvocationHelper.java:132)
at org.testng.internal.MethodInvocationHelper.invokeMethodConsideringTimeout(MethodInvocationHelper.java:61)
at org.testng.internal.ConfigInvoker.invokeConfigurationMethod(ConfigInvoker.java:366)
at org.testng.internal.ConfigInvoker.invokeConfigurations(ConfigInvoker.java:320)
at org.testng.TestRunner.invokeTestConfigurations(TestRunner.java:617)
at org.testng.TestRunner.beforeRun(TestRunner.java:607)
at org.testng.TestRunner.run(TestRunner.java:578)
at org.testng.SuiteRunner.runTest(SuiteRunner.java:384)
at org.testng.SuiteRunner.runSequentially(SuiteRunner.java:378)
at org.testng.SuiteRunner.privateRun(SuiteRunner.java:337)
at org.testng.SuiteRunner.run(SuiteRunner.java:286)
at org.testng.SuiteRunnerWorker.runSuite(SuiteRunnerWorker.java:53)
at org.testng.SuiteRunnerWorker.run(SuiteRunnerWorker.java:96)
at org.testng.TestNG.runSuitesSequentially(TestNG.java:1218)
at org.testng.TestNG.runSuitesLocally(TestNG.java:1140)
at org.testng.TestNG.runSuites(TestNG.java:1069)
at org.testng.TestNG.run(TestNG.java:1037)
at org.testng.remote.AbstractRemoteTestNG.run(AbstractRemoteTestNG.java:115)
at org.testng.remote.RemoteTestNG.initAndRun(RemoteTestNG.java:251)
at org.testng.remote.RemoteTestNG.main(RemoteTestNG.java:77)
]]>
    </error>
  </testcase> <!-- Startup -->
  <system-out/>
  <testcase classname="Master.OrdersExecution2" name="AutomaticSalesTax_check" time="0.000">
    <skipped/>
  </testcase> <!-- AutomaticSalesTax_check -->
  <system-out/>
  <testcase classname="Master.OrdersExecution2" name="Create_NewOrderStatus" time="0.000">
    <skipped/>
  </testcase> <!-- Create_NewOrderStatus -->
  <system-out/>
  <testcase classname="Master.OrdersExecution2" name="UploadDSTFiles_Orderlevel" time="0.000">
    <skipped/>
  </testcase> <!-- UploadDSTFiles_Orderlevel -->
  <system-out/>
  <testcase classname="Master.OrdersExecution2" name="CreateOrder_OrderStatusDropdown" time="0.000">
    <skipped/>
  </testcase> <!-- CreateOrder_OrderStatusDropdown -->
  <system-out/>
  <testcase classname="Master.OrdersExecution2" name="CreateOrder_NewOrderStatus_NotesVerification" time="0.000">
    <skipped/>
  </testcase> <!-- CreateOrder_NewOrderStatus_NotesVerification -->
  <system-out/>
  <testcase classname="Master.OrdersExecution2" name="Product_AddedTo_Order" time="0.000">
    <skipped/>
  </testcase> <!-- Product_AddedTo_Order -->
  <system-out/>
  <testcase classname="Master.OrdersExecution2" name="Send_ASI_SmartBookslink_Verification" time="0.000">
    <skipped/>
  </testcase> <!-- Send_ASI_SmartBookslink_Verification -->
  <system-out/>
  <testcase classname="Master.OrdersExecution2" name="CreateOrder" time="0.000">
    <skipped/>
  </testcase> <!-- CreateOrder -->
  <system-out/>
  <testcase classname="Master.OrdersExecution2" name="PNameandSupplierASInoAreClickable" time="0.000">
    <skipped/>
  </testcase> <!-- PNameandSupplierASInoAreClickable -->
  <system-out/>
  <testcase classname="Master.OrdersExecution2" name="BackButton" time="0.000">
    <skipped/>
  </testcase> <!-- BackButton -->
  <system-out/>
  <testcase classname="Master.OrdersExecution2" name="OrderProductConfig_NewAddCharge_in_Configuration_WithAmount_Verification" time="0.000">
    <skipped/>
  </testcase> <!-- OrderProductConfig_NewAddCharge_in_Configuration_WithAmount_Verification -->
  <system-out/>
  <testcase classname="Master.OrdersExecution2" name="AddVendor_Charge_WithAmount_calculation" time="0.000">
    <skipped/>
  </testcase> <!-- AddVendor_Charge_WithAmount_calculation -->
  <system-out/>
  <testcase classname="Master.OrdersExecution2" name="Existing_Artwork_File_UploadVerification" time="0.000">
    <skipped/>
  </testcase> <!-- Existing_Artwork_File_UploadVerification -->
  <system-out/>
  <testcase classname="Master.OrdersExecution2" name="Artwork_DownloadUnderDecorationTab" time="0.000">
    <skipped/>
  </testcase> <!-- Artwork_DownloadUnderDecorationTab -->
  <system-out/>
  <testcase classname="Master.OrdersExecution2" name="Artwork_Uncheck_VisibleCheckbox" time="0.000">
    <skipped/>
  </testcase> <!-- Artwork_Uncheck_VisibleCheckbox -->
  <system-out/>
  <testcase classname="Master.OrdersExecution2" name="ArtworkVisibility_OnAcknowledgementDoc" time="0.000">
    <skipped/>
  </testcase> <!-- ArtworkVisibility_OnAcknowledgementDoc -->
  <system-out/>
  <testcase classname="Master.OrdersExecution2" name="ProofEmailAddres" time="0.000">
    <skipped/>
  </testcase> <!-- ProofEmailAddres -->
  <system-out/>
  <testcase classname="Master.OrdersExecution2" name="Artwork_FileDeletion" time="0.000">
    <skipped/>
  </testcase> <!-- Artwork_FileDeletion -->
  <system-out/>
  <testcase classname="Master.OrdersExecution2" name="Decoration_Charge_With_Amountcalculation" time="0.000">
    <skipped/>
  </testcase> <!-- Decoration_Charge_With_Amountcalculation -->
  <system-out/>
  <testcase classname="Master.OrdersExecution2" name="Verificationof_Decoration_Display_Under_DecorationTab" time="0.000">
    <skipped/>
  </testcase> <!-- Verificationof_Decoration_Display_Under_DecorationTab -->
  <system-out/>
  <testcase classname="Master.OrdersExecution2" name="AddingInstructions" time="0.000">
    <skipped/>
  </testcase> <!-- AddingInstructions -->
  <system-out/>
  <testcase classname="Master.OrdersExecution2" name="InstructionsViewing" time="0.000">
    <skipped/>
  </testcase> <!-- InstructionsViewing -->
  <system-out/>
  <testcase classname="Master.OrdersExecution2" name="Settings_SalesTaxConfig" time="0.000">
    <skipped/>
  </testcase> <!-- Settings_SalesTaxConfig -->
  <system-out/>
  <testcase classname="Master.OrdersExecution2" name="ManualSalesTaxCalculation" time="0.000">
    <skipped/>
  </testcase> <!-- ManualSalesTaxCalculation -->
  <system-out/>
  <testcase classname="Master.OrdersExecution2" name="Freight_ServicePopup_Display" time="0.000">
    <skipped/>
  </testcase> <!-- Freight_ServicePopup_Display -->
  <system-out/>
  <testcase classname="Master.OrdersExecution2" name="Freight_Title_Field_TextValidation" time="0.000">
    <skipped/>
  </testcase> <!-- Freight_Title_Field_TextValidation -->
  <system-out/>
  <testcase classname="Master.OrdersExecution2" name="Freight_TitleUpdate" time="0.000">
    <skipped/>
  </testcase> <!-- Freight_TitleUpdate -->
  <system-out/>
  <testcase classname="Master.OrdersExecution2" name="Services_VendorCompanyVerification" time="0.000">
    <skipped/>
  </testcase> <!-- Services_VendorCompanyVerification -->
  <system-out/>
  <testcase classname="Master.OrdersExecution2" name="Freight_Service_Add_TaxCalculation_Verification" time="0.000">
    <skipped/>
  </testcase> <!-- Freight_Service_Add_TaxCalculation_Verification -->
  <system-out/>
  <testcase classname="Master.OrdersExecution2" name="Settings_ShippingTaxConfig" time="0.000">
    <skipped/>
  </testcase> <!-- Settings_ShippingTaxConfig -->
  <system-out/>
  <testcase classname="Master.OrdersExecution2" name="Settings_ShippingTaxCalculationVerify" time="0.000">
    <skipped/>
  </testcase> <!-- Settings_ShippingTaxCalculationVerify -->
  <system-out/>
  <testcase classname="Master.OrdersExecution2" name="TaxCalculationWithServiceTypeCredit" time="0.000">
    <skipped/>
  </testcase> <!-- TaxCalculationWithServiceTypeCredit -->
  <system-out/>
  <testcase classname="Master.OrdersExecution2" name="MultiShippingAddress" time="0.000">
    <skipped/>
  </testcase> <!-- MultiShippingAddress -->
  <system-out/>
  <testcase classname="Master.OrdersExecution2" name="Zero_Quantity_Validation_MessageVerification" time="0.040">
    <skipped/>
  </testcase> <!-- Zero_Quantity_Validation_MessageVerification -->
  <system-out/>
  <testcase classname="Master.OrdersExecution2" name="SplitShipment_not_showingin_shippingtab" time="0.000">
    <skipped/>
  </testcase> <!-- SplitShipment_not_showingin_shippingtab -->
  <system-out/>
  <testcase classname="Master.OrdersExecution2" name="SplitShipment_Showing_inPricing_tab" time="0.000">
    <skipped/>
  </testcase> <!-- SplitShipment_Showing_inPricing_tab -->
  <system-out/>
  <testcase classname="Master.OrdersExecution2" name="SplitShipment_Showing_inDecoration_tab" time="0.000">
    <skipped/>
  </testcase> <!-- SplitShipment_Showing_inDecoration_tab -->
  <system-out/>
  <testcase classname="Master.OrdersExecution2" name="SplitShipment_Showingin_PurchaseOrder_tab" time="0.000">
    <skipped/>
  </testcase> <!-- SplitShipment_Showingin_PurchaseOrder_tab -->
  <system-out/>
  <testcase classname="Master.OrdersExecution2" name="TwoPOsCreation" time="0.000">
    <skipped/>
  </testcase> <!-- TwoPOsCreation -->
  <system-out/>
  <testcase classname="Master.OrdersExecution2" name="New_DestinationAddress_WithDifferentCompany" time="0.000">
    <skipped/>
  </testcase> <!-- New_DestinationAddress_WithDifferentCompany -->
  <system-out/>
  <testcase classname="Master.OrdersExecution2" name="BlindShip_WithConfirmation" time="0.000">
    <skipped/>
  </testcase> <!-- BlindShip_WithConfirmation -->
  <system-out/>
</testsuite> <!-- Master.OrdersExecution2 -->
